2025-01-21 23:11:37 [I] vt : vinetrimmer - Widevine DRM downloader and decrypter
2025-01-21 23:11:37 [I] vt : [Root Config]     : B:\decryption\PlayReady-Amazon-Tool-main\vinetrimmer\vinetrimmer.yml
2025-01-21 23:11:37 [I] vt : [Service Configs] : B:\decryption\PlayReady-Amazon-Tool-main\vinetrimmer\Services
2025-01-21 23:11:37 [I] vt : [Cookies]         : B:\decryption\PlayReady-Amazon-Tool-main\vinetrimmer\Cookies
2025-01-21 23:11:37 [I] vt : [CDM Devices]     : B:\decryption\PlayReady-Amazon-Tool-main\vinetrimmer\devices
2025-01-21 23:11:37 [I] vt : [Cache]           : B:\decryption\PlayReady-Amazon-Tool-main\vinetrimmer\Cache
2025-01-21 23:11:37 [I] vt : [Logs]            : B:\decryption\PlayReady-Amazon-Tool-main\vinetrimmer\Logs
2025-01-21 23:11:37 [I] vt : [Temp Files]      : B:\decryption\PlayReady-Amazon-Tool-main\Temp
2025-01-21 23:11:37 [I] vt : [Downloads]       : B:\decryption\PlayReady-Amazon-Tool-main\Downloads
2025-01-21 23:11:37 [I] dl :  + 1 Local Vault
2025-01-21 23:11:38 [I] dl :  + 0 Remote Vaults
2025-01-21 23:11:38 [I] dl :  + Loaded Device: Hisense SmartTV HU50A6100UW (L3000)
2025-01-21 23:11:38 [D] urllib3.connectionpool : Starting new HTTPS connection (1): tv.apple.com:443
2025-01-21 23:11:41 [D] urllib3.connectionpool : https://tv.apple.com:443 "GET / HTTP/1.1" 200 110380
2025-01-21 23:11:42 [I] ATVP : Retrieving Titles
2025-01-21 23:11:42 [D] urllib3.connectionpool : https://tv.apple.com:443 "GET /api/uts/v3/shows/umc.cmc.ve44y99fmo41lok4mx7azvfi?utsk=6e3013c6d6fae3c2%3A%3A%3A%3A%3A%3Ae08f7cfb96228836&caller=web&sf=143441&v=46&pfm=appletv&mfr=Apple&locale=en-US&l=en&brandId=tvs.sbd.4000&count=100&skip=0&svcId=tvs.vds.4105 HTTP/1.1" 200 4637
2025-01-21 23:11:42 [D] ATVP : {'countriesOfOrigin': [{'countryCode': 'US', 'displayName': 'United States'}], 'description': 'Fridays presented a hilariously twisted view of the early 80s to adventurous viewers on a weekly basis. Their outrageous characters left audiences laughing long into the wee hours of the night.', 'finaleDate': 388368000000, 'genres': [{'id': 'umc.gnr.tv.comedy', 'name': 'Comedy', 'type': 'Genre', 'url': 'https://tv.apple.com/us/genre/comedy/umc.gnr.tv.comedy'}], 'id': 'umc.cmc.ve44y99fmo41lok4mx7azvfi', 'images': {'contentImage': {'height': 1080, 'isP3': False, 'joeColor': 'b:rgb(40,19,45) p:rgb(238,182,186) s:rgb(216,159,175) t:rgb(199,149,158) q:rgb(181,131,149)', 'supportsLayeredImage': False, 'url': 'https://is1-ssl.mzstatic.com/image/thumb/2_aaJ9_8OZJImDdnp7BUXQ/{w}x{h}.{f}', 'width': 1920}, 'contentImageTall': {'height': 660, 'joeColor': 'b:rgb(2,32,53) p:rgb(223,210,68) s:rgb(188,204,110) t:rgb(179,174,65) q:rgb(151,169,99)', 'supportsLayeredImage': False, 'url': 'https://is1-ssl.mzstatic.com/image/thumb/m8DQkk1pZ9QEytU5_b7OVw/{w}x{h}.{f}', 'width': 660}, 'posterArt': {'height': 2160, 'isP3': False, 'joeColor': 'b:rgb(1,8,16) p:rgb(153,221,237) s:rgb(209,157,162) t:rgb(122,179,192) q:rgb(167,127,133)', 'supportsLayeredImage': False, 'url': 'https://is1-ssl.mzstatic.com/image/thumb/mvUVYJhx9W9eM0k4OngxDw/{w}x{h}.{f}', 'width': 3840}}, 'network': 'ABC', 'rating': {'displayName': 'TV-PG', 'name': 'TV_PG', 'system': 'us_tv', 'systemType': 'tv', 'value': 400}, 'releaseDate': 324259200000, 'rolesSummary': {'cast': ['Rich Hall', 'Brandis Kemp', 'Mark Blankfield']}, 'title': 'Fridays', 'type': 'Show', 'url': 'https://tv.apple.com/us/show/fridays/umc.cmc.ve44y99fmo41lok4mx7azvfi'}
2025-01-21 23:11:43 [D] urllib3.connectionpool : https://tv.apple.com:443 "GET /api/uts/v2/view/show/umc.cmc.ve44y99fmo41lok4mx7azvfi/episodes?utsk=6e3013c6d6fae3c2%3A%3A%3A%3A%3A%3Ae08f7cfb96228836&caller=web&sf=143441&v=46&pfm=appletv&mfr=Apple&locale=en-US&l=en&brandId=tvs.sbd.4000&count=100&skip=0&svcId=tvs.vds.4105 HTTP/1.1" 200 8347
2025-01-21 23:11:43 [I] Titles : Title: Fridays
2025-01-21 23:11:43 [I] Titles : Total Episodes: 39
2025-01-21 23:11:43 [I] Titles : By Season: 1 (20), 2 (11), 3 (8)
2025-01-21 23:11:43 [I] ATVP : Getting tracks for Fridays S01E01 - Fridays [umc.cmc.ve44y99fmo41lok4mx7azvfi]
2025-01-21 23:11:44 [D] urllib3.connectionpool : https://tv.apple.com:443 "GET /api/uts/v2/view/product/umc.cmc.4eylilfa2ggd5haaqeszlu6m8/personalized?utsk=6e3013c6d6fae3c2%3A%3A%3A%3A%3A%3Ae08f7cfb96228836&caller=web&sf=143441&v=46&pfm=appletv&mfr=Apple&locale=en-US&l=en&brandId=tvs.sbd.4000&count=100&skip=0&svcId=tvs.vds.4105 HTTP/1.1" 200 2499
2025-01-21 23:11:44 [D] ATVP : {'id': 'tvs.sbd.12962:amzn1.dv.gti.9ca9f6fd-8834-aa00-e335-695a100e5826:US', 'title': 'Episode 1', 'images': {'coverArt': {'width': 1600, 'height': 900, 'url': 'https://is1-ssl.mzstatic.com/image/thumb/owcUW6kd1WOYhbzBpzlVFw/{w}x{h}.{f}', 'joeColor': 'b:rgb(53,45,41) p:rgb(234,245,242) s:rgb(236,244,226) t:rgb(198,205,202) q:rgb(199,204,189)'}, 'coverArt16X9': {'width': 1600, 'height': 900, 'url': 'https://is1-ssl.mzstatic.com/image/thumb/owcUW6kd1WOYhbzBpzlVFw/{w}x{h}.{f}', 'joeColor': 'b:rgb(53,45,41) p:rgb(234,245,242) s:rgb(236,244,226) t:rgb(198,205,202) q:rgb(199,204,189)'}}, 'type': 'Vod', 'channelId': 'tvs.sbd.12962', 'isEntitled': False, 'isEntitledToPlayOnDevice': False, 'isEntitledToPlay': False, 'isConsented': False, 'contentId': 'umc.cmr.aus.ep.62duvmfxg3xc40g5n0sz37twg', 'canonicalId': 'umc.cmc.4eylilfa2ggd5haaqeszlu6m8', 'contentType': 'Episode', 'externalId': 'amzn1.dv.gti.9ca9f6fd-8834-aa00-e335-695a100e5826:US', 'isItunes': False, 'punchoutUrls': {'open': 'aiv://aiv/detail?gti=amzn1.dv.gti.9ca9f6fd-8834-aa00-e335-695a100e5826&territory=US&ref_=atv_dvm_liv_apl_us_bd_x_src_av', 'play': 'aiv://aiv/watch?gti=amzn1.dv.gti.9ca9f6fd-8834-aa00-e335-695a100e5826&territory=US&time=auto&ref_=atv_dvm_liv_apl_us_bd_x_src_av'}, 'releaseDate': 324259200000, 'duration': 2691, 'ratingValue': 400, 'ratingSystemType': 'tv', 'rating': {'name': 'TV_PG', 'value': 400, 'system': 'us_tv', 'systemType': 'tv', 'displayName': 'TV-PG'}, 'sdhLocales': [{'locale': 'en_US', 'displayName': 'English (United States)'}], 'videoQuality': 'HD', 'videoColorRange': 'SDR', 'entitlementReason': 'Unknown', 'isGeoRestricted': False, 'isMarkAsWatchedEnabled': True}
2025-01-21 23:11:44 [C] ATVP :  - User is not entitled to play this title
