2025-01-22 06:53:18 [I] vt : vinetrimmer - Widevine DRM downloader and decrypter
2025-01-22 06:53:18 [I] vt : [Root Config]     : B:\decryption\PlayReady-Amazon-Tool-main\vinetrimmer\vinetrimmer.yml
2025-01-22 06:53:18 [I] vt : [Service Configs] : B:\decryption\PlayReady-Amazon-Tool-main\vinetrimmer\Services
2025-01-22 06:53:18 [I] vt : [Cookies]         : B:\decryption\PlayReady-Amazon-Tool-main\vinetrimmer\Cookies
2025-01-22 06:53:18 [I] vt : [CDM Devices]     : B:\decryption\PlayReady-Amazon-Tool-main\vinetrimmer\devices
2025-01-22 06:53:18 [I] vt : [Cache]           : B:\decryption\PlayReady-Amazon-Tool-main\vinetrimmer\Cache
2025-01-22 06:53:18 [I] vt : [Logs]            : B:\decryption\PlayReady-Amazon-Tool-main\vinetrimmer\Logs
2025-01-22 06:53:18 [I] vt : [Temp Files]      : B:\decryption\PlayReady-Amazon-Tool-main\Temp
2025-01-22 06:53:18 [I] vt : [Downloads]       : B:\decryption\PlayReady-Amazon-Tool-main\Downloads
2025-01-22 06:53:18 [I] dl :  + 1 Local Vault
2025-01-22 06:53:18 [I] dl :  + 0 Remote Vaults
2025-01-22 06:53:18 [I] dl :  + Loaded Device: Hisense SmartTV HU50A6100UW (L3000)
2025-01-22 06:53:18 [I] ATVP :  - Setting Video codec to H265 to get UHD
2025-01-22 06:53:18 [D] urllib3.connectionpool : Starting new HTTPS connection (1): tv.apple.com:443
2025-01-22 06:53:22 [D] urllib3.connectionpool : https://tv.apple.com:443 "GET / HTTP/1.1" 200 None
2025-01-22 06:53:23 [I] ATVP : Retrieving Titles
2025-01-22 06:53:23 [D] urllib3.connectionpool : https://tv.apple.com:443 "GET /api/uts/v3/shows/umc.cmc.4luj45vtqpmjsvb6sc2675oeg?utsk=6e3013c6d6fae3c2%3A%3A%3A%3A%3A%3Ae08f7cfb96228836&caller=web&sf=143441&v=46&pfm=appletv&mfr=Apple&locale=en-US&l=en&brandId=tvs.sbd.4000&count=100&skip=0&svcId=tvs.vds.4105 HTTP/1.1" 200 4966
2025-01-22 06:53:23 [D] ATVP : {'backgroundVideo': {'assets': {'assetAdamId': '1733953386', 'fpsCertificateUrl': 'https://s.mzstatic.com/skdtool_2021_certbundle.bin', 'fpsKeyServerQueryParameters': {'adamId': '1733953386', 'isExternal': True, 'svcId': 'tvs.vds.4105'}, 'fpsKeyServerUrl': 'https://play-edge.itunes.apple.com/WebObjects/MZPlayLocal.woa/wa/fpsRequest', 'fpsNonceServerUrl': 'https://play.itunes.apple.com/WebObjects/MZPlay.woa/wa/checkInNonceRequest', 'hlsUrl': 'https://play-edge.itunes.apple.com/WebObjects/MZPlayLocal.woa/hls/subscription/playlist.m3u8?cc=US&svcId=tvs.vds.4105&a=1733953386&isExternal=true&brandId=tvs.sbd.4000&id=873541774&l=en-US&aec=UHD', 'programId': '873541774'}, 'duration': 158, 'id': 'umc.cmr.atvp.ex.4pzeq11bv4cttz237npku1az8', 'images': {'contentImage': {'height': 2160, 'isP3': False, 'joeColor': 'b:rgb(9,16,11) p:rgb(238,219,197) s:rgb(239,196,170) t:rgb(192,178,160) q:rgb(193,160,138)', 'supportsLayeredImage': False, 'url': 'https://is1-ssl.mzstatic.com/image/thumb/cjsQOHfaUT9qrR5D09F0WA/{w}x{h}.{f}', 'width': 3840}}, 'mediaMetrics': {'MediaIdentifier': 'a=1733953386:p=873541774:s=tvs.vds.4105:cid=umc.cmc.r1kkm2aztl3iean5hz7vwd1m:rid=umc.cmr.atvp.ex.4pzeq11bv4cttz237npku1az8:e=trailer', 'iTunesServiceMonitoringKey': True}, 'title': 'Duality: Season 1'}, 'commonSenseMedia': {'contentInfo': [{'label': 'Positive Messages', 'rating': 2}, {'label': 'Positive Role Models', 'rating': 2}, {'label': 'Violence', 'rating': 2}, {'label': 'Sex', 'rating': 2}, {'label': 'Language', 'rating': 2}, {'label': 'Consumerism', 'rating': 1}, {'label': 'Drinking, Drugs & Smoking', 'rating': 3}], 'oneLiner': 'Moody, sometimes violent sci-fi about alternate realities.', 'recommendedAge': 14}, 'countriesOfOrigin': [{'countryCode': 'US', 'displayName': 'United States'}], 'description': 'In this mind-bending thriller, Jason Dessen is abducted into an alternate version of his own life. To get back to his real family, Dessen embarks on a journey to save them from the biggest foe imaginable: himself. Based on Blake Crouch’s bestseller.', 'genres': [{'id': 'umc.gnr.tv.scifi', 'name': 'Sci-Fi', 'type': 'Genre', 'url': 'https://tv.apple.com/us/genre/sci-fi/umc.gnr.tv.scifi'}], 'id': 'umc.cmc.4luj45vtqpmjsvb6sc2675oeg', 'images': {'contentImage': {'height': 3240, 'isP3': False, 'joeColor': 'b:rgb(17,26,33) p:rgb(194,215,228) s:rgb(151,189,212) t:rgb(158,177,188) q:rgb(124,156,176)', 'supportsLayeredImage': False, 'url': 'https://is1-ssl.mzstatic.com/image/thumb/J6ATWq1lIVhyiZq6yNoIeQ/{w}x{h}ta.{f}', 'width': 4320}, 'contentImageTall': {'height': 3636, 'joeColor': 'b:rgb(10,24,31) p:rgb(195,213,222) s:rgb(218,141,65) t:rgb(158,175,183) q:rgb(176,118,58)', 'supportsLayeredImage': False, 'url': 'https://is1-ssl.mzstatic.com/image/thumb/4itXw09Baem3LAGdVUMXHQ/{w}x{h}tc.{f}', 'width': 1680}, 'contentLogo': {'height': 1520, 'isP3': False, 'joeColor': 'b:rgb(255,255,255) p:rgb(12,12,12) s:rgb(25,25,25) t:rgb(61,61,61) q:rgb(71,71,71)', 'supportsLayeredImage': False, 'url': 'https://is1-ssl.mzstatic.com/image/thumb/BKquLxKaqfyCLWoqq2hZTw/{w}x{h}.{f}', 'width': 3872}, 'posterArt': {'height': 2160, 'isP3': False, 'joeColor': 'b:rgb(25,29,34) p:rgb(185,209,212) s:rgb(162,195,206) t:rgb(153,173,176) q:rgb(135,161,171)', 'supportsLayeredImage': True, 'url': 'https://is1-ssl.mzstatic.com/image/thumb/XRVC0LFY33UhYRJc3uusMA/{w}x{h}.{f}', 'width': 3840}}, 'isAppleOriginal': True, 'originalSpokenLanguages': [{'displayName': 'English', 'locale': 'en'}], 'rating': {'displayName': 'TV-MA', 'name': 'TV_MA', 'system': 'us_tv', 'systemType': 'tv', 'value': 600}, 'releaseDate': 1715126400000, 'rolesSummary': {'cast': ['Joel Edgerton', 'Jennifer Connelly', 'Alice Braga']}, 'title': 'Dark Matter', 'type': 'Show', 'url': 'https://tv.apple.com/us/show/dark-matter/umc.cmc.4luj45vtqpmjsvb6sc2675oeg'}
2025-01-22 06:53:24 [D] urllib3.connectionpool : https://tv.apple.com:443 "GET /api/uts/v2/view/show/umc.cmc.4luj45vtqpmjsvb6sc2675oeg/episodes?utsk=6e3013c6d6fae3c2%3A%3A%3A%3A%3A%3Ae08f7cfb96228836&caller=web&sf=143441&v=46&pfm=appletv&mfr=Apple&locale=en-US&l=en&brandId=tvs.sbd.4000&count=100&skip=0&svcId=tvs.vds.4105 HTTP/1.1" 200 2567
2025-01-22 06:53:24 [I] Titles : Title: Dark Matter
2025-01-22 06:53:24 [I] Titles : Total Episodes: 9
2025-01-22 06:53:24 [I] Titles : By Season: 1 (9)
2025-01-22 06:53:24 [I] ATVP : Getting tracks for Dark Matter S01E01 - Are You Happy in Your Life? [umc.cmc.4luj45vtqpmjsvb6sc2675oeg]
2025-01-22 06:53:25 [D] urllib3.connectionpool : https://tv.apple.com:443 "GET /api/uts/v2/view/product/umc.cmc.59p6kv4nynpisd1gl300a7810/personalized?utsk=6e3013c6d6fae3c2%3A%3A%3A%3A%3A%3Ae08f7cfb96228836&caller=web&sf=143441&v=46&pfm=appletv&mfr=Apple&locale=en-US&l=en&brandId=tvs.sbd.4000&count=100&skip=0&svcId=tvs.vds.4105 HTTP/1.1" 200 2197
2025-01-22 06:53:25 [D] ATVP : {'svcId': 'tvs.vds.4105', 'isExternal': True, 'adamId': '1727880953'}
2025-01-22 06:53:25 [D] ATVP : https://play-edge.itunes.apple.com/WebObjects/MZPlayLocal.woa/hls/subscription/playlist.m3u8?cc=US&svcId=tvs.vds.4105&a=1727880953&isExternal=true&brandId=tvs.sbd.4000&id=888788216&l=en-US&aec=UHD
2025-01-22 06:53:25 [D] urllib3.connectionpool : Starting new HTTPS connection (1): play-edge.itunes.apple.com:443
2025-01-22 06:53:26 [D] urllib3.connectionpool : https://play-edge.itunes.apple.com:443 "GET /WebObjects/MZPlayLocal.woa/hls/subscription/playlist.m3u8?cc=US&svcId=tvs.vds.4105&a=1727880953&isExternal=true&brandId=tvs.sbd.4000&id=888788216&l=en-US&aec=UHD HTTP/1.1" 200 29419
2025-01-22 06:53:26 [D] charset_normalizer : Encoding detection: utf_8 is most likely the one.
2025-01-22 06:53:26 [I] ATVP : > Selected Tracks:
2025-01-22 06:53:26 [I] Tracks : 1 Video Track:
2025-01-22 06:53:26 [I] Tracks : ├─ VID | [H.265, DV] | 3840x1920 @ 25116 kb/s, 23.976 FPS
2025-01-22 06:53:26 [I] Tracks : 1 Audio Track:
2025-01-22 06:53:26 [I] Tracks : ├─ AUD | [E-AC3] | [atmos, atmos] | 16/JOC | 768 kb/s | en | [Original]
2025-01-22 06:53:26 [I] Tracks : 1 Text Track:
2025-01-22 06:53:26 [I] Tracks : ├─ SUB | [VTT] | en | [Original]
2025-01-22 06:53:26 [D] urllib3.connectionpool : Starting new HTTPS connection (1): play-edge.itunes.apple.com:443
2025-01-22 06:53:28 [D] urllib3.connectionpool : https://play-edge.itunes.apple.com:443 "GET /WebObjects/MZPlayLocal.woa/hls/subscription/stream/playlist.m3u8?cc=US&g=798&cdn=vod-ak-aoc.tv.apple.com&mainAssetAdamId=1727880953&a=1727880953+1735147732+1735147731+1735147814+1735147819+1735147813+1735147723+1735147760&p=888788216+835330154+835339809+835339139+835342723+835329209+835341155+835335432&st=4024199272+3734169972+3734290515+3734282540+3734324314+3734162908+3734310722+3734233714 HTTP/1.1" 200 8378
2025-01-22 06:53:28 [D] charset_normalizer : Encoding detection: ascii is most likely the one.
2025-01-22 06:53:28 [I] ATVP :  + PSSH: vgEAAAEAAQC0ATwAVwBSAE0ASABFAEEARABFAFIAIAB4AG0AbABuAHMAPQAiAGgAdAB0AHAAOgAvAC8AcwBjAGgAZQBtAGEAcwAuAG0AaQBjAHIAbwBzAG8AZgB0AC4AYwBvAG0ALwBEAFIATQAvADIAMAAwADcALwAwADMALwBQAGwAYQB5AFIAZQBhAGQAeQBIAGUAYQBkAGUAcgAiACAAdgBlAHIAcwBpAG8AbgA9ACIANAAuADMALgAwAC4AMAAiAD4APABEAEEAVABBAD4APABQAFIATwBUAEUAQwBUAEkATgBGAE8APgA8AEsASQBEAFMAPgA8AEsASQBEACAAQQBMAEcASQBEAD0AIgBBAEUAUwBDAEIAQwAiACAAVgBBAEwAVQBFAD0AIgBBAEEAQQBBAEEAUABrADAAKwBOAFIAagBOAFMAQQBnAEkAQwBBAGcASQBBAD0APQAiAD4APAAvAEsASQBEAD4APAAvAEsASQBEAFMAPgA8AC8AUABSAE8AVABFAEMAVABJAE4ARgBPAD4APAAvAEQAQQBUAEEAPgA8AC8AVwBSAE0ASABFAEEARABFAFIAPgA=
2025-01-22 06:53:28 [I] ATVP :  + KID: 0000000034f9d4f86335202020202020
2025-01-22 06:53:28 [I] ATVP : Decrypting...
2025-01-22 06:53:28 [I] ATVP : CDM Session ID - 16863bfdf1699070facc4dc40b16a6d9
2025-01-22 06:53:28 [D] urllib3.connectionpool : Starting new HTTPS connection (1): play.itunes.apple.com:443
2025-01-22 06:53:29 [D] urllib3.connectionpool : https://play.itunes.apple.com:443 "POST /WebObjects/MZPlay.woa/wa/fpsRequest?utsk=6e3013c6d6fae3c2%3A%3A%3A%3A%3A%3Ae08f7cfb96228836&caller=web&sf=143441&v=46&pfm=appletv&mfr=Apple&locale=en-US&l=en&brandId=tvs.sbd.4000&count=100&skip=0&svcId=tvs.vds.4105 HTTP/1.1" 200 1166
2025-01-22 06:53:29 [I] ATVP :  + Obtained content keys from the CDM
2025-01-22 06:53:29 [I] ATVP :  + 0000000034f9d4f86335202020202020:db000031445a4a77823e6f586d609587
2025-01-22 06:53:29 [I] ATVP : Caching to Local (LOCAL) vault
2025-01-22 06:53:30 [I] ATVP :  + Cached 1/1 keys
2025-01-22 06:53:30 [I] ATVP :  + KEY: db000031445a4a77823e6f586d609587 (From CDM)
2025-01-22 06:53:30 [D] urllib3.connectionpool : https://play-edge.itunes.apple.com:443 "GET /WebObjects/MZPlayLocal.woa/hls/subscription/stream/playlist.m3u8?cc=US&g=2768&cdn=vod-ak-aoc.tv.apple.com&mainAssetAdamId=1727880953&a=1727880953+1735147732+1735147731+1735147814+1735147819+1735147813+1735147723+1735147760&p=888788216+835330154+835339809+835339139+835342723+835329209+835341155+835335432&st=4024197034+3734170034+3734290709+3734282669+3734324435+3734163009+3734311129+3734233760 HTTP/1.1" 200 2895
2025-01-22 06:53:30 [D] charset_normalizer : Encoding detection: ascii is most likely the one.
2025-01-22 06:53:30 [I] ATVP :  + PSSH: vgEAAAEAAQC0ATwAVwBSAE0ASABFAEEARABFAFIAIAB4AG0AbABuAHMAPQAiAGgAdAB0AHAAOgAvAC8AcwBjAGgAZQBtAGEAcwAuAG0AaQBjAHIAbwBzAG8AZgB0AC4AYwBvAG0ALwBEAFIATQAvADIAMAAwADcALwAwADMALwBQAGwAYQB5AFIAZQBhAGQAeQBIAGUAYQBkAGUAcgAiACAAdgBlAHIAcwBpAG8AbgA9ACIANAAuADMALgAwAC4AMAAiAD4APABEAEEAVABBAD4APABQAFIATwBUAEUAQwBUAEkATgBGAE8APgA8AEsASQBEAFMAPgA8AEsASQBEACAAQQBMAEcASQBEAD0AIgBBAEUAUwBDAEIAQwAiACAAVgBBAEwAVQBFAD0AIgBBAEEAQQBBAEEAUABrADAAKwBOAFIAagBOAGkAQQBnAEkAQwBBAGcASQBBAD0APQAiAD4APAAvAEsASQBEAD4APAAvAEsASQBEAFMAPgA8AC8AUABSAE8AVABFAEMAVABJAE4ARgBPAD4APAAvAEQAQQBUAEEAPgA8AC8AVwBSAE0ASABFAEEARABFAFIAPgA=
2025-01-22 06:53:30 [I] ATVP :  + KID: 0000000034f9d4f86336202020202020
2025-01-22 06:53:30 [I] ATVP : Decrypting...
2025-01-22 06:53:30 [I] ATVP :  + KEY: 00fb974589411dfe70d74858cb35bf19 (From Local LOCAL Key Vault)
2025-01-22 06:53:30 [I] ATVP : Getting tracks for Dark Matter S01E02 - Trip of a Lifetime [umc.cmc.4luj45vtqpmjsvb6sc2675oeg]
2025-01-22 06:53:31 [D] urllib3.connectionpool : https://tv.apple.com:443 "GET /api/uts/v2/view/product/umc.cmc.60bjhw47qtbp8gj5xa4cgfby3/personalized?utsk=6e3013c6d6fae3c2%3A%3A%3A%3A%3A%3Ae08f7cfb96228836&caller=web&sf=143441&v=46&pfm=appletv&mfr=Apple&locale=en-US&l=en&brandId=tvs.sbd.4000&count=100&skip=0&svcId=tvs.vds.4105 HTTP/1.1" 200 2181
2025-01-22 06:53:31 [D] ATVP : {'svcId': 'tvs.vds.4105', 'isExternal': True, 'adamId': '1734971015'}
2025-01-22 06:53:31 [D] ATVP : https://play-edge.itunes.apple.com/WebObjects/MZPlayLocal.woa/hls/subscription/playlist.m3u8?cc=US&svcId=tvs.vds.4105&a=1734971015&isExternal=true&brandId=tvs.sbd.4000&id=888801453&l=en-US&aec=UHD
2025-01-22 06:53:31 [D] urllib3.connectionpool : Starting new HTTPS connection (1): play-edge.itunes.apple.com:443
2025-01-22 06:53:31 [D] urllib3.connectionpool : https://play-edge.itunes.apple.com:443 "GET /WebObjects/MZPlayLocal.woa/hls/subscription/playlist.m3u8?cc=US&svcId=tvs.vds.4105&a=1734971015&isExternal=true&brandId=tvs.sbd.4000&id=888801453&l=en-US&aec=UHD HTTP/1.1" 200 31767
2025-01-22 06:53:32 [D] charset_normalizer : Encoding detection: utf_8 is most likely the one.
2025-01-22 06:53:32 [I] ATVP : > Selected Tracks:
2025-01-22 06:53:32 [I] Tracks : 1 Video Track:
2025-01-22 06:53:32 [I] Tracks : ├─ VID | [H.265, DV] | 3840x1920 @ 25257 kb/s, 23.976 FPS
2025-01-22 06:53:32 [I] Tracks : 1 Audio Track:
2025-01-22 06:53:32 [I] Tracks : ├─ AUD | [E-AC3] | [atmos, atmos] | 16/JOC | 768 kb/s | en | [Original]
2025-01-22 06:53:32 [I] Tracks : 1 Text Track:
2025-01-22 06:53:32 [I] Tracks : ├─ SUB | [VTT] | en | [Original]
2025-01-22 06:53:32 [D] urllib3.connectionpool : https://play-edge.itunes.apple.com:443 "GET /WebObjects/MZPlayLocal.woa/hls/subscription/stream/playlist.m3u8?cc=US&g=798&cdn=vod-ak-aoc.tv.apple.com&mainAssetAdamId=1734971015&a=1733119921+1734971015+1735160768+1735024496+1735024552+1735160764+1735160902+1735024319+1735024522+1739668018&p=846519040+888801453+835352417+834492197+834504233+835351250+835361407+834492847+834496953+854399678&st=3796043300+4024323878+3734404631+3728427152+3728507495+3734396912+3734488821+3728429922+3728457851+3838788672 HTTP/1.1" 200 9946
2025-01-22 06:53:32 [D] charset_normalizer : Encoding detection: ascii is most likely the one.
2025-01-22 06:53:32 [I] ATVP :  + PSSH: vgEAAAEAAQC0ATwAVwBSAE0ASABFAEEARABFAFIAIAB4AG0AbABuAHMAPQAiAGgAdAB0AHAAOgAvAC8AcwBjAGgAZQBtAGEAcwAuAG0AaQBjAHIAbwBzAG8AZgB0AC4AYwBvAG0ALwBEAFIATQAvADIAMAAwADcALwAwADMALwBQAGwAYQB5AFIAZQBhAGQAeQBIAGUAYQBkAGUAcgAiACAAdgBlAHIAcwBpAG8AbgA9ACIANAAuADMALgAwAC4AMAAiAD4APABEAEEAVABBAD4APABQAFIATwBUAEUAQwBUAEkATgBGAE8APgA8AEsASQBEAFMAPgA8AEsASQBEACAAQQBMAEcASQBEAD0AIgBBAEUAUwBDAEIAQwAiACAAVgBBAEwAVQBFAD0AIgBBAEEAQQBBAEEAUABvADAAcgBRAGgAagBOAFMAQQBnAEkAQwBBAGcASQBBAD0APQAiAD4APAAvAEsASQBEAD4APAAvAEsASQBEAFMAPgA8AC8AUABSAE8AVABFAEMAVABJAE4ARgBPAD4APAAvAEQAQQBUAEEAPgA8AC8AVwBSAE0ASABFAEEARABFAFIAPgA=
2025-01-22 06:53:32 [I] ATVP :  + KID: 0000000034fa08ad6335202020202020
2025-01-22 06:53:32 [I] ATVP : Decrypting...
2025-01-22 06:53:32 [I] ATVP : CDM Session ID - 1eafbcb99acb23f092862b5cdf3dd6ea
2025-01-22 06:53:33 [D] urllib3.connectionpool : https://play.itunes.apple.com:443 "POST /WebObjects/MZPlay.woa/wa/fpsRequest?utsk=6e3013c6d6fae3c2%3A%3A%3A%3A%3A%3Ae08f7cfb96228836&caller=web&sf=143441&v=46&pfm=appletv&mfr=Apple&locale=en-US&l=en&brandId=tvs.sbd.4000&count=100&skip=0&svcId=tvs.vds.4105 HTTP/1.1" 200 1166
2025-01-22 06:53:33 [I] ATVP :  + Obtained content keys from the CDM
2025-01-22 06:53:33 [I] ATVP :  + 0000000034fa08ad6335202020202020:7b2e013a2773cb8e81b6487a42ffd207
2025-01-22 06:53:33 [I] ATVP : Caching to Local (LOCAL) vault
2025-01-22 06:53:33 [I] ATVP :  + Cached 1/1 keys
2025-01-22 06:53:33 [I] ATVP :  + KEY: 7b2e013a2773cb8e81b6487a42ffd207 (From CDM)
2025-01-22 06:53:34 [D] urllib3.connectionpool : https://play-edge.itunes.apple.com:443 "GET /WebObjects/MZPlayLocal.woa/hls/subscription/stream/playlist.m3u8?cc=US&g=2768&cdn=vod-ak-aoc.tv.apple.com&mainAssetAdamId=1734971015&a=1733119921+1734971015+1735160768+1735024496+1735024552+1735160764+1735160902+1735024319+1735024522+1739668018&p=846519040+888801453+835352417+834492197+834504233+835351250+835361407+834492847+834496953+854399678&st=3796043177+4024323418+3734405108+3728427476+3728508031+3734397162+3734489825+3728430488+3728458001+3838788692 HTTP/1.1" 200 3479
2025-01-22 06:53:34 [D] charset_normalizer : Encoding detection: ascii is most likely the one.
2025-01-22 06:53:34 [I] ATVP :  + PSSH: vgEAAAEAAQC0ATwAVwBSAE0ASABFAEEARABFAFIAIAB4AG0AbABuAHMAPQAiAGgAdAB0AHAAOgAvAC8AcwBjAGgAZQBtAGEAcwAuAG0AaQBjAHIAbwBzAG8AZgB0AC4AYwBvAG0ALwBEAFIATQAvADIAMAAwADcALwAwADMALwBQAGwAYQB5AFIAZQBhAGQAeQBIAGUAYQBkAGUAcgAiACAAdgBlAHIAcwBpAG8AbgA9ACIANAAuADMALgAwAC4AMAAiAD4APABEAEEAVABBAD4APABQAFIATwBUAEUAQwBUAEkATgBGAE8APgA8AEsASQBEAFMAPgA8AEsASQBEACAAQQBMAEcASQBEAD0AIgBBAEUAUwBDAEIAQwAiACAAVgBBAEwAVQBFAD0AIgBBAEEAQQBBAEEAUABvADAAcgBRAGgAagBOAGkAQQBnAEkAQwBBAGcASQBBAD0APQAiAD4APAAvAEsASQBEAD4APAAvAEsASQBEAFMAPgA8AC8AUABSAE8AVABFAEMAVABJAE4ARgBPAD4APAAvAEQAQQBUAEEAPgA8AC8AVwBSAE0ASABFAEEARABFAFIAPgA=
2025-01-22 06:53:34 [I] ATVP :  + KID: 0000000034fa08ad6336202020202020
2025-01-22 06:53:34 [I] ATVP : Decrypting...
2025-01-22 06:53:34 [I] ATVP :  + KEY: c5ed332031f2249a5c38c01975f8b8d3 (From Local LOCAL Key Vault)
2025-01-22 06:53:34 [I] ATVP : Getting tracks for Dark Matter S01E03 - The Box [umc.cmc.4luj45vtqpmjsvb6sc2675oeg]
2025-01-22 06:53:34 [D] urllib3.connectionpool : https://tv.apple.com:443 "GET /api/uts/v2/view/product/umc.cmc.6j55iouqbmzi3kz6vmgg0dt09/personalized?utsk=6e3013c6d6fae3c2%3A%3A%3A%3A%3A%3Ae08f7cfb96228836&caller=web&sf=143441&v=46&pfm=appletv&mfr=Apple&locale=en-US&l=en&brandId=tvs.sbd.4000&count=100&skip=0&svcId=tvs.vds.4105 HTTP/1.1" 429 0
2025-01-22 06:53:34 [D] urllib3.util.retry : Incremented Retry for (url='/api/uts/v2/view/product/umc.cmc.6j55iouqbmzi3kz6vmgg0dt09/personalized?utsk=6e3013c6d6fae3c2%3A%3A%3A%3A%3A%3Ae08f7cfb96228836&caller=web&sf=143441&v=46&pfm=appletv&mfr=Apple&locale=en-US&l=en&brandId=tvs.sbd.4000&count=100&skip=0&svcId=tvs.vds.4105'): Retry(total=4, connect=None, read=None, redirect=None, status=None)
2025-01-22 06:53:34 [D] urllib3.connectionpool : Retry: /api/uts/v2/view/product/umc.cmc.6j55iouqbmzi3kz6vmgg0dt09/personalized?utsk=6e3013c6d6fae3c2%3A%3A%3A%3A%3A%3Ae08f7cfb96228836&caller=web&sf=143441&v=46&pfm=appletv&mfr=Apple&locale=en-US&l=en&brandId=tvs.sbd.4000&count=100&skip=0&svcId=tvs.vds.4105
2025-01-22 06:53:35 [D] urllib3.connectionpool : https://tv.apple.com:443 "GET /api/uts/v2/view/product/umc.cmc.6j55iouqbmzi3kz6vmgg0dt09/personalized?utsk=6e3013c6d6fae3c2%3A%3A%3A%3A%3A%3Ae08f7cfb96228836&caller=web&sf=143441&v=46&pfm=appletv&mfr=Apple&locale=en-US&l=en&brandId=tvs.sbd.4000&count=100&skip=0&svcId=tvs.vds.4105 HTTP/1.1" 429 0
2025-01-22 06:53:35 [D] urllib3.util.retry : Incremented Retry for (url='/api/uts/v2/view/product/umc.cmc.6j55iouqbmzi3kz6vmgg0dt09/personalized?utsk=6e3013c6d6fae3c2%3A%3A%3A%3A%3A%3Ae08f7cfb96228836&caller=web&sf=143441&v=46&pfm=appletv&mfr=Apple&locale=en-US&l=en&brandId=tvs.sbd.4000&count=100&skip=0&svcId=tvs.vds.4105'): Retry(total=3, connect=None, read=None, redirect=None, status=None)
2025-01-22 06:53:37 [D] urllib3.connectionpool : Retry: /api/uts/v2/view/product/umc.cmc.6j55iouqbmzi3kz6vmgg0dt09/personalized?utsk=6e3013c6d6fae3c2%3A%3A%3A%3A%3A%3Ae08f7cfb96228836&caller=web&sf=143441&v=46&pfm=appletv&mfr=Apple&locale=en-US&l=en&brandId=tvs.sbd.4000&count=100&skip=0&svcId=tvs.vds.4105
2025-01-22 06:53:37 [D] urllib3.connectionpool : https://tv.apple.com:443 "GET /api/uts/v2/view/product/umc.cmc.6j55iouqbmzi3kz6vmgg0dt09/personalized?utsk=6e3013c6d6fae3c2%3A%3A%3A%3A%3A%3Ae08f7cfb96228836&caller=web&sf=143441&v=46&pfm=appletv&mfr=Apple&locale=en-US&l=en&brandId=tvs.sbd.4000&count=100&skip=0&svcId=tvs.vds.4105 HTTP/1.1" 429 0
2025-01-22 06:53:37 [D] urllib3.util.retry : Incremented Retry for (url='/api/uts/v2/view/product/umc.cmc.6j55iouqbmzi3kz6vmgg0dt09/personalized?utsk=6e3013c6d6fae3c2%3A%3A%3A%3A%3A%3Ae08f7cfb96228836&caller=web&sf=143441&v=46&pfm=appletv&mfr=Apple&locale=en-US&l=en&brandId=tvs.sbd.4000&count=100&skip=0&svcId=tvs.vds.4105'): Retry(total=2, connect=None, read=None, redirect=None, status=None)
2025-01-22 06:53:41 [D] urllib3.connectionpool : Retry: /api/uts/v2/view/product/umc.cmc.6j55iouqbmzi3kz6vmgg0dt09/personalized?utsk=6e3013c6d6fae3c2%3A%3A%3A%3A%3A%3Ae08f7cfb96228836&caller=web&sf=143441&v=46&pfm=appletv&mfr=Apple&locale=en-US&l=en&brandId=tvs.sbd.4000&count=100&skip=0&svcId=tvs.vds.4105
2025-01-22 06:53:41 [D] urllib3.connectionpool : https://tv.apple.com:443 "GET /api/uts/v2/view/product/umc.cmc.6j55iouqbmzi3kz6vmgg0dt09/personalized?utsk=6e3013c6d6fae3c2%3A%3A%3A%3A%3A%3Ae08f7cfb96228836&caller=web&sf=143441&v=46&pfm=appletv&mfr=Apple&locale=en-US&l=en&brandId=tvs.sbd.4000&count=100&skip=0&svcId=tvs.vds.4105 HTTP/1.1" 429 0
2025-01-22 06:53:41 [D] urllib3.util.retry : Incremented Retry for (url='/api/uts/v2/view/product/umc.cmc.6j55iouqbmzi3kz6vmgg0dt09/personalized?utsk=6e3013c6d6fae3c2%3A%3A%3A%3A%3A%3Ae08f7cfb96228836&caller=web&sf=143441&v=46&pfm=appletv&mfr=Apple&locale=en-US&l=en&brandId=tvs.sbd.4000&count=100&skip=0&svcId=tvs.vds.4105'): Retry(total=1, connect=None, read=None, redirect=None, status=None)
2025-01-22 06:53:49 [D] urllib3.connectionpool : Retry: /api/uts/v2/view/product/umc.cmc.6j55iouqbmzi3kz6vmgg0dt09/personalized?utsk=6e3013c6d6fae3c2%3A%3A%3A%3A%3A%3Ae08f7cfb96228836&caller=web&sf=143441&v=46&pfm=appletv&mfr=Apple&locale=en-US&l=en&brandId=tvs.sbd.4000&count=100&skip=0&svcId=tvs.vds.4105
2025-01-22 06:53:50 [D] urllib3.connectionpool : https://tv.apple.com:443 "GET /api/uts/v2/view/product/umc.cmc.6j55iouqbmzi3kz6vmgg0dt09/personalized?utsk=6e3013c6d6fae3c2%3A%3A%3A%3A%3A%3Ae08f7cfb96228836&caller=web&sf=143441&v=46&pfm=appletv&mfr=Apple&locale=en-US&l=en&brandId=tvs.sbd.4000&count=100&skip=0&svcId=tvs.vds.4105 HTTP/1.1" 429 0
2025-01-22 06:53:50 [D] urllib3.util.retry : Incremented Retry for (url='/api/uts/v2/view/product/umc.cmc.6j55iouqbmzi3kz6vmgg0dt09/personalized?utsk=6e3013c6d6fae3c2%3A%3A%3A%3A%3A%3Ae08f7cfb96228836&caller=web&sf=143441&v=46&pfm=appletv&mfr=Apple&locale=en-US&l=en&brandId=tvs.sbd.4000&count=100&skip=0&svcId=tvs.vds.4105'): Retry(total=0, connect=None, read=None, redirect=None, status=None)
2025-01-22 06:54:06 [D] urllib3.connectionpool : Retry: /api/uts/v2/view/product/umc.cmc.6j55iouqbmzi3kz6vmgg0dt09/personalized?utsk=6e3013c6d6fae3c2%3A%3A%3A%3A%3A%3Ae08f7cfb96228836&caller=web&sf=143441&v=46&pfm=appletv&mfr=Apple&locale=en-US&l=en&brandId=tvs.sbd.4000&count=100&skip=0&svcId=tvs.vds.4105
2025-01-22 06:54:06 [D] urllib3.connectionpool : https://tv.apple.com:443 "GET /api/uts/v2/view/product/umc.cmc.6j55iouqbmzi3kz6vmgg0dt09/personalized?utsk=6e3013c6d6fae3c2%3A%3A%3A%3A%3A%3Ae08f7cfb96228836&caller=web&sf=143441&v=46&pfm=appletv&mfr=Apple&locale=en-US&l=en&brandId=tvs.sbd.4000&count=100&skip=0&svcId=tvs.vds.4105 HTTP/1.1" 429 0
