2025-01-23 07:50:59 [I] vt : vinetrimmer - Widevine DRM downloader and decrypter
2025-01-23 07:50:59 [I] vt : [Root Config]     : B:\decryption\PlayReady-Amazon-Tool-main\vinetrimmer\vinetrimmer.yml
2025-01-23 07:50:59 [I] vt : [Service Configs] : B:\decryption\PlayReady-Amazon-Tool-main\vinetrimmer\Services
2025-01-23 07:50:59 [I] vt : [Cookies]         : B:\decryption\PlayReady-Amazon-Tool-main\vinetrimmer\Cookies
2025-01-23 07:50:59 [I] vt : [CDM Devices]     : B:\decryption\PlayReady-Amazon-Tool-main\vinetrimmer\devices
2025-01-23 07:50:59 [I] vt : [Cache]           : B:\decryption\PlayReady-Amazon-Tool-main\vinetrimmer\Cache
2025-01-23 07:50:59 [I] vt : [Logs]            : B:\decryption\PlayReady-Amazon-Tool-main\vinetrimmer\Logs
2025-01-23 07:50:59 [I] vt : [Temp Files]      : B:\decryption\PlayReady-Amazon-Tool-main\Temp
2025-01-23 07:50:59 [I] vt : [Downloads]       : B:\decryption\PlayReady-Amazon-Tool-main\Downloads
2025-01-23 07:50:59 [I] dl :  + 1 Local Vault
2025-01-23 07:50:59 [I] dl :  + 0 Remote Vaults
2025-01-23 07:51:00 [I] dl :  + Loaded Device: Hisense SmartTV HU50A6100UW (L3000)
2025-01-23 07:51:00 [I] ATVP :  - Setting Video codec to H265 to get UHD
2025-01-23 07:51:00 [D] urllib3.connectionpool : Starting new HTTPS connection (1): tv.apple.com:443
2025-01-23 07:51:03 [D] urllib3.connectionpool : https://tv.apple.com:443 "GET / HTTP/1.1" 200 None
2025-01-23 07:51:03 [I] ATVP : Retrieving Titles
2025-01-23 07:51:04 [D] urllib3.connectionpool : https://tv.apple.com:443 "GET /api/uts/v3/shows/umc.cmc.1ivowfwigmx4dmfii3xekmoaq?utsk=6e3013c6d6fae3c2%3A%3A%3A%3A%3A%3Ae08f7cfb96228836&caller=web&sf=143441&v=46&pfm=appletv&mfr=Apple&locale=en-US&l=en&brandId=tvs.sbd.4000&count=100&skip=0&svcId=tvs.vds.4105 HTTP/1.1" 404 114
2025-01-23 07:51:04 [D] urllib3.connectionpool : Starting new HTTPS connection (2): tv.apple.com:443
2025-01-23 07:51:05 [D] urllib3.connectionpool : https://tv.apple.com:443 "GET /api/uts/v3/movies/umc.cmc.1ivowfwigmx4dmfii3xekmoaq?utsk=6e3013c6d6fae3c2%3A%3A%3A%3A%3A%3Ae08f7cfb96228836&caller=web&sf=143441&v=46&pfm=appletv&mfr=Apple&locale=en-US&l=en&brandId=tvs.sbd.4000&count=100&skip=0&svcId=tvs.vds.4105 HTTP/1.1" 200 4735
2025-01-23 07:51:05 [D] ATVP : {'backgroundVideo': {'assets': {'assetAdamId': '1763010844', 'fpsCertificateUrl': 'https://s.mzstatic.com/skdtool_2021_certbundle.bin', 'fpsKeyServerQueryParameters': {'adamId': '1763010844', 'isExternal': True, 'svcId': 'tvs.vds.4105'}, 'fpsKeyServerUrl': 'https://play-edge.itunes.apple.com/WebObjects/MZPlayLocal.woa/wa/fpsRequest', 'fpsNonceServerUrl': 'https://play.itunes.apple.com/WebObjects/MZPlay.woa/wa/checkInNonceRequest', 'hlsUrl': 'https://play-edge.itunes.apple.com/WebObjects/MZPlayLocal.woa/hls/subscription/playlist.m3u8?cc=US&svcId=tvs.vds.4105&a=1763010844&isExternal=true&brandId=tvs.sbd.4000&id=909706661&l=en-US&aec=UHD', 'programId': '909706661'}, 'duration': 101, 'id': 'umc.cmr.atvp.ex.2d7w0w8lla8vpm7l7jja558a5', 'images': {'contentImage': {'height': 2160, 'isP3': False, 'joeColor': 'b:rgb(39,29,21) p:rgb(243,183,134) s:rgb(241,178,136) t:rgb(202,152,111) q:rgb(200,148,113)', 'supportsLayeredImage': False, 'url': 'https://is1-ssl.mzstatic.com/image/thumb/fj1cGKdtCPvUgZIYaVuxeg/{w}x{h}.{f}', 'width': 3840}}, 'mediaMetrics': {'MediaIdentifier': 'a=1763010844:p=909706661:s=tvs.vds.4105:cid=umc.cmc.54oko3xpxnpwal47sh8a7jdjk:rid=umc.cmr.atvp.ex.2d7w0w8lla8vpm7l7jja558a5:e=trailer', 'iTunesServiceMonitoringKey': True}, 'title': 'Blitz Trailer'}, 'commonSenseMedia': {'contentInfo': [{'label': 'Positive Messages', 'rating': 3}, {'label': 'Positive Role Models', 'rating': 3}, {'label': 'Violence', 'rating': 3}, {'label': 'Sex', 'rating': 3}, {'label': 'Language', 'rating': 3}, {'label': 'Consumerism', 'rating': 0}, {'label': 'Drinking, Drugs & Smoking', 'rating': 3}], 'oneLiner': 'British wartime drama with a focus on race and identity.', 'recommendedAge': 13}, 'countriesOfOrigin': [{'countryCode': 'GB', 'displayName': 'United Kingdom'}], 'description': 'In World War II London, nine-year-old George is evacuated to the countryside by his mother, Rita, to escape the bombings. Defiant and determined to return to his family, George embarks on an epic, perilous journey back home as Rita searches for him.', 'duration': 7200, 'genres': [{'id': 'umc.gnr.mov.drama', 'name': 'Drama', 'type': 'Genre', 'url': 'https://tv.apple.com/us/genre/drama/umc.gnr.mov.drama'}], 'id': 'umc.cmc.1ivowfwigmx4dmfii3xekmoaq', 'images': {'contentImage': {'height': 3240, 'isP3': False, 'joeColor': 'b:rgb(23,31,37) p:rgb(224,214,195) s:rgb(214,187,159) t:rgb(184,178,163) q:rgb(175,156,134)', 'supportsLayeredImage': False, 'url': 'https://is1-ssl.mzstatic.com/image/thumb/f_X6E6ZlHD4mHI2DpTmmWA/{w}x{h}ta.{f}', 'width': 4320}, 'contentImageTall': {'height': 3636, 'joeColor': 'b:rgb(28,19,27) p:rgb(210,197,171) s:rgb(206,176,149) t:rgb(174,161,142) q:rgb(171,144,125)', 'supportsLayeredImage': False, 'url': 'https://is1-ssl.mzstatic.com/image/thumb/_1auIt4Cths2znAQR1-9mQ/{w}x{h}tc.{f}', 'width': 1680}, 'contentLogo': {'height': 508, 'isP3': False, 'joeColor': 'b:rgb(255,255,255) p:rgb(12,12,12) s:rgb(25,25,25) t:rgb(61,61,61) q:rgb(71,71,71)', 'supportsLayeredImage': False, 'url': 'https://is1-ssl.mzstatic.com/image/thumb/66b9zCz7EoSH1ur5EbB2yw/{w}x{h}.{f}', 'width': 2766}, 'posterArt': {'height': 2160, 'isP3': False, 'joeColor': 'b:rgb(76,74,68) p:rgb(234,233,232) s:rgb(222,195,167) t:rgb(202,201,199) q:rgb(192,171,147)', 'supportsLayeredImage': False, 'url': 'https://is1-ssl.mzstatic.com/image/thumb/VyPQzuKZxetrl-S8k3j3PA/{w}x{h}.{f}', 'width': 3840}}, 'isAppleOriginal': True, 'originalSpokenLanguages': [{'displayName': 'English', 'locale': 'en'}], 'rating': {'displayName': 'PG-13', 'name': 'PG_13', 'reason': 'Thematic elements including some racism, violence, some strong language, brief sexuality and smoking.', 'system': 'mpaa', 'systemType': 'movies', 'value': 300}, 'releaseDate': 1730419200000, 'rolesSummary': {'cast': ['Saoirse Ronan', 'Harris Dickinson', 'Elliott Heffernan'], 'directors': ['Steve McQueen']}, 'title': 'Blitz', 'type': 'Movie', 'url': 'https://tv.apple.com/us/movie/blitz/umc.cmc.1ivowfwigmx4dmfii3xekmoaq'}
2025-01-23 07:51:05 [I] Titles : Title: Blitz
2025-01-23 07:51:05 [I] ATVP : Getting tracks for Blitz (2024) [umc.cmc.1ivowfwigmx4dmfii3xekmoaq]
2025-01-23 07:51:06 [D] urllib3.connectionpool : https://tv.apple.com:443 "GET /api/uts/v2/view/product/umc.cmc.1ivowfwigmx4dmfii3xekmoaq/personalized?utsk=6e3013c6d6fae3c2%3A%3A%3A%3A%3A%3Ae08f7cfb96228836&caller=web&sf=143441&v=46&pfm=appletv&mfr=Apple&locale=en-US&l=en&brandId=tvs.sbd.4000&count=100&skip=0&svcId=tvs.vds.4105 HTTP/1.1" 200 2375
2025-01-23 07:51:06 [D] ATVP : {'svcId': 'tvs.vds.4105', 'isExternal': True, 'adamId': '1768200290'}
2025-01-23 07:51:06 [D] ATVP : https://play-edge.itunes.apple.com/WebObjects/MZPlayLocal.woa/hls/subscription/playlist.m3u8?cc=US&svcId=tvs.vds.4105&a=1768200290&isExternal=true&brandId=tvs.sbd.4000&id=928224589&l=en-US&aec=UHD
2025-01-23 07:51:06 [D] urllib3.connectionpool : Starting new HTTPS connection (1): play-edge.itunes.apple.com:443
2025-01-23 07:51:07 [D] urllib3.connectionpool : https://play-edge.itunes.apple.com:443 "GET /WebObjects/MZPlayLocal.woa/hls/subscription/playlist.m3u8?cc=US&svcId=tvs.vds.4105&a=1768200290&isExternal=true&brandId=tvs.sbd.4000&id=928224589&l=en-US&aec=UHD HTTP/1.1" 200 28482
2025-01-23 07:51:07 [D] charset_normalizer : Encoding detection: utf_8 is most likely the one.
2025-01-23 07:51:08 [I] ATVP : > Selected Tracks:
2025-01-23 07:51:08 [I] Tracks : 1 Video Track:
2025-01-23 07:51:08 [I] Tracks : ├─ VID | [H.265, SDR] | 1918x802 @ 7096 kb/s, 23.976 FPS
2025-01-23 07:51:08 [I] Tracks : 1 Audio Track:
2025-01-23 07:51:08 [I] Tracks : ├─ AUD | [E-AC3] | [atmos, atmos] | 16/JOC | 768 kb/s | en | [Original]
2025-01-23 07:51:08 [I] Tracks : 1 Text Track:
2025-01-23 07:51:08 [I] Tracks : ├─ SUB | [VTT] | en | [Original]
2025-01-23 07:51:08 [D] urllib3.connectionpool : Starting new HTTPS connection (1): play-edge.itunes.apple.com:443
2025-01-23 07:51:09 [D] urllib3.connectionpool : https://play-edge.itunes.apple.com:443 "GET /WebObjects/MZPlayLocal.woa/hls/subscription/stream/playlist.m3u8?cc=US&g=585&cdn=vod-ak-aoc.tv.apple.com&mainAssetAdamId=1768200290&a=1768200290+1774544610+1773123036+1774844995+1774750905+1773124575+1772183419+1772183342&p=928224589+923461939+920293303+924187664+923974170+921958342+918282317+918291276&st=4234565498+4208965787+4192059991+4212838583+4211687978+4201124743+4181403363+4181454141 HTTP/1.1" 200 18797
2025-01-23 07:51:09 [D] charset_normalizer : Encoding detection: ascii is most likely the one.
2025-01-23 07:51:09 [I] ATVP :  + PSSH: vgEAAAEAAQC0ATwAVwBSAE0ASABFAEEARABFAFIAIAB4AG0AbABuAHMAPQAiAGgAdAB0AHAAOgAvAC8AcwBjAGgAZQBtAGEAcwAuAG0AaQBjAHIAbwBzAG8AZgB0AC4AYwBvAG0ALwBEAFIATQAvADIAMAAwADcALwAwADMALwBQAGwAYQB5AFIAZQBhAGQAeQBIAGUAYQBkAGUAcgAiACAAdgBlAHIAcwBpAG8AbgA9ACIANAAuADMALgAwAC4AMAAiAD4APABEAEEAVABBAD4APABQAFIATwBUAEUAQwBUAEkATgBGAE8APgA8AEsASQBEAFMAPgA8AEsASQBEACAAQQBMAEcASQBEAD0AIgBBAEUAUwBDAEIAQwAiACAAVgBBAEwAVQBFAD0AIgBBAEEAQQBBAEEARgBNADMAVABaAFYAagBNAFMAQQBnAEkAQwBBAGcASQBBAD0APQAiAD4APAAvAEsASQBEAD4APAAvAEsASQBEAFMAPgA8AC8AUABSAE8AVABFAEMAVABJAE4ARgBPAD4APAAvAEQAQQBUAEEAPgA8AC8AVwBSAE0ASABFAEEARABFAFIAPgA=
2025-01-23 07:51:09 [I] ATVP :  + KID: 000000003753954d6331202020202020
2025-01-23 07:51:09 [I] ATVP : Decrypting...
2025-01-23 07:51:09 [I] ATVP : CDM Session ID - af6a3a0fce1ffff623bc573b9a6a4a23
2025-01-23 07:51:10 [D] urllib3.connectionpool : Starting new HTTPS connection (1): play.itunes.apple.com:443
2025-01-23 07:51:11 [D] urllib3.connectionpool : https://play.itunes.apple.com:443 "POST /WebObjects/MZPlay.woa/wa/fpsRequest?utsk=6e3013c6d6fae3c2%3A%3A%3A%3A%3A%3Ae08f7cfb96228836&caller=web&sf=143441&v=46&pfm=appletv&mfr=Apple&locale=en-US&l=en&brandId=tvs.sbd.4000&count=100&skip=0&svcId=tvs.vds.4105 HTTP/1.1" 200 1133
2025-01-23 07:51:11 [I] ATVP :  + Obtained content keys from the CDM
2025-01-23 07:51:11 [I] ATVP :  + 000000003753954d6331202020202020:bd260a1ae865193f59e9fc4bac7361de
2025-01-23 07:51:11 [I] ATVP : Caching to Local (LOCAL) vault
2025-01-23 07:51:12 [I] ATVP :  + Cached 1/1 keys
2025-01-23 07:51:12 [I] ATVP :  + KEY: bd260a1ae865193f59e9fc4bac7361de (From CDM)
2025-01-23 07:51:12 [D] urllib3.connectionpool : https://play-edge.itunes.apple.com:443 "GET /WebObjects/MZPlayLocal.woa/hls/subscription/stream/playlist.m3u8?cc=US&g=2768&cdn=vod-ak-aoc.tv.apple.com&mainAssetAdamId=1768200290&a=1768200290+1774544610+1773123036+1774844995+1774750905+1773124575+1772183419+1772183342&p=928224589+923461939+920293303+924187664+923974170+921958342+918282317+918291276&st=4234549153+4208965610+4192059541+4212837336+4211687799+4201124532+4181403355+4181454131 HTTP/1.1" 200 5428
2025-01-23 07:51:12 [D] charset_normalizer : Encoding detection: ascii is most likely the one.
2025-01-23 07:51:12 [I] ATVP :  + PSSH: vgEAAAEAAQC0ATwAVwBSAE0ASABFAEEARABFAFIAIAB4AG0AbABuAHMAPQAiAGgAdAB0AHAAOgAvAC8AcwBjAGgAZQBtAGEAcwAuAG0AaQBjAHIAbwBzAG8AZgB0AC4AYwBvAG0ALwBEAFIATQAvADIAMAAwADcALwAwADMALwBQAGwAYQB5AFIAZQBhAGQAeQBIAGUAYQBkAGUAcgAiACAAdgBlAHIAcwBpAG8AbgA9ACIANAAuADMALgAwAC4AMAAiAD4APABEAEEAVABBAD4APABQAFIATwBUAEUAQwBUAEkATgBGAE8APgA8AEsASQBEAFMAPgA8AEsASQBEACAAQQBMAEcASQBEAD0AIgBBAEUAUwBDAEIAQwAiACAAVgBBAEwAVQBFAD0AIgBBAEEAQQBBAEEARgBNADMAVABaAFYAagBOAGkAQQBnAEkAQwBBAGcASQBBAD0APQAiAD4APAAvAEsASQBEAD4APAAvAEsASQBEAFMAPgA8AC8AUABSAE8AVABFAEMAVABJAE4ARgBPAD4APAAvAEQAQQBUAEEAPgA8AC8AVwBSAE0ASABFAEEARABFAFIAPgA=
2025-01-23 07:51:12 [I] ATVP :  + KID: 000000003753954d6336202020202020
2025-01-23 07:51:12 [I] ATVP : Decrypting...
2025-01-23 07:51:12 [I] ATVP : CDM Session ID - f0e04697c202c099893423e2568fa52b
2025-01-23 07:51:12 [D] urllib3.connectionpool : https://play.itunes.apple.com:443 "POST /WebObjects/MZPlay.woa/wa/fpsRequest?utsk=6e3013c6d6fae3c2%3A%3A%3A%3A%3A%3Ae08f7cfb96228836&caller=web&sf=143441&v=46&pfm=appletv&mfr=Apple&locale=en-US&l=en&brandId=tvs.sbd.4000&count=100&skip=0&svcId=tvs.vds.4105 HTTP/1.1" 200 1134
2025-01-23 07:51:12 [I] ATVP :  + Obtained content keys from the CDM
2025-01-23 07:51:12 [I] ATVP :  + 000000003753954d6336202020202020:37587c84fd47e397e0e74c592e8e32c6
2025-01-23 07:51:12 [I] ATVP : Caching to Local (LOCAL) vault
2025-01-23 07:51:13 [I] ATVP :  + Cached 1/1 keys
2025-01-23 07:51:13 [I] ATVP :  + KEY: 37587c84fd47e397e0e74c592e8e32c6 (From CDM)
2025-01-23 07:51:13 [I] ATVP : Processed all titles!
