2025-01-22 06:51:12 [I] vt : vinetrimmer - Widevine DRM downloader and decrypter
2025-01-22 06:51:12 [I] vt : [Root Config]     : B:\decryption\PlayReady-Amazon-Tool-main\vinetrimmer\vinetrimmer.yml
2025-01-22 06:51:12 [I] vt : [Service Configs] : B:\decryption\PlayReady-Amazon-Tool-main\vinetrimmer\Services
2025-01-22 06:51:12 [I] vt : [Cookies]         : B:\decryption\PlayReady-Amazon-Tool-main\vinetrimmer\Cookies
2025-01-22 06:51:12 [I] vt : [CDM Devices]     : B:\decryption\PlayReady-Amazon-Tool-main\vinetrimmer\devices
2025-01-22 06:51:12 [I] vt : [Cache]           : B:\decryption\PlayReady-Amazon-Tool-main\vinetrimmer\Cache
2025-01-22 06:51:12 [I] vt : [Logs]            : B:\decryption\PlayReady-Amazon-Tool-main\vinetrimmer\Logs
2025-01-22 06:51:12 [I] vt : [Temp Files]      : B:\decryption\PlayReady-Amazon-Tool-main\Temp
2025-01-22 06:51:12 [I] vt : [Downloads]       : B:\decryption\PlayReady-Amazon-Tool-main\Downloads
2025-01-22 06:51:13 [I] dl :  + 1 Local Vault
2025-01-22 06:51:13 [I] dl :  + 0 Remote Vaults
2025-01-22 06:51:13 [I] dl :  + Loaded Device: Hisense SmartTV HU50A6100UW (L3000)
2025-01-22 06:51:13 [I] ATVP :  - Setting Video codec to H265 to get UHD
2025-01-22 06:51:13 [D] urllib3.connectionpool : Starting new HTTPS connection (1): tv.apple.com:443
2025-01-22 06:51:17 [D] urllib3.connectionpool : https://tv.apple.com:443 "GET / HTTP/1.1" 200 None
2025-01-22 06:51:18 [I] ATVP : Retrieving Titles
2025-01-22 06:51:19 [D] urllib3.connectionpool : https://tv.apple.com:443 "GET /api/uts/v3/shows/umc.cmc.4luj45vtqpmjsvb6sc2675oeg?utsk=6e3013c6d6fae3c2%3A%3A%3A%3A%3A%3Ae08f7cfb96228836&caller=web&sf=143441&v=46&pfm=appletv&mfr=Apple&locale=en-US&l=en&brandId=tvs.sbd.4000&count=100&skip=0&svcId=tvs.vds.4105 HTTP/1.1" 200 4966
2025-01-22 06:51:19 [D] ATVP : {'backgroundVideo': {'assets': {'assetAdamId': '1733953386', 'fpsCertificateUrl': 'https://s.mzstatic.com/skdtool_2021_certbundle.bin', 'fpsKeyServerQueryParameters': {'adamId': '1733953386', 'isExternal': True, 'svcId': 'tvs.vds.4105'}, 'fpsKeyServerUrl': 'https://play-edge.itunes.apple.com/WebObjects/MZPlayLocal.woa/wa/fpsRequest', 'fpsNonceServerUrl': 'https://play.itunes.apple.com/WebObjects/MZPlay.woa/wa/checkInNonceRequest', 'hlsUrl': 'https://play-edge.itunes.apple.com/WebObjects/MZPlayLocal.woa/hls/subscription/playlist.m3u8?cc=US&svcId=tvs.vds.4105&a=1733953386&isExternal=true&brandId=tvs.sbd.4000&id=873541774&l=en-US&aec=UHD', 'programId': '873541774'}, 'duration': 158, 'id': 'umc.cmr.atvp.ex.4pzeq11bv4cttz237npku1az8', 'images': {'contentImage': {'height': 2160, 'isP3': False, 'joeColor': 'b:rgb(9,16,11) p:rgb(238,219,197) s:rgb(239,196,170) t:rgb(192,178,160) q:rgb(193,160,138)', 'supportsLayeredImage': False, 'url': 'https://is1-ssl.mzstatic.com/image/thumb/cjsQOHfaUT9qrR5D09F0WA/{w}x{h}.{f}', 'width': 3840}}, 'mediaMetrics': {'MediaIdentifier': 'a=1733953386:p=873541774:s=tvs.vds.4105:cid=umc.cmc.r1kkm2aztl3iean5hz7vwd1m:rid=umc.cmr.atvp.ex.4pzeq11bv4cttz237npku1az8:e=trailer', 'iTunesServiceMonitoringKey': True}, 'title': 'Duality: Season 1'}, 'commonSenseMedia': {'contentInfo': [{'label': 'Positive Messages', 'rating': 2}, {'label': 'Positive Role Models', 'rating': 2}, {'label': 'Violence', 'rating': 2}, {'label': 'Sex', 'rating': 2}, {'label': 'Language', 'rating': 2}, {'label': 'Consumerism', 'rating': 1}, {'label': 'Drinking, Drugs & Smoking', 'rating': 3}], 'oneLiner': 'Moody, sometimes violent sci-fi about alternate realities.', 'recommendedAge': 14}, 'countriesOfOrigin': [{'countryCode': 'US', 'displayName': 'United States'}], 'description': 'In this mind-bending thriller, Jason Dessen is abducted into an alternate version of his own life. To get back to his real family, Dessen embarks on a journey to save them from the biggest foe imaginable: himself. Based on Blake Crouch’s bestseller.', 'genres': [{'id': 'umc.gnr.tv.scifi', 'name': 'Sci-Fi', 'type': 'Genre', 'url': 'https://tv.apple.com/us/genre/sci-fi/umc.gnr.tv.scifi'}], 'id': 'umc.cmc.4luj45vtqpmjsvb6sc2675oeg', 'images': {'contentImage': {'height': 3240, 'isP3': False, 'joeColor': 'b:rgb(17,26,33) p:rgb(194,215,228) s:rgb(151,189,212) t:rgb(158,177,188) q:rgb(124,156,176)', 'supportsLayeredImage': False, 'url': 'https://is1-ssl.mzstatic.com/image/thumb/J6ATWq1lIVhyiZq6yNoIeQ/{w}x{h}ta.{f}', 'width': 4320}, 'contentImageTall': {'height': 3636, 'joeColor': 'b:rgb(10,24,31) p:rgb(195,213,222) s:rgb(218,141,65) t:rgb(158,175,183) q:rgb(176,118,58)', 'supportsLayeredImage': False, 'url': 'https://is1-ssl.mzstatic.com/image/thumb/4itXw09Baem3LAGdVUMXHQ/{w}x{h}tc.{f}', 'width': 1680}, 'contentLogo': {'height': 1520, 'isP3': False, 'joeColor': 'b:rgb(255,255,255) p:rgb(12,12,12) s:rgb(25,25,25) t:rgb(61,61,61) q:rgb(71,71,71)', 'supportsLayeredImage': False, 'url': 'https://is1-ssl.mzstatic.com/image/thumb/BKquLxKaqfyCLWoqq2hZTw/{w}x{h}.{f}', 'width': 3872}, 'posterArt': {'height': 2160, 'isP3': False, 'joeColor': 'b:rgb(25,29,34) p:rgb(185,209,212) s:rgb(162,195,206) t:rgb(153,173,176) q:rgb(135,161,171)', 'supportsLayeredImage': True, 'url': 'https://is1-ssl.mzstatic.com/image/thumb/XRVC0LFY33UhYRJc3uusMA/{w}x{h}.{f}', 'width': 3840}}, 'isAppleOriginal': True, 'originalSpokenLanguages': [{'displayName': 'English', 'locale': 'en'}], 'rating': {'displayName': 'TV-MA', 'name': 'TV_MA', 'system': 'us_tv', 'systemType': 'tv', 'value': 600}, 'releaseDate': 1715126400000, 'rolesSummary': {'cast': ['Joel Edgerton', 'Jennifer Connelly', 'Alice Braga']}, 'title': 'Dark Matter', 'type': 'Show', 'url': 'https://tv.apple.com/us/show/dark-matter/umc.cmc.4luj45vtqpmjsvb6sc2675oeg'}
2025-01-22 06:51:19 [D] urllib3.connectionpool : https://tv.apple.com:443 "GET /api/uts/v2/view/show/umc.cmc.4luj45vtqpmjsvb6sc2675oeg/episodes?utsk=6e3013c6d6fae3c2%3A%3A%3A%3A%3A%3Ae08f7cfb96228836&caller=web&sf=143441&v=46&pfm=appletv&mfr=Apple&locale=en-US&l=en&brandId=tvs.sbd.4000&count=100&skip=0&svcId=tvs.vds.4105 HTTP/1.1" 200 2567
2025-01-22 06:51:19 [I] Titles : Title: Dark Matter
2025-01-22 06:51:19 [I] Titles : Total Episodes: 9
2025-01-22 06:51:19 [I] Titles : By Season: 1 (9)
2025-01-22 06:51:19 [I] ATVP : Getting tracks for Dark Matter S01E01 - Are You Happy in Your Life? [umc.cmc.4luj45vtqpmjsvb6sc2675oeg]
2025-01-22 06:51:20 [D] urllib3.connectionpool : https://tv.apple.com:443 "GET /api/uts/v2/view/product/umc.cmc.59p6kv4nynpisd1gl300a7810/personalized?utsk=6e3013c6d6fae3c2%3A%3A%3A%3A%3A%3Ae08f7cfb96228836&caller=web&sf=143441&v=46&pfm=appletv&mfr=Apple&locale=en-US&l=en&brandId=tvs.sbd.4000&count=100&skip=0&svcId=tvs.vds.4105 HTTP/1.1" 200 2197
2025-01-22 06:51:20 [D] ATVP : {'svcId': 'tvs.vds.4105', 'isExternal': True, 'adamId': '1727880953'}
2025-01-22 06:51:20 [D] ATVP : https://play-edge.itunes.apple.com/WebObjects/MZPlayLocal.woa/hls/subscription/playlist.m3u8?cc=US&svcId=tvs.vds.4105&a=1727880953&isExternal=true&brandId=tvs.sbd.4000&id=888788216&l=en-US&aec=UHD
2025-01-22 06:51:20 [D] urllib3.connectionpool : Starting new HTTPS connection (1): play-edge.itunes.apple.com:443
2025-01-22 06:51:21 [D] urllib3.connectionpool : https://play-edge.itunes.apple.com:443 "GET /WebObjects/MZPlayLocal.woa/hls/subscription/playlist.m3u8?cc=US&svcId=tvs.vds.4105&a=1727880953&isExternal=true&brandId=tvs.sbd.4000&id=888788216&l=en-US&aec=UHD HTTP/1.1" 200 29419
2025-01-22 06:51:22 [D] charset_normalizer : Encoding detection: utf_8 is most likely the one.
2025-01-22 06:51:22 [I] ATVP : > Selected Tracks:
2025-01-22 06:51:22 [I] Tracks : 1 Video Track:
2025-01-22 06:51:22 [I] Tracks : ├─ VID | [H.265, SDR] | 3840x1920 @ 20822 kb/s, 23.976 FPS
2025-01-22 06:51:22 [I] Tracks : 1 Audio Track:
2025-01-22 06:51:22 [I] Tracks : ├─ AUD | [E-AC3] | [atmos, atmos] | 16/JOC | 768 kb/s | en | [Original]
2025-01-22 06:51:22 [I] Tracks : 1 Text Track:
2025-01-22 06:51:22 [I] Tracks : ├─ SUB | [VTT] | en | [Original]
2025-01-22 06:51:22 [D] urllib3.connectionpool : Starting new HTTPS connection (1): play-edge.itunes.apple.com:443
2025-01-22 06:51:23 [D] urllib3.connectionpool : https://play-edge.itunes.apple.com:443 "GET /WebObjects/MZPlayLocal.woa/hls/subscription/stream/playlist.m3u8?cc=US&g=598&cdn=vod-ak-aoc.tv.apple.com&mainAssetAdamId=1727880953&a=1727880953+1735147732+1735147731+1735147814+1735147819+1735147813+1735147723+1735147760&p=888788216+835330154+835339809+835339139+835342723+835329209+835341155+835335432&st=4024197293+3734169747+3734290607+3734282520+3734324313+3734162915+3734310720+3734233298 HTTP/1.1" 200 8436
2025-01-22 06:51:23 [D] charset_normalizer : Encoding detection: ascii is most likely the one.
2025-01-22 06:51:23 [I] ATVP :  + PSSH: vgEAAAEAAQC0ATwAVwBSAE0ASABFAEEARABFAFIAIAB4AG0AbABuAHMAPQAiAGgAdAB0AHAAOgAvAC8AcwBjAGgAZQBtAGEAcwAuAG0AaQBjAHIAbwBzAG8AZgB0AC4AYwBvAG0ALwBEAFIATQAvADIAMAAwADcALwAwADMALwBQAGwAYQB5AFIAZQBhAGQAeQBIAGUAYQBkAGUAcgAiACAAdgBlAHIAcwBpAG8AbgA9ACIANAAuADMALgAwAC4AMAAiAD4APABEAEEAVABBAD4APABQAFIATwBUAEUAQwBUAEkATgBGAE8APgA8AEsASQBEAFMAPgA8AEsASQBEACAAQQBMAEcASQBEAD0AIgBBAEUAUwBDAEIAQwAiACAAVgBBAEwAVQBFAD0AIgBBAEEAQQBBAEEAUABrADAAKwBOAFIAagBNAGkAQQBnAEkAQwBBAGcASQBBAD0APQAiAD4APAAvAEsASQBEAD4APAAvAEsASQBEAFMAPgA8AC8AUABSAE8AVABFAEMAVABJAE4ARgBPAD4APAAvAEQAQQBUAEEAPgA8AC8AVwBSAE0ASABFAEEARABFAFIAPgA=
2025-01-22 06:51:23 [I] ATVP :  + KID: 0000000034f9d4f86332202020202020
2025-01-22 06:51:23 [I] ATVP : Decrypting...
2025-01-22 06:51:23 [I] ATVP : CDM Session ID - fb6e819ca50169816dce36d30e9eb411
2025-01-22 06:51:23 [D] urllib3.connectionpool : Starting new HTTPS connection (1): play.itunes.apple.com:443
2025-01-22 06:51:25 [D] urllib3.connectionpool : https://play.itunes.apple.com:443 "POST /WebObjects/MZPlay.woa/wa/fpsRequest?utsk=6e3013c6d6fae3c2%3A%3A%3A%3A%3A%3Ae08f7cfb96228836&caller=web&sf=143441&v=46&pfm=appletv&mfr=Apple&locale=en-US&l=en&brandId=tvs.sbd.4000&count=100&skip=0&svcId=tvs.vds.4105 HTTP/1.1" 200 1167
2025-01-22 06:51:25 [I] ATVP :  + Obtained content keys from the CDM
2025-01-22 06:51:25 [I] ATVP :  + 0000000034f9d4f86332202020202020:a7c32ce91474e6705411aecb22a5c2fe
2025-01-22 06:51:25 [I] ATVP : Caching to Local (LOCAL) vault
2025-01-22 06:51:25 [I] ATVP :  + Cached 1/1 keys
2025-01-22 06:51:25 [I] ATVP :  + KEY: a7c32ce91474e6705411aecb22a5c2fe (From CDM)
2025-01-22 06:51:26 [D] urllib3.connectionpool : https://play-edge.itunes.apple.com:443 "GET /WebObjects/MZPlayLocal.woa/hls/subscription/stream/playlist.m3u8?cc=US&g=2768&cdn=vod-ak-aoc.tv.apple.com&mainAssetAdamId=1727880953&a=1727880953+1735147732+1735147731+1735147814+1735147819+1735147813+1735147723+1735147760&p=888788216+835330154+835339809+835339139+835342723+835329209+835341155+835335432&st=4024197034+3734170034+3734290709+3734282669+3734324435+3734163009+3734311129+3734233760 HTTP/1.1" 200 2895
2025-01-22 06:51:26 [D] charset_normalizer : Encoding detection: ascii is most likely the one.
2025-01-22 06:51:26 [I] ATVP :  + PSSH: vgEAAAEAAQC0ATwAVwBSAE0ASABFAEEARABFAFIAIAB4AG0AbABuAHMAPQAiAGgAdAB0AHAAOgAvAC8AcwBjAGgAZQBtAGEAcwAuAG0AaQBjAHIAbwBzAG8AZgB0AC4AYwBvAG0ALwBEAFIATQAvADIAMAAwADcALwAwADMALwBQAGwAYQB5AFIAZQBhAGQAeQBIAGUAYQBkAGUAcgAiACAAdgBlAHIAcwBpAG8AbgA9ACIANAAuADMALgAwAC4AMAAiAD4APABEAEEAVABBAD4APABQAFIATwBUAEUAQwBUAEkATgBGAE8APgA8AEsASQBEAFMAPgA8AEsASQBEACAAQQBMAEcASQBEAD0AIgBBAEUAUwBDAEIAQwAiACAAVgBBAEwAVQBFAD0AIgBBAEEAQQBBAEEAUABrADAAKwBOAFIAagBOAGkAQQBnAEkAQwBBAGcASQBBAD0APQAiAD4APAAvAEsASQBEAD4APAAvAEsASQBEAFMAPgA8AC8AUABSAE8AVABFAEMAVABJAE4ARgBPAD4APAAvAEQAQQBUAEEAPgA8AC8AVwBSAE0ASABFAEEARABFAFIAPgA=
2025-01-22 06:51:26 [I] ATVP :  + KID: 0000000034f9d4f86336202020202020
2025-01-22 06:51:26 [I] ATVP : Decrypting...
2025-01-22 06:51:26 [I] ATVP : CDM Session ID - 0bae75a949ff2f5fa3b407332bbb324c
2025-01-22 06:51:26 [D] urllib3.connectionpool : https://play.itunes.apple.com:443 "POST /WebObjects/MZPlay.woa/wa/fpsRequest?utsk=6e3013c6d6fae3c2%3A%3A%3A%3A%3A%3Ae08f7cfb96228836&caller=web&sf=143441&v=46&pfm=appletv&mfr=Apple&locale=en-US&l=en&brandId=tvs.sbd.4000&count=100&skip=0&svcId=tvs.vds.4105 HTTP/1.1" 200 1134
2025-01-22 06:51:26 [I] ATVP :  + Obtained content keys from the CDM
2025-01-22 06:51:26 [I] ATVP :  + 0000000034f9d4f86336202020202020:00fb974589411dfe70d74858cb35bf19
2025-01-22 06:51:26 [I] ATVP : Caching to Local (LOCAL) vault
2025-01-22 06:51:27 [I] ATVP :  + Cached 1/1 keys
2025-01-22 06:51:27 [I] ATVP :  + KEY: 00fb974589411dfe70d74858cb35bf19 (From CDM)
2025-01-22 06:51:27 [I] ATVP : Getting tracks for Dark Matter S01E02 - Trip of a Lifetime [umc.cmc.4luj45vtqpmjsvb6sc2675oeg]
2025-01-22 06:51:27 [D] urllib3.connectionpool : https://tv.apple.com:443 "GET /api/uts/v2/view/product/umc.cmc.60bjhw47qtbp8gj5xa4cgfby3/personalized?utsk=6e3013c6d6fae3c2%3A%3A%3A%3A%3A%3Ae08f7cfb96228836&caller=web&sf=143441&v=46&pfm=appletv&mfr=Apple&locale=en-US&l=en&brandId=tvs.sbd.4000&count=100&skip=0&svcId=tvs.vds.4105 HTTP/1.1" 200 2181
2025-01-22 06:51:27 [D] ATVP : {'svcId': 'tvs.vds.4105', 'isExternal': True, 'adamId': '1734971015'}
2025-01-22 06:51:27 [D] ATVP : https://play-edge.itunes.apple.com/WebObjects/MZPlayLocal.woa/hls/subscription/playlist.m3u8?cc=US&svcId=tvs.vds.4105&a=1734971015&isExternal=true&brandId=tvs.sbd.4000&id=888801453&l=en-US&aec=UHD
2025-01-22 06:51:27 [D] urllib3.connectionpool : Starting new HTTPS connection (1): play-edge.itunes.apple.com:443
2025-01-22 06:51:28 [D] urllib3.connectionpool : https://play-edge.itunes.apple.com:443 "GET /WebObjects/MZPlayLocal.woa/hls/subscription/playlist.m3u8?cc=US&svcId=tvs.vds.4105&a=1734971015&isExternal=true&brandId=tvs.sbd.4000&id=888801453&l=en-US&aec=UHD HTTP/1.1" 200 31767
2025-01-22 06:51:28 [D] charset_normalizer : Encoding detection: utf_8 is most likely the one.
2025-01-22 06:51:28 [I] ATVP : > Selected Tracks:
2025-01-22 06:51:28 [I] Tracks : 1 Video Track:
2025-01-22 06:51:28 [I] Tracks : ├─ VID | [H.265, SDR] | 3840x1920 @ 20864 kb/s, 23.976 FPS
2025-01-22 06:51:28 [I] Tracks : 1 Audio Track:
2025-01-22 06:51:28 [I] Tracks : ├─ AUD | [E-AC3] | [atmos, atmos] | 16/JOC | 768 kb/s | en | [Original]
2025-01-22 06:51:28 [I] Tracks : 1 Text Track:
2025-01-22 06:51:28 [I] Tracks : ├─ SUB | [VTT] | en | [Original]
2025-01-22 06:51:29 [D] urllib3.connectionpool : https://play-edge.itunes.apple.com:443 "GET /WebObjects/MZPlayLocal.woa/hls/subscription/stream/playlist.m3u8?cc=US&g=598&cdn=vod-ak-aoc.tv.apple.com&mainAssetAdamId=1734971015&a=1733119921+1734971015+1735160768+1735024496+1735024552+1735160764+1735160902+1735024319+1735024522+1739668018&p=846519040+888801453+835352417+834492197+834504233+835351250+835361407+834492847+834496953+854399678&st=3796043042+4024322016+3734404632+3728427171+3728507206+3734396911+3734489737+3728430240+3728457608+3838788913 HTTP/1.1" 200 9999
2025-01-22 06:51:29 [D] charset_normalizer : Encoding detection: ascii is most likely the one.
2025-01-22 06:51:29 [I] ATVP :  + PSSH: vgEAAAEAAQC0ATwAVwBSAE0ASABFAEEARABFAFIAIAB4AG0AbABuAHMAPQAiAGgAdAB0AHAAOgAvAC8AcwBjAGgAZQBtAGEAcwAuAG0AaQBjAHIAbwBzAG8AZgB0AC4AYwBvAG0ALwBEAFIATQAvADIAMAAwADcALwAwADMALwBQAGwAYQB5AFIAZQBhAGQAeQBIAGUAYQBkAGUAcgAiACAAdgBlAHIAcwBpAG8AbgA9ACIANAAuADMALgAwAC4AMAAiAD4APABEAEEAVABBAD4APABQAFIATwBUAEUAQwBUAEkATgBGAE8APgA8AEsASQBEAFMAPgA8AEsASQBEACAAQQBMAEcASQBEAD0AIgBBAEUAUwBDAEIAQwAiACAAVgBBAEwAVQBFAD0AIgBBAEEAQQBBAEEAUABvADAAcgBRAGgAagBNAGkAQQBnAEkAQwBBAGcASQBBAD0APQAiAD4APAAvAEsASQBEAD4APAAvAEsASQBEAFMAPgA8AC8AUABSAE8AVABFAEMAVABJAE4ARgBPAD4APAAvAEQAQQBUAEEAPgA8AC8AVwBSAE0ASABFAEEARABFAFIAPgA=
2025-01-22 06:51:29 [I] ATVP :  + KID: 0000000034fa08ad6332202020202020
2025-01-22 06:51:29 [I] ATVP : Decrypting...
2025-01-22 06:51:29 [I] ATVP : CDM Session ID - 0dd0729342627a86179876b435a1b29f
2025-01-22 06:51:30 [D] urllib3.connectionpool : https://play.itunes.apple.com:443 "POST /WebObjects/MZPlay.woa/wa/fpsRequest?utsk=6e3013c6d6fae3c2%3A%3A%3A%3A%3A%3Ae08f7cfb96228836&caller=web&sf=143441&v=46&pfm=appletv&mfr=Apple&locale=en-US&l=en&brandId=tvs.sbd.4000&count=100&skip=0&svcId=tvs.vds.4105 HTTP/1.1" 200 1167
2025-01-22 06:51:30 [I] ATVP :  + Obtained content keys from the CDM
2025-01-22 06:51:30 [I] ATVP :  + 0000000034fa08ad6332202020202020:89cc8272d594726c7def515bccf205f5
2025-01-22 06:51:30 [I] ATVP : Caching to Local (LOCAL) vault
2025-01-22 06:51:30 [I] ATVP :  + Cached 1/1 keys
2025-01-22 06:51:30 [I] ATVP :  + KEY: 89cc8272d594726c7def515bccf205f5 (From CDM)
2025-01-22 06:51:30 [D] urllib3.connectionpool : https://play-edge.itunes.apple.com:443 "GET /WebObjects/MZPlayLocal.woa/hls/subscription/stream/playlist.m3u8?cc=US&g=2768&cdn=vod-ak-aoc.tv.apple.com&mainAssetAdamId=1734971015&a=1733119921+1734971015+1735160768+1735024496+1735024552+1735160764+1735160902+1735024319+1735024522+1739668018&p=846519040+888801453+835352417+834492197+834504233+835351250+835361407+834492847+834496953+854399678&st=3796043177+4024323418+3734405108+3728427476+3728508031+3734397162+3734489825+3728430488+3728458001+3838788692 HTTP/1.1" 200 3479
2025-01-22 06:51:30 [D] charset_normalizer : Encoding detection: ascii is most likely the one.
2025-01-22 06:51:30 [I] ATVP :  + PSSH: vgEAAAEAAQC0ATwAVwBSAE0ASABFAEEARABFAFIAIAB4AG0AbABuAHMAPQAiAGgAdAB0AHAAOgAvAC8AcwBjAGgAZQBtAGEAcwAuAG0AaQBjAHIAbwBzAG8AZgB0AC4AYwBvAG0ALwBEAFIATQAvADIAMAAwADcALwAwADMALwBQAGwAYQB5AFIAZQBhAGQAeQBIAGUAYQBkAGUAcgAiACAAdgBlAHIAcwBpAG8AbgA9ACIANAAuADMALgAwAC4AMAAiAD4APABEAEEAVABBAD4APABQAFIATwBUAEUAQwBUAEkATgBGAE8APgA8AEsASQBEAFMAPgA8AEsASQBEACAAQQBMAEcASQBEAD0AIgBBAEUAUwBDAEIAQwAiACAAVgBBAEwAVQBFAD0AIgBBAEEAQQBBAEEAUABvADAAcgBRAGgAagBOAGkAQQBnAEkAQwBBAGcASQBBAD0APQAiAD4APAAvAEsASQBEAD4APAAvAEsASQBEAFMAPgA8AC8AUABSAE8AVABFAEMAVABJAE4ARgBPAD4APAAvAEQAQQBUAEEAPgA8AC8AVwBSAE0ASABFAEEARABFAFIAPgA=
2025-01-22 06:51:30 [I] ATVP :  + KID: 0000000034fa08ad6336202020202020
2025-01-22 06:51:30 [I] ATVP : Decrypting...
2025-01-22 06:51:30 [I] ATVP : CDM Session ID - 6702233158f0673820f77557a05d3e4d
2025-01-22 06:51:31 [D] urllib3.connectionpool : https://play.itunes.apple.com:443 "POST /WebObjects/MZPlay.woa/wa/fpsRequest?utsk=6e3013c6d6fae3c2%3A%3A%3A%3A%3A%3Ae08f7cfb96228836&caller=web&sf=143441&v=46&pfm=appletv&mfr=Apple&locale=en-US&l=en&brandId=tvs.sbd.4000&count=100&skip=0&svcId=tvs.vds.4105 HTTP/1.1" 200 1134
2025-01-22 06:51:31 [I] ATVP :  + Obtained content keys from the CDM
2025-01-22 06:51:31 [I] ATVP :  + 0000000034fa08ad6336202020202020:c5ed332031f2249a5c38c01975f8b8d3
2025-01-22 06:51:31 [I] ATVP : Caching to Local (LOCAL) vault
2025-01-22 06:51:31 [I] ATVP :  + Cached 1/1 keys
2025-01-22 06:51:31 [I] ATVP :  + KEY: c5ed332031f2249a5c38c01975f8b8d3 (From CDM)
2025-01-22 06:51:31 [I] ATVP : Getting tracks for Dark Matter S01E03 - The Box [umc.cmc.4luj45vtqpmjsvb6sc2675oeg]
2025-01-22 06:51:32 [D] urllib3.connectionpool : https://tv.apple.com:443 "GET /api/uts/v2/view/product/umc.cmc.6j55iouqbmzi3kz6vmgg0dt09/personalized?utsk=6e3013c6d6fae3c2%3A%3A%3A%3A%3A%3Ae08f7cfb96228836&caller=web&sf=143441&v=46&pfm=appletv&mfr=Apple&locale=en-US&l=en&brandId=tvs.sbd.4000&count=100&skip=0&svcId=tvs.vds.4105 HTTP/1.1" 200 2173
2025-01-22 06:51:32 [D] ATVP : {'svcId': 'tvs.vds.4105', 'isExternal': True, 'adamId': '1734944816'}
2025-01-22 06:51:32 [D] ATVP : https://play-edge.itunes.apple.com/WebObjects/MZPlayLocal.woa/hls/subscription/playlist.m3u8?cc=US&svcId=tvs.vds.4105&a=1734944816&isExternal=true&brandId=tvs.sbd.4000&id=888789994&l=en-US&aec=UHD
2025-01-22 06:51:32 [D] urllib3.connectionpool : Starting new HTTPS connection (1): play-edge.itunes.apple.com:443
2025-01-22 06:51:33 [D] urllib3.connectionpool : https://play-edge.itunes.apple.com:443 "GET /WebObjects/MZPlayLocal.woa/hls/subscription/playlist.m3u8?cc=US&svcId=tvs.vds.4105&a=1734944816&isExternal=true&brandId=tvs.sbd.4000&id=888789994&l=en-US&aec=UHD HTTP/1.1" 200 30450
2025-01-22 06:51:33 [D] charset_normalizer : Encoding detection: utf_8 is most likely the one.
2025-01-22 06:51:33 [I] ATVP : > Selected Tracks:
2025-01-22 06:51:33 [I] Tracks : 1 Video Track:
2025-01-22 06:51:33 [I] Tracks : ├─ VID | [H.265, SDR] | 3840x1920 @ 20776 kb/s, 23.976 FPS
2025-01-22 06:51:33 [I] Tracks : 1 Audio Track:
2025-01-22 06:51:33 [I] Tracks : ├─ AUD | [E-AC3] | [atmos, atmos] | 16/JOC | 768 kb/s | en | [Original]
2025-01-22 06:51:33 [I] Tracks : 1 Text Track:
2025-01-22 06:51:33 [I] Tracks : ├─ SUB | [VTT] | en | [Original]
2025-01-22 06:51:34 [D] urllib3.connectionpool : https://play-edge.itunes.apple.com:443 "GET /WebObjects/MZPlayLocal.woa/hls/subscription/stream/playlist.m3u8?cc=US&g=598&cdn=vod-ak-aoc.tv.apple.com&mainAssetAdamId=1734944816&a=1735025985+1734944816+1736449581+1736449437+1736449089+1736449188+1736449377+1736448930+1736449060&p=846189249+888789994+838556452+838555926+838555708+838555139+862133573+838554700+838556562&st=3794306143+4024316717+3753535570+3753534294+3753531397+3753529449+3881288880+3753524363+3753536162 HTTP/1.1" 200 9128
2025-01-22 06:51:34 [D] charset_normalizer : Encoding detection: ascii is most likely the one.
2025-01-22 06:51:34 [I] ATVP :  + PSSH: vgEAAAEAAQC0ATwAVwBSAE0ASABFAEEARABFAFIAIAB4AG0AbABuAHMAPQAiAGgAdAB0AHAAOgAvAC8AcwBjAGgAZQBtAGEAcwAuAG0AaQBjAHIAbwBzAG8AZgB0AC4AYwBvAG0ALwBEAFIATQAvADIAMAAwADcALwAwADMALwBQAGwAYQB5AFIAZQBhAGQAeQBIAGUAYQBkAGUAcgAiACAAdgBlAHIAcwBpAG8AbgA9ACIANAAuADMALgAwAC4AMAAiAD4APABEAEEAVABBAD4APABQAFIATwBUAEUAQwBUAEkATgBGAE8APgA8AEsASQBEAFMAPgA8AEsASQBEACAAQQBMAEcASQBEAD0AIgBBAEUAUwBDAEIAQwAiACAAVgBBAEwAVQBFAD0AIgBBAEEAQQBBAEEAUABrADAANgB0AHQAagBNAGkAQQBnAEkAQwBBAGcASQBBAD0APQAiAD4APAAvAEsASQBEAD4APAAvAEsASQBEAFMAPgA8AC8AUABSAE8AVABFAEMAVABJAE4ARgBPAD4APAAvAEQAQQBUAEEAPgA8AC8AVwBSAE0ASABFAEEARABFAFIAPgA=
2025-01-22 06:51:34 [I] ATVP :  + KID: 0000000034f9dbea6332202020202020
2025-01-22 06:51:34 [I] ATVP : Decrypting...
2025-01-22 06:51:34 [I] ATVP : CDM Session ID - 9f15ff1ab671b4fc069a3ffde34e468a
2025-01-22 06:51:34 [D] urllib3.connectionpool : https://play.itunes.apple.com:443 "POST /WebObjects/MZPlay.woa/wa/fpsRequest?utsk=6e3013c6d6fae3c2%3A%3A%3A%3A%3A%3Ae08f7cfb96228836&caller=web&sf=143441&v=46&pfm=appletv&mfr=Apple&locale=en-US&l=en&brandId=tvs.sbd.4000&count=100&skip=0&svcId=tvs.vds.4105 HTTP/1.1" 200 1169
2025-01-22 06:51:34 [I] ATVP :  + Obtained content keys from the CDM
2025-01-22 06:51:34 [I] ATVP :  + 0000000034f9dbea6332202020202020:2d25eb87ff2659e1c5e9f985170b6e9d
2025-01-22 06:51:34 [I] ATVP : Caching to Local (LOCAL) vault
2025-01-22 06:51:35 [I] ATVP :  + Cached 1/1 keys
2025-01-22 06:51:35 [I] ATVP :  + KEY: 2d25eb87ff2659e1c5e9f985170b6e9d (From CDM)
2025-01-22 06:51:35 [D] urllib3.connectionpool : https://play-edge.itunes.apple.com:443 "GET /WebObjects/MZPlayLocal.woa/hls/subscription/stream/playlist.m3u8?cc=US&g=2768&cdn=vod-ak-aoc.tv.apple.com&mainAssetAdamId=1734944816&a=1735025985+1734944816+1736449581+1736449437+1736449089+1736449188+1736449377+1736448930+1736449060&p=846189249+888789994+838556452+838555926+838555708+838555139+862133573+838554700+838556562&st=3794306219+4024310914+3753535655+3753534627+3753531520+3753529521+3881288873+3753524590+3753536176 HTTP/1.1" 200 3206
2025-01-22 06:51:35 [D] charset_normalizer : Encoding detection: ascii is most likely the one.
2025-01-22 06:51:35 [I] ATVP :  + PSSH: vgEAAAEAAQC0ATwAVwBSAE0ASABFAEEARABFAFIAIAB4AG0AbABuAHMAPQAiAGgAdAB0AHAAOgAvAC8AcwBjAGgAZQBtAGEAcwAuAG0AaQBjAHIAbwBzAG8AZgB0AC4AYwBvAG0ALwBEAFIATQAvADIAMAAwADcALwAwADMALwBQAGwAYQB5AFIAZQBhAGQAeQBIAGUAYQBkAGUAcgAiACAAdgBlAHIAcwBpAG8AbgA9ACIANAAuADMALgAwAC4AMAAiAD4APABEAEEAVABBAD4APABQAFIATwBUAEUAQwBUAEkATgBGAE8APgA8AEsASQBEAFMAPgA8AEsASQBEACAAQQBMAEcASQBEAD0AIgBBAEUAUwBDAEIAQwAiACAAVgBBAEwAVQBFAD0AIgBBAEEAQQBBAEEAUABrADAANgB0AHQAagBOAGkAQQBnAEkAQwBBAGcASQBBAD0APQAiAD4APAAvAEsASQBEAD4APAAvAEsASQBEAFMAPgA8AC8AUABSAE8AVABFAEMAVABJAE4ARgBPAD4APAAvAEQAQQBUAEEAPgA8AC8AVwBSAE0ASABFAEEARABFAFIAPgA=
2025-01-22 06:51:35 [I] ATVP :  + KID: 0000000034f9dbea6336202020202020
2025-01-22 06:51:35 [I] ATVP : Decrypting...
2025-01-22 06:51:35 [I] ATVP : CDM Session ID - 5d53cd5e81911302b52b546226878bdf
2025-01-22 06:51:36 [D] urllib3.connectionpool : https://play.itunes.apple.com:443 "POST /WebObjects/MZPlay.woa/wa/fpsRequest?utsk=6e3013c6d6fae3c2%3A%3A%3A%3A%3A%3Ae08f7cfb96228836&caller=web&sf=143441&v=46&pfm=appletv&mfr=Apple&locale=en-US&l=en&brandId=tvs.sbd.4000&count=100&skip=0&svcId=tvs.vds.4105 HTTP/1.1" 200 1130
2025-01-22 06:51:36 [I] ATVP :  + Obtained content keys from the CDM
2025-01-22 06:51:36 [I] ATVP :  + 0000000034f9dbea6336202020202020:bbef2ea133a5b494cae782537ee30fcb
2025-01-22 06:51:36 [I] ATVP : Caching to Local (LOCAL) vault
2025-01-22 06:51:36 [I] ATVP :  + Cached 1/1 keys
2025-01-22 06:51:36 [I] ATVP :  + KEY: bbef2ea133a5b494cae782537ee30fcb (From CDM)
2025-01-22 06:51:36 [I] ATVP : Getting tracks for Dark Matter S01E04 - The Corridor [umc.cmc.4luj45vtqpmjsvb6sc2675oeg]
2025-01-22 06:51:37 [D] urllib3.connectionpool : https://tv.apple.com:443 "GET /api/uts/v2/view/product/umc.cmc.28fmj9znd80esrnm3wr0k4fy5/personalized?utsk=6e3013c6d6fae3c2%3A%3A%3A%3A%3A%3Ae08f7cfb96228836&caller=web&sf=143441&v=46&pfm=appletv&mfr=Apple&locale=en-US&l=en&brandId=tvs.sbd.4000&count=100&skip=0&svcId=tvs.vds.4105 HTTP/1.1" 200 2167
2025-01-22 06:51:37 [D] ATVP : {'svcId': 'tvs.vds.4105', 'isExternal': True, 'adamId': '1734937691'}
2025-01-22 06:51:37 [D] ATVP : https://play-edge.itunes.apple.com/WebObjects/MZPlayLocal.woa/hls/subscription/playlist.m3u8?cc=US&svcId=tvs.vds.4105&a=1734937691&isExternal=true&brandId=tvs.sbd.4000&id=888801903&l=en-US&aec=UHD
2025-01-22 06:51:37 [D] urllib3.connectionpool : Starting new HTTPS connection (1): play-edge.itunes.apple.com:443
2025-01-22 06:51:38 [D] urllib3.connectionpool : https://play-edge.itunes.apple.com:443 "GET /WebObjects/MZPlayLocal.woa/hls/subscription/playlist.m3u8?cc=US&svcId=tvs.vds.4105&a=1734937691&isExternal=true&brandId=tvs.sbd.4000&id=888801903&l=en-US&aec=UHD HTTP/1.1" 200 30727
2025-01-22 06:51:38 [D] charset_normalizer : Encoding detection: utf_8 is most likely the one.
2025-01-22 06:51:38 [I] ATVP : > Selected Tracks:
2025-01-22 06:51:38 [I] Tracks : 1 Video Track:
2025-01-22 06:51:38 [I] Tracks : ├─ VID | [H.265, SDR] | 3840x1920 @ 20695 kb/s, 23.976 FPS
2025-01-22 06:51:38 [I] Tracks : 1 Audio Track:
2025-01-22 06:51:38 [I] Tracks : ├─ AUD | [E-AC3] | [atmos, atmos] | 16/JOC | 768 kb/s | en | [Original]
2025-01-22 06:51:38 [I] Tracks : 1 Text Track:
2025-01-22 06:51:38 [I] Tracks : ├─ SUB | [VTT] | en | [Original]
2025-01-22 06:51:39 [D] urllib3.connectionpool : https://play-edge.itunes.apple.com:443 "GET /WebObjects/MZPlayLocal.woa/hls/subscription/stream/playlist.m3u8?cc=US&g=598&cdn=vod-ak-aoc.tv.apple.com&mainAssetAdamId=1734937691&a=1734713079+1734937691+1737347192+1736366127+1736366237+1737739059+1736366268+1736366126+1736366019&p=847847251+888801903+840512143+838394784+838394837+841494769+838394910+838394821+838394700&st=3803126694+4024355124+3764050091+3752702305+3752702484+3769337664+3752703125+3752702731+3752703627 HTTP/1.1" 200 10619
2025-01-22 06:51:39 [D] charset_normalizer : Encoding detection: ascii is most likely the one.
2025-01-22 06:51:39 [I] ATVP :  + PSSH: vgEAAAEAAQC0ATwAVwBSAE0ASABFAEEARABFAFIAIAB4AG0AbABuAHMAPQAiAGgAdAB0AHAAOgAvAC8AcwBjAGgAZQBtAGEAcwAuAG0AaQBjAHIAbwBzAG8AZgB0AC4AYwBvAG0ALwBEAFIATQAvADIAMAAwADcALwAwADMALwBQAGwAYQB5AFIAZQBhAGQAeQBIAGUAYQBkAGUAcgAiACAAdgBlAHIAcwBpAG8AbgA9ACIANAAuADMALgAwAC4AMAAiAD4APABEAEEAVABBAD4APABQAFIATwBUAEUAQwBUAEkATgBGAE8APgA8AEsASQBEAFMAPgA8AEsASQBEACAAQQBMAEcASQBEAD0AIgBBAEUAUwBDAEIAQwAiACAAVgBBAEwAVQBFAD0AIgBBAEEAQQBBAEEAUABvADAAYgB3AHAAagBNAGkAQQBnAEkAQwBBAGcASQBBAD0APQAiAD4APAAvAEsASQBEAD4APAAvAEsASQBEAFMAPgA8AC8AUABSAE8AVABFAEMAVABJAE4ARgBPAD4APAAvAEQAQQBUAEEAPgA8AC8AVwBSAE0ASABFAEEARABFAFIAPgA=
2025-01-22 06:51:39 [I] ATVP :  + KID: 0000000034fa0a6f6332202020202020
2025-01-22 06:51:39 [I] ATVP : Decrypting...
2025-01-22 06:51:39 [I] ATVP : CDM Session ID - f08a37b8f71e58b9407254bd9a6af82d
2025-01-22 06:51:40 [D] urllib3.connectionpool : https://play.itunes.apple.com:443 "POST /WebObjects/MZPlay.woa/wa/fpsRequest?utsk=6e3013c6d6fae3c2%3A%3A%3A%3A%3A%3Ae08f7cfb96228836&caller=web&sf=143441&v=46&pfm=appletv&mfr=Apple&locale=en-US&l=en&brandId=tvs.sbd.4000&count=100&skip=0&svcId=tvs.vds.4105 HTTP/1.1" 200 1170
2025-01-22 06:51:40 [I] ATVP :  + Obtained content keys from the CDM
2025-01-22 06:51:40 [I] ATVP :  + 0000000034fa0a6f6332202020202020:5718116c73c9856553908a0daca8c71f
2025-01-22 06:51:40 [I] ATVP : Caching to Local (LOCAL) vault
2025-01-22 06:51:40 [I] ATVP :  + Cached 1/1 keys
2025-01-22 06:51:40 [I] ATVP :  + KEY: 5718116c73c9856553908a0daca8c71f (From CDM)
2025-01-22 06:51:40 [D] urllib3.connectionpool : https://play-edge.itunes.apple.com:443 "GET /WebObjects/MZPlayLocal.woa/hls/subscription/stream/playlist.m3u8?cc=US&g=2768&cdn=vod-ak-aoc.tv.apple.com&mainAssetAdamId=1734937691&a=1734713079+1734937691+1737347192+1736366127+1736366237+1737739059+1736366268+1736366126+1736366019&p=847847251+888801903+840512143+838394784+838394837+841494769+838394910+838394821+838394700&st=3803126648+4024346978+3764050456+3752702450+3752702643+3769337684+3752703197+3752702803+3752703744 HTTP/1.1" 200 3524
2025-01-22 06:51:40 [D] charset_normalizer : Encoding detection: ascii is most likely the one.
2025-01-22 06:51:40 [I] ATVP :  + PSSH: vgEAAAEAAQC0ATwAVwBSAE0ASABFAEEARABFAFIAIAB4AG0AbABuAHMAPQAiAGgAdAB0AHAAOgAvAC8AcwBjAGgAZQBtAGEAcwAuAG0AaQBjAHIAbwBzAG8AZgB0AC4AYwBvAG0ALwBEAFIATQAvADIAMAAwADcALwAwADMALwBQAGwAYQB5AFIAZQBhAGQAeQBIAGUAYQBkAGUAcgAiACAAdgBlAHIAcwBpAG8AbgA9ACIANAAuADMALgAwAC4AMAAiAD4APABEAEEAVABBAD4APABQAFIATwBUAEUAQwBUAEkATgBGAE8APgA8AEsASQBEAFMAPgA8AEsASQBEACAAQQBMAEcASQBEAD0AIgBBAEUAUwBDAEIAQwAiACAAVgBBAEwAVQBFAD0AIgBBAEEAQQBBAEEAUABvADAAYgB3AHAAagBOAGkAQQBnAEkAQwBBAGcASQBBAD0APQAiAD4APAAvAEsASQBEAD4APAAvAEsASQBEAFMAPgA8AC8AUABSAE8AVABFAEMAVABJAE4ARgBPAD4APAAvAEQAQQBUAEEAPgA8AC8AVwBSAE0ASABFAEEARABFAFIAPgA=
2025-01-22 06:51:40 [I] ATVP :  + KID: 0000000034fa0a6f6336202020202020
2025-01-22 06:51:40 [I] ATVP : Decrypting...
2025-01-22 06:51:40 [I] ATVP : CDM Session ID - 79a264a9491ceb975e2bb88c8bd01f71
2025-01-22 06:51:41 [D] urllib3.connectionpool : https://play.itunes.apple.com:443 "POST /WebObjects/MZPlay.woa/wa/fpsRequest?utsk=6e3013c6d6fae3c2%3A%3A%3A%3A%3A%3Ae08f7cfb96228836&caller=web&sf=143441&v=46&pfm=appletv&mfr=Apple&locale=en-US&l=en&brandId=tvs.sbd.4000&count=100&skip=0&svcId=tvs.vds.4105 HTTP/1.1" 200 1133
2025-01-22 06:51:41 [I] ATVP :  + Obtained content keys from the CDM
2025-01-22 06:51:41 [I] ATVP :  + 0000000034fa0a6f6336202020202020:6df008006a115abedab35540f49c7723
2025-01-22 06:51:41 [I] ATVP : Caching to Local (LOCAL) vault
2025-01-22 06:51:41 [I] ATVP :  + Cached 1/1 keys
2025-01-22 06:51:41 [I] ATVP :  + KEY: 6df008006a115abedab35540f49c7723 (From CDM)
2025-01-22 06:51:41 [I] ATVP : Getting tracks for Dark Matter S01E05 - Worldless [umc.cmc.4luj45vtqpmjsvb6sc2675oeg]
2025-01-22 06:51:42 [D] urllib3.connectionpool : https://tv.apple.com:443 "GET /api/uts/v2/view/product/umc.cmc.6x2g0s5mg32dc3dgck558b9x5/personalized?utsk=6e3013c6d6fae3c2%3A%3A%3A%3A%3A%3Ae08f7cfb96228836&caller=web&sf=143441&v=46&pfm=appletv&mfr=Apple&locale=en-US&l=en&brandId=tvs.sbd.4000&count=100&skip=0&svcId=tvs.vds.4105 HTTP/1.1" 200 2162
2025-01-22 06:51:42 [D] ATVP : {'svcId': 'tvs.vds.4105', 'isExternal': True, 'adamId': '1734930494'}
2025-01-22 06:51:42 [D] ATVP : https://play-edge.itunes.apple.com/WebObjects/MZPlayLocal.woa/hls/subscription/playlist.m3u8?cc=US&svcId=tvs.vds.4105&a=1734930494&isExternal=true&brandId=tvs.sbd.4000&id=888808864&l=en-US&aec=UHD
2025-01-22 06:51:42 [D] urllib3.connectionpool : Starting new HTTPS connection (1): play-edge.itunes.apple.com:443
2025-01-22 06:51:43 [D] urllib3.connectionpool : https://play-edge.itunes.apple.com:443 "GET /WebObjects/MZPlayLocal.woa/hls/subscription/playlist.m3u8?cc=US&svcId=tvs.vds.4105&a=1734930494&isExternal=true&brandId=tvs.sbd.4000&id=888808864&l=en-US&aec=UHD HTTP/1.1" 200 30487
2025-01-22 06:51:43 [D] charset_normalizer : Encoding detection: utf_8 is most likely the one.
2025-01-22 06:51:43 [I] ATVP : > Selected Tracks:
2025-01-22 06:51:43 [I] Tracks : 1 Video Track:
2025-01-22 06:51:43 [I] Tracks : ├─ VID | [H.265, SDR] | 3840x1920 @ 20791 kb/s, 23.976 FPS
2025-01-22 06:51:43 [I] Tracks : 1 Audio Track:
2025-01-22 06:51:43 [I] Tracks : ├─ AUD | [E-AC3] | [atmos, atmos] | 16/JOC | 768 kb/s | en | [Original]
2025-01-22 06:51:43 [I] Tracks : 1 Text Track:
2025-01-22 06:51:43 [I] Tracks : ├─ SUB | [VTT] | en | [Original]
2025-01-22 06:51:44 [D] urllib3.connectionpool : https://play-edge.itunes.apple.com:443 "GET /WebObjects/MZPlayLocal.woa/hls/subscription/stream/playlist.m3u8?cc=US&g=598&cdn=vod-ak-aoc.tv.apple.com&mainAssetAdamId=1734930494&a=1735369430+1734930494+1737731546+1737731555+1737731367+1738934714+1737731543+1737731173+1737731356&p=852541257+888808864+841480131+841480182+841479829+844029620+854432532+841480097+841480078&st=3828727392+4024372659+3769259290+3769259793+3769257492+3782799782+3838975988+3769260048+3769259095 HTTP/1.1" 200 10012
2025-01-22 06:51:44 [D] charset_normalizer : Encoding detection: ascii is most likely the one.
2025-01-22 06:51:44 [I] ATVP :  + PSSH: vgEAAAEAAQC0ATwAVwBSAE0ASABFAEEARABFAFIAIAB4AG0AbABuAHMAPQAiAGgAdAB0AHAAOgAvAC8AcwBjAGgAZQBtAGEAcwAuAG0AaQBjAHIAbwBzAG8AZgB0AC4AYwBvAG0ALwBEAFIATQAvADIAMAAwADcALwAwADMALwBQAGwAYQB5AFIAZQBhAGQAeQBIAGUAYQBkAGUAcgAiACAAdgBlAHIAcwBpAG8AbgA9ACIANAAuADMALgAwAC4AMAAiAD4APABEAEEAVABBAD4APABQAFIATwBUAEUAQwBUAEkATgBGAE8APgA8AEsASQBEAFMAPgA8AEsASQBEACAAQQBMAEcASQBEAD0AIgBBAEUAUwBDAEIAQwAiACAAVgBBAEwAVQBFAD0AIgBBAEEAQQBBAEEAUABvADAAbwBDAFYAagBNAGkAQQBnAEkAQwBBAGcASQBBAD0APQAiAD4APAAvAEsASQBEAD4APAAvAEsASQBEAFMAPgA8AC8AUABSAE8AVABFAEMAVABJAE4ARgBPAD4APAAvAEQAQQBUAEEAPgA8AC8AVwBSAE0ASABFAEEARABFAFIAPgA=
2025-01-22 06:51:44 [I] ATVP :  + KID: 0000000034fa25a06332202020202020
2025-01-22 06:51:44 [I] ATVP : Decrypting...
2025-01-22 06:51:44 [I] ATVP : CDM Session ID - 17e56b4a469151d5d1909ca78916344d
2025-01-22 06:51:45 [D] urllib3.connectionpool : https://play.itunes.apple.com:443 "POST /WebObjects/MZPlay.woa/wa/fpsRequest?utsk=6e3013c6d6fae3c2%3A%3A%3A%3A%3A%3Ae08f7cfb96228836&caller=web&sf=143441&v=46&pfm=appletv&mfr=Apple&locale=en-US&l=en&brandId=tvs.sbd.4000&count=100&skip=0&svcId=tvs.vds.4105 HTTP/1.1" 200 1169
2025-01-22 06:51:45 [I] ATVP :  + Obtained content keys from the CDM
2025-01-22 06:51:45 [I] ATVP :  + 0000000034fa25a06332202020202020:aa24969308d963c1c6145ea69ad7db5e
2025-01-22 06:51:45 [I] ATVP : Caching to Local (LOCAL) vault
2025-01-22 06:51:45 [I] ATVP :  + Cached 1/1 keys
2025-01-22 06:51:45 [I] ATVP :  + KEY: aa24969308d963c1c6145ea69ad7db5e (From CDM)
2025-01-22 06:51:45 [D] urllib3.connectionpool : https://play-edge.itunes.apple.com:443 "GET /WebObjects/MZPlayLocal.woa/hls/subscription/stream/playlist.m3u8?cc=US&g=2768&cdn=vod-ak-aoc.tv.apple.com&mainAssetAdamId=1734930494&a=1735369430+1734930494+1737731546+1737731555+1737731367+1738934714+1737731543+1737731173+1737731356&p=852541257+888808864+841480131+841480182+841479829+844029620+854432532+841480097+841480078&st=3828727238+4024372146+3769259345+3769259816+3769257626+3782799859+3838975020+3769259949+3769260507 HTTP/1.1" 200 3383
2025-01-22 06:51:45 [D] charset_normalizer : Encoding detection: ascii is most likely the one.
2025-01-22 06:51:45 [I] ATVP :  + PSSH: vgEAAAEAAQC0ATwAVwBSAE0ASABFAEEARABFAFIAIAB4AG0AbABuAHMAPQAiAGgAdAB0AHAAOgAvAC8AcwBjAGgAZQBtAGEAcwAuAG0AaQBjAHIAbwBzAG8AZgB0AC4AYwBvAG0ALwBEAFIATQAvADIAMAAwADcALwAwADMALwBQAGwAYQB5AFIAZQBhAGQAeQBIAGUAYQBkAGUAcgAiACAAdgBlAHIAcwBpAG8AbgA9ACIANAAuADMALgAwAC4AMAAiAD4APABEAEEAVABBAD4APABQAFIATwBUAEUAQwBUAEkATgBGAE8APgA8AEsASQBEAFMAPgA8AEsASQBEACAAQQBMAEcASQBEAD0AIgBBAEUAUwBDAEIAQwAiACAAVgBBAEwAVQBFAD0AIgBBAEEAQQBBAEEAUABvADAAbwBDAFYAagBOAGkAQQBnAEkAQwBBAGcASQBBAD0APQAiAD4APAAvAEsASQBEAD4APAAvAEsASQBEAFMAPgA8AC8AUABSAE8AVABFAEMAVABJAE4ARgBPAD4APAAvAEQAQQBUAEEAPgA8AC8AVwBSAE0ASABFAEEARABFAFIAPgA=
2025-01-22 06:51:45 [I] ATVP :  + KID: 0000000034fa25a06336202020202020
2025-01-22 06:51:45 [I] ATVP : Decrypting...
2025-01-22 06:51:45 [I] ATVP : CDM Session ID - 1a1a2fb9741bfb8a44e64d9e20a0ee8c
2025-01-22 06:51:46 [D] urllib3.connectionpool : https://play.itunes.apple.com:443 "POST /WebObjects/MZPlay.woa/wa/fpsRequest?utsk=6e3013c6d6fae3c2%3A%3A%3A%3A%3A%3Ae08f7cfb96228836&caller=web&sf=143441&v=46&pfm=appletv&mfr=Apple&locale=en-US&l=en&brandId=tvs.sbd.4000&count=100&skip=0&svcId=tvs.vds.4105 HTTP/1.1" 200 1132
2025-01-22 06:51:46 [I] ATVP :  + Obtained content keys from the CDM
2025-01-22 06:51:46 [I] ATVP :  + 0000000034fa25a06336202020202020:d26167b8d052f386ea89066f9a8b6713
2025-01-22 06:51:46 [I] ATVP : Caching to Local (LOCAL) vault
2025-01-22 06:51:46 [I] ATVP :  + Cached 1/1 keys
2025-01-22 06:51:46 [I] ATVP :  + KEY: d26167b8d052f386ea89066f9a8b6713 (From CDM)
2025-01-22 06:51:46 [I] ATVP : Getting tracks for Dark Matter S01E06 - Superposition [umc.cmc.4luj45vtqpmjsvb6sc2675oeg]
2025-01-22 06:51:47 [D] urllib3.connectionpool : https://tv.apple.com:443 "GET /api/uts/v2/view/product/umc.cmc.3x19d1w1r17p6bde7dsljzk8j/personalized?utsk=6e3013c6d6fae3c2%3A%3A%3A%3A%3A%3Ae08f7cfb96228836&caller=web&sf=143441&v=46&pfm=appletv&mfr=Apple&locale=en-US&l=en&brandId=tvs.sbd.4000&count=100&skip=0&svcId=tvs.vds.4105 HTTP/1.1" 200 2164
2025-01-22 06:51:47 [D] ATVP : {'svcId': 'tvs.vds.4105', 'isExternal': True, 'adamId': '1735892350'}
2025-01-22 06:51:47 [D] ATVP : https://play-edge.itunes.apple.com/WebObjects/MZPlayLocal.woa/hls/subscription/playlist.m3u8?cc=US&svcId=tvs.vds.4105&a=1735892350&isExternal=true&brandId=tvs.sbd.4000&id=913915332&l=en-US&aec=UHD
2025-01-22 06:51:47 [D] urllib3.connectionpool : Starting new HTTPS connection (1): play-edge.itunes.apple.com:443
2025-01-22 06:51:48 [D] urllib3.connectionpool : https://play-edge.itunes.apple.com:443 "GET /WebObjects/MZPlayLocal.woa/hls/subscription/playlist.m3u8?cc=US&svcId=tvs.vds.4105&a=1735892350&isExternal=true&brandId=tvs.sbd.4000&id=913915332&l=en-US&aec=UHD HTTP/1.1" 200 30460
2025-01-22 06:51:48 [D] charset_normalizer : Encoding detection: utf_8 is most likely the one.
2025-01-22 06:51:48 [I] ATVP : > Selected Tracks:
2025-01-22 06:51:48 [I] Tracks : 1 Video Track:
2025-01-22 06:51:48 [I] Tracks : ├─ VID | [H.265, SDR] | 3840x1920 @ 20780 kb/s, 23.976 FPS
2025-01-22 06:51:48 [I] Tracks : 1 Audio Track:
2025-01-22 06:51:48 [I] Tracks : ├─ AUD | [E-AC3] | [atmos, atmos] | 16/JOC | 768 kb/s | en | [Original]
2025-01-22 06:51:48 [I] Tracks : 1 Text Track:
2025-01-22 06:51:48 [I] Tracks : ├─ SUB | [VTT] | en | [Original]
2025-01-22 06:51:49 [D] urllib3.connectionpool : https://play-edge.itunes.apple.com:443 "GET /WebObjects/MZPlayLocal.woa/hls/subscription/stream/playlist.m3u8?cc=US&g=598&cdn=vod-ak-aoc.tv.apple.com&mainAssetAdamId=1735892350&a=1735369220+1735892350+1737253794+1737253872+1737253744+1739400434+1737253818+1737253713+1737253674&p=852470399+913915332+840310029+840313330+840309987+844937291+854432355+840309976+840310241&st=3828365020+4158456870+3762903871+3762919963+3762904635+3787554294+3838975058+3762902895+3762905174 HTTP/1.1" 200 9849
2025-01-22 06:51:49 [D] charset_normalizer : Encoding detection: ascii is most likely the one.
2025-01-22 06:51:49 [I] ATVP :  + PSSH: vgEAAAEAAQC0ATwAVwBSAE0ASABFAEEARABFAFIAIAB4AG0AbABuAHMAPQAiAGgAdAB0AHAAOgAvAC8AcwBjAGgAZQBtAGEAcwAuAG0AaQBjAHIAbwBzAG8AZgB0AC4AYwBvAG0ALwBEAFIATQAvADIAMAAwADcALwAwADMALwBQAGwAYQB5AFIAZQBhAGQAeQBIAGUAYQBkAGUAcgAiACAAdgBlAHIAcwBpAG8AbgA9ACIANAAuADMALgAwAC4AMAAiAD4APABEAEEAVABBAD4APABQAFIATwBUAEUAQwBUAEkATgBGAE8APgA8AEsASQBEAFMAPgA8AEsASQBEACAAQQBMAEcASQBEAD0AIgBBAEUAUwBDAEIAQwAiACAAVgBBAEwAVQBFAD0AIgBBAEEAQQBBAEEASABrADIAeABEADEAagBNAGkAQQBnAEkAQwBBAGcASQBBAD0APQAiAD4APAAvAEsASQBEAD4APAAvAEsASQBEAFMAPgA8AC8AUABSAE8AVABFAEMAVABJAE4ARgBPAD4APAAvAEQAQQBUAEEAPgA8AC8AVwBSAE0ASABFAEEARABFAFIAPgA=
2025-01-22 06:51:49 [I] ATVP :  + KID: 0000000036793dc46332202020202020
2025-01-22 06:51:49 [I] ATVP : Decrypting...
2025-01-22 06:51:49 [I] ATVP : CDM Session ID - 9f8a7181220184a8b4ba52154b281896
2025-01-22 06:51:50 [D] urllib3.connectionpool : https://play.itunes.apple.com:443 "POST /WebObjects/MZPlay.woa/wa/fpsRequest?utsk=6e3013c6d6fae3c2%3A%3A%3A%3A%3A%3Ae08f7cfb96228836&caller=web&sf=143441&v=46&pfm=appletv&mfr=Apple&locale=en-US&l=en&brandId=tvs.sbd.4000&count=100&skip=0&svcId=tvs.vds.4105 HTTP/1.1" 200 1167
2025-01-22 06:51:50 [I] ATVP :  + Obtained content keys from the CDM
2025-01-22 06:51:50 [I] ATVP :  + 0000000036793dc46332202020202020:9e00c65ae19ff2e819996b7bfcceebcd
2025-01-22 06:51:50 [I] ATVP : Caching to Local (LOCAL) vault
2025-01-22 06:51:50 [I] ATVP :  + Cached 1/1 keys
2025-01-22 06:51:50 [I] ATVP :  + KEY: 9e00c65ae19ff2e819996b7bfcceebcd (From CDM)
2025-01-22 06:51:50 [D] urllib3.connectionpool : https://play-edge.itunes.apple.com:443 "GET /WebObjects/MZPlayLocal.woa/hls/subscription/stream/playlist.m3u8?cc=US&g=2768&cdn=vod-ak-aoc.tv.apple.com&mainAssetAdamId=1735892350&a=1735369220+1735892350+1737253794+1737253872+1737253744+1739400434+1737253818+1737253713+1737253674&p=852470399+913915332+840310029+840313330+840309987+844937291+854432355+840309976+840310241&st=3828365093+4158450302+3762903891+3762919981+3762904686+3787554275+3838974853+3762902941+3762905385 HTTP/1.1" 200 3367
2025-01-22 06:51:50 [D] charset_normalizer : Encoding detection: ascii is most likely the one.
2025-01-22 06:51:50 [I] ATVP :  + PSSH: vgEAAAEAAQC0ATwAVwBSAE0ASABFAEEARABFAFIAIAB4AG0AbABuAHMAPQAiAGgAdAB0AHAAOgAvAC8AcwBjAGgAZQBtAGEAcwAuAG0AaQBjAHIAbwBzAG8AZgB0AC4AYwBvAG0ALwBEAFIATQAvADIAMAAwADcALwAwADMALwBQAGwAYQB5AFIAZQBhAGQAeQBIAGUAYQBkAGUAcgAiACAAdgBlAHIAcwBpAG8AbgA9ACIANAAuADMALgAwAC4AMAAiAD4APABEAEEAVABBAD4APABQAFIATwBUAEUAQwBUAEkATgBGAE8APgA8AEsASQBEAFMAPgA8AEsASQBEACAAQQBMAEcASQBEAD0AIgBBAEUAUwBDAEIAQwAiACAAVgBBAEwAVQBFAD0AIgBBAEEAQQBBAEEASABrADIAeABEADEAagBOAGkAQQBnAEkAQwBBAGcASQBBAD0APQAiAD4APAAvAEsASQBEAD4APAAvAEsASQBEAFMAPgA8AC8AUABSAE8AVABFAEMAVABJAE4ARgBPAD4APAAvAEQAQQBUAEEAPgA8AC8AVwBSAE0ASABFAEEARABFAFIAPgA=
2025-01-22 06:51:50 [I] ATVP :  + KID: 0000000036793dc46336202020202020
2025-01-22 06:51:50 [I] ATVP : Decrypting...
2025-01-22 06:51:50 [I] ATVP : CDM Session ID - 32b78711dd456d0d375fabb90034ea56
2025-01-22 06:51:51 [D] urllib3.connectionpool : https://play.itunes.apple.com:443 "POST /WebObjects/MZPlay.woa/wa/fpsRequest?utsk=6e3013c6d6fae3c2%3A%3A%3A%3A%3A%3Ae08f7cfb96228836&caller=web&sf=143441&v=46&pfm=appletv&mfr=Apple&locale=en-US&l=en&brandId=tvs.sbd.4000&count=100&skip=0&svcId=tvs.vds.4105 HTTP/1.1" 200 1133
2025-01-22 06:51:51 [I] ATVP :  + Obtained content keys from the CDM
2025-01-22 06:51:51 [I] ATVP :  + 0000000036793dc46336202020202020:f08bbb6e5ff553bf7bfe2a31fa519fb8
2025-01-22 06:51:51 [I] ATVP : Caching to Local (LOCAL) vault
2025-01-22 06:51:51 [I] ATVP :  + Cached 1/1 keys
2025-01-22 06:51:51 [I] ATVP :  + KEY: f08bbb6e5ff553bf7bfe2a31fa519fb8 (From CDM)
2025-01-22 06:51:51 [I] ATVP : Getting tracks for Dark Matter S01E07 - In the Fires of Dead Stars [umc.cmc.4luj45vtqpmjsvb6sc2675oeg]
2025-01-22 06:51:52 [D] urllib3.connectionpool : https://tv.apple.com:443 "GET /api/uts/v2/view/product/umc.cmc.52paqbqoy5648w4e81k0lrqqh/personalized?utsk=6e3013c6d6fae3c2%3A%3A%3A%3A%3A%3Ae08f7cfb96228836&caller=web&sf=143441&v=46&pfm=appletv&mfr=Apple&locale=en-US&l=en&brandId=tvs.sbd.4000&count=100&skip=0&svcId=tvs.vds.4105 HTTP/1.1" 200 2209
2025-01-22 06:51:52 [D] ATVP : {'svcId': 'tvs.vds.4105', 'isExternal': True, 'adamId': '1735854636'}
2025-01-22 06:51:52 [D] ATVP : https://play-edge.itunes.apple.com/WebObjects/MZPlayLocal.woa/hls/subscription/playlist.m3u8?cc=US&svcId=tvs.vds.4105&a=1735854636&isExternal=true&brandId=tvs.sbd.4000&id=905820743&l=en-US&aec=UHD
2025-01-22 06:51:52 [D] urllib3.connectionpool : Starting new HTTPS connection (1): play-edge.itunes.apple.com:443
2025-01-22 06:51:53 [D] urllib3.connectionpool : https://play-edge.itunes.apple.com:443 "GET /WebObjects/MZPlayLocal.woa/hls/subscription/playlist.m3u8?cc=US&svcId=tvs.vds.4105&a=1735854636&isExternal=true&brandId=tvs.sbd.4000&id=905820743&l=en-US&aec=UHD HTTP/1.1" 200 30828
2025-01-22 06:51:53 [D] charset_normalizer : Encoding detection: utf_8 is most likely the one.
2025-01-22 06:51:53 [I] ATVP : > Selected Tracks:
2025-01-22 06:51:53 [I] Tracks : 1 Video Track:
2025-01-22 06:51:53 [I] Tracks : ├─ VID | [H.265, SDR] | 3840x1920 @ 20832 kb/s, 23.976 FPS
2025-01-22 06:51:53 [I] Tracks : 1 Audio Track:
2025-01-22 06:51:53 [I] Tracks : ├─ AUD | [E-AC3] | [atmos, atmos] | 16/JOC | 768 kb/s | en | [Original]
2025-01-22 06:51:53 [I] Tracks : 1 Text Track:
2025-01-22 06:51:53 [I] Tracks : ├─ SUB | [VTT] | en | [Original]
2025-01-22 06:51:54 [D] urllib3.connectionpool : https://play-edge.itunes.apple.com:443 "GET /WebObjects/MZPlayLocal.woa/hls/subscription/stream/playlist.m3u8?cc=US&g=598&cdn=vod-ak-aoc.tv.apple.com&mainAssetAdamId=1735854636&a=1735369478+1735854636+1741562033+1741562138+1741562178+1741561835+1741561988+1741561834+1741561990&p=853570185+905820743+849495718+849496040+849496008+849495699+854433996+849495341+849496151&st=3834397402+4116222330+3812097822+3812099926+3812099332+3812099022+3838987698+3812094165+3812099664 HTTP/1.1" 200 9270
2025-01-22 06:51:54 [D] charset_normalizer : Encoding detection: ascii is most likely the one.
2025-01-22 06:51:54 [I] ATVP :  + PSSH: vgEAAAEAAQC0ATwAVwBSAE0ASABFAEEARABFAFIAIAB4AG0AbABuAHMAPQAiAGgAdAB0AHAAOgAvAC8AcwBjAGgAZQBtAGEAcwAuAG0AaQBjAHIAbwBzAG8AZgB0AC4AYwBvAG0ALwBEAFIATQAvADIAMAAwADcALwAwADMALwBQAGwAYQB5AFIAZQBhAGQAeQBIAGUAYQBkAGUAcgAiACAAdgBlAHIAcwBpAG8AbgA9ACIANAAuADMALgAwAC4AMAAiAD4APABEAEEAVABBAD4APABQAFIATwBUAEUAQwBUAEkATgBGAE8APgA8AEsASQBEAFMAPgA8AEsASQBEACAAQQBMAEcASQBEAD0AIgBBAEUAUwBDAEIAQwAiACAAVgBBAEwAVQBFAD0AIgBBAEEAQQBBAEEAUAAwADEAUgA3AHAAagBNAGkAQQBnAEkAQwBBAGcASQBBAD0APQAiAD4APAAvAEsASQBEAD4APAAvAEsASQBEAFMAPgA8AC8AUABSAE8AVABFAEMAVABJAE4ARgBPAD4APAAvAEQAQQBUAEEAPgA8AC8AVwBSAE0ASABFAEEARABFAFIAPgA=
2025-01-22 06:51:54 [I] ATVP :  + KID: 0000000035fdba476332202020202020
2025-01-22 06:51:54 [I] ATVP : Decrypting...
2025-01-22 06:51:54 [I] ATVP : CDM Session ID - 67be18bb03d4bd7bc394dc4990e8d280
2025-01-22 06:51:55 [D] urllib3.connectionpool : https://play.itunes.apple.com:443 "POST /WebObjects/MZPlay.woa/wa/fpsRequest?utsk=6e3013c6d6fae3c2%3A%3A%3A%3A%3A%3Ae08f7cfb96228836&caller=web&sf=143441&v=46&pfm=appletv&mfr=Apple&locale=en-US&l=en&brandId=tvs.sbd.4000&count=100&skip=0&svcId=tvs.vds.4105 HTTP/1.1" 200 1167
2025-01-22 06:51:55 [I] ATVP :  + Obtained content keys from the CDM
2025-01-22 06:51:55 [I] ATVP :  + 0000000035fdba476332202020202020:a68a078008f7a113b6d444fd785f57e5
2025-01-22 06:51:55 [I] ATVP : Caching to Local (LOCAL) vault
2025-01-22 06:51:55 [I] ATVP :  + Cached 1/1 keys
2025-01-22 06:51:55 [I] ATVP :  + KEY: a68a078008f7a113b6d444fd785f57e5 (From CDM)
2025-01-22 06:51:55 [D] urllib3.connectionpool : https://play-edge.itunes.apple.com:443 "GET /WebObjects/MZPlayLocal.woa/hls/subscription/stream/playlist.m3u8?cc=US&g=2768&cdn=vod-ak-aoc.tv.apple.com&mainAssetAdamId=1735854636&a=1735369478+1735854636+1741562033+1741562138+1741562178+1741561835+1741561988+1741561834+1741561990&p=853570185+905820743+849495718+849496040+849496008+849495699+854433996+849495341+849496151&st=3834397587+4116217276+3812097754+3812099635+3812099353+3812098765+3838987471+3812094158+3812099310 HTTP/1.1" 200 3231
2025-01-22 06:51:55 [D] charset_normalizer : Encoding detection: ascii is most likely the one.
2025-01-22 06:51:55 [I] ATVP :  + PSSH: vgEAAAEAAQC0ATwAVwBSAE0ASABFAEEARABFAFIAIAB4AG0AbABuAHMAPQAiAGgAdAB0AHAAOgAvAC8AcwBjAGgAZQBtAGEAcwAuAG0AaQBjAHIAbwBzAG8AZgB0AC4AYwBvAG0ALwBEAFIATQAvADIAMAAwADcALwAwADMALwBQAGwAYQB5AFIAZQBhAGQAeQBIAGUAYQBkAGUAcgAiACAAdgBlAHIAcwBpAG8AbgA9ACIANAAuADMALgAwAC4AMAAiAD4APABEAEEAVABBAD4APABQAFIATwBUAEUAQwBUAEkATgBGAE8APgA8AEsASQBEAFMAPgA8AEsASQBEACAAQQBMAEcASQBEAD0AIgBBAEUAUwBDAEIAQwAiACAAVgBBAEwAVQBFAD0AIgBBAEEAQQBBAEEAUAAwADEAUgA3AHAAagBOAGkAQQBnAEkAQwBBAGcASQBBAD0APQAiAD4APAAvAEsASQBEAD4APAAvAEsASQBEAFMAPgA8AC8AUABSAE8AVABFAEMAVABJAE4ARgBPAD4APAAvAEQAQQBUAEEAPgA8AC8AVwBSAE0ASABFAEEARABFAFIAPgA=
2025-01-22 06:51:55 [I] ATVP :  + KID: 0000000035fdba476336202020202020
2025-01-22 06:51:55 [I] ATVP : Decrypting...
2025-01-22 06:51:55 [I] ATVP : CDM Session ID - ee44bd164a3568ab0c2d2a38b4657e9b
2025-01-22 06:51:56 [D] urllib3.connectionpool : https://play.itunes.apple.com:443 "POST /WebObjects/MZPlay.woa/wa/fpsRequest?utsk=6e3013c6d6fae3c2%3A%3A%3A%3A%3A%3Ae08f7cfb96228836&caller=web&sf=143441&v=46&pfm=appletv&mfr=Apple&locale=en-US&l=en&brandId=tvs.sbd.4000&count=100&skip=0&svcId=tvs.vds.4105 HTTP/1.1" 200 1133
2025-01-22 06:51:56 [I] ATVP :  + Obtained content keys from the CDM
2025-01-22 06:51:56 [I] ATVP :  + 0000000035fdba476336202020202020:9ad1a7d8c30c85ecf70e38d3885988e6
2025-01-22 06:51:56 [I] ATVP : Caching to Local (LOCAL) vault
2025-01-22 06:51:56 [I] ATVP :  + Cached 1/1 keys
2025-01-22 06:51:56 [I] ATVP :  + KEY: 9ad1a7d8c30c85ecf70e38d3885988e6 (From CDM)
2025-01-22 06:51:56 [I] ATVP : Getting tracks for Dark Matter S01E08 - Jupiter [umc.cmc.4luj45vtqpmjsvb6sc2675oeg]
2025-01-22 06:51:57 [D] urllib3.connectionpool : https://tv.apple.com:443 "GET /api/uts/v2/view/product/umc.cmc.335ios3io7suney27g8fmg6ze/personalized?utsk=6e3013c6d6fae3c2%3A%3A%3A%3A%3A%3Ae08f7cfb96228836&caller=web&sf=143441&v=46&pfm=appletv&mfr=Apple&locale=en-US&l=en&brandId=tvs.sbd.4000&count=100&skip=0&svcId=tvs.vds.4105 HTTP/1.1" 200 2170
2025-01-22 06:51:57 [D] ATVP : {'svcId': 'tvs.vds.4105', 'isExternal': True, 'adamId': '1735545893'}
2025-01-22 06:51:57 [D] ATVP : https://play-edge.itunes.apple.com/WebObjects/MZPlayLocal.woa/hls/subscription/playlist.m3u8?cc=US&svcId=tvs.vds.4105&a=1735545893&isExternal=true&brandId=tvs.sbd.4000&id=888808992&l=en-US&aec=UHD
2025-01-22 06:51:57 [D] urllib3.connectionpool : Starting new HTTPS connection (1): play-edge.itunes.apple.com:443
2025-01-22 06:51:58 [D] urllib3.connectionpool : https://play-edge.itunes.apple.com:443 "GET /WebObjects/MZPlayLocal.woa/hls/subscription/playlist.m3u8?cc=US&svcId=tvs.vds.4105&a=1735545893&isExternal=true&brandId=tvs.sbd.4000&id=888808992&l=en-US&aec=UHD HTTP/1.1" 200 30735
2025-01-22 06:51:58 [D] charset_normalizer : Encoding detection: utf_8 is most likely the one.
2025-01-22 06:51:58 [I] ATVP : > Selected Tracks:
2025-01-22 06:51:58 [I] Tracks : 1 Video Track:
2025-01-22 06:51:58 [I] Tracks : ├─ VID | [H.265, SDR] | 3840x1920 @ 20841 kb/s, 23.976 FPS
2025-01-22 06:51:58 [I] Tracks : 1 Audio Track:
2025-01-22 06:51:58 [I] Tracks : ├─ AUD | [E-AC3] | [atmos, atmos] | 16/JOC | 768 kb/s | en | [Original]
2025-01-22 06:51:58 [I] Tracks : 1 Text Track:
2025-01-22 06:51:58 [I] Tracks : ├─ SUB | [VTT] | en | [Original]
2025-01-22 06:51:59 [D] urllib3.connectionpool : https://play-edge.itunes.apple.com:443 "GET /WebObjects/MZPlayLocal.woa/hls/subscription/stream/playlist.m3u8?cc=US&g=598&cdn=vod-ak-aoc.tv.apple.com&mainAssetAdamId=1735545893&a=1735385830+1735545893+1739823703+1739823915+1739824232+1739823524+1741867033+1739823804+1739823820&p=850502354+888808992+845812084+845812417+845815432+845811656+854433424+845811614+845811616&st=3817606405+4024324916+3792183078+3792183647+3792203029+3792178841+3838983037+3792177994+3792178266 HTTP/1.1" 200 8649
2025-01-22 06:51:59 [D] charset_normalizer : Encoding detection: ascii is most likely the one.
2025-01-22 06:51:59 [I] ATVP :  + PSSH: vgEAAAEAAQC0ATwAVwBSAE0ASABFAEEARABFAFIAIAB4AG0AbABuAHMAPQAiAGgAdAB0AHAAOgAvAC8AcwBjAGgAZQBtAGEAcwAuAG0AaQBjAHIAbwBzAG8AZgB0AC4AYwBvAG0ALwBEAFIATQAvADIAMAAwADcALwAwADMALwBQAGwAYQB5AFIAZQBhAGQAeQBIAGUAYQBkAGUAcgAiACAAdgBlAHIAcwBpAG8AbgA9ACIANAAuADMALgAwAC4AMAAiAD4APABEAEEAVABBAD4APABQAFIATwBUAEUAQwBUAEkATgBGAE8APgA8AEsASQBEAFMAPgA8AEsASQBEACAAQQBMAEcASQBEAD0AIgBBAEUAUwBDAEIAQwAiACAAVgBBAEwAVQBFAD0AIgBBAEEAQQBBAEEAUABvADAASQBDAFoAagBNAGkAQQBnAEkAQwBBAGcASQBBAD0APQAiAD4APAAvAEsASQBEAD4APAAvAEsASQBEAFMAPgA8AC8AUABSAE8AVABFAEMAVABJAE4ARgBPAD4APAAvAEQAQQBUAEEAPgA8AC8AVwBSAE0ASABFAEEARABFAFIAPgA=
2025-01-22 06:51:59 [I] ATVP :  + KID: 0000000034fa26206332202020202020
2025-01-22 06:51:59 [I] ATVP : Decrypting...
2025-01-22 06:51:59 [I] ATVP : CDM Session ID - f1d00288448dd69df1138b262098efdc
2025-01-22 06:51:59 [D] urllib3.connectionpool : https://play.itunes.apple.com:443 "POST /WebObjects/MZPlay.woa/wa/fpsRequest?utsk=6e3013c6d6fae3c2%3A%3A%3A%3A%3A%3Ae08f7cfb96228836&caller=web&sf=143441&v=46&pfm=appletv&mfr=Apple&locale=en-US&l=en&brandId=tvs.sbd.4000&count=100&skip=0&svcId=tvs.vds.4105 HTTP/1.1" 200 1170
2025-01-22 06:51:59 [I] ATVP :  + Obtained content keys from the CDM
2025-01-22 06:51:59 [I] ATVP :  + 0000000034fa26206332202020202020:bddba49666bc839cca107bb8218e4d78
2025-01-22 06:51:59 [I] ATVP : Caching to Local (LOCAL) vault
2025-01-22 06:51:59 [I] ATVP :  + Cached 1/1 keys
2025-01-22 06:51:59 [I] ATVP :  + KEY: bddba49666bc839cca107bb8218e4d78 (From CDM)
2025-01-22 06:52:00 [D] urllib3.connectionpool : https://play-edge.itunes.apple.com:443 "GET /WebObjects/MZPlayLocal.woa/hls/subscription/stream/playlist.m3u8?cc=US&g=2768&cdn=vod-ak-aoc.tv.apple.com&mainAssetAdamId=1735545893&a=1735385830+1735545893+1739823703+1739823915+1739824232+1739823524+1741867033+1739823804+1739823820&p=850502354+888808992+845812084+845812417+845815432+845811656+854433424+845811614+845811616&st=3817606234+4024321811+3792183084+3792183648+3792203022+3792178905+3838982960+3792178007+3792178551 HTTP/1.1" 200 3106
2025-01-22 06:52:00 [D] charset_normalizer : Encoding detection: ascii is most likely the one.
2025-01-22 06:52:00 [I] ATVP :  + PSSH: vgEAAAEAAQC0ATwAVwBSAE0ASABFAEEARABFAFIAIAB4AG0AbABuAHMAPQAiAGgAdAB0AHAAOgAvAC8AcwBjAGgAZQBtAGEAcwAuAG0AaQBjAHIAbwBzAG8AZgB0AC4AYwBvAG0ALwBEAFIATQAvADIAMAAwADcALwAwADMALwBQAGwAYQB5AFIAZQBhAGQAeQBIAGUAYQBkAGUAcgAiACAAdgBlAHIAcwBpAG8AbgA9ACIANAAuADMALgAwAC4AMAAiAD4APABEAEEAVABBAD4APABQAFIATwBUAEUAQwBUAEkATgBGAE8APgA8AEsASQBEAFMAPgA8AEsASQBEACAAQQBMAEcASQBEAD0AIgBBAEUAUwBDAEIAQwAiACAAVgBBAEwAVQBFAD0AIgBBAEEAQQBBAEEAUABvADAASQBDAFoAagBOAGkAQQBnAEkAQwBBAGcASQBBAD0APQAiAD4APAAvAEsASQBEAD4APAAvAEsASQBEAFMAPgA8AC8AUABSAE8AVABFAEMAVABJAE4ARgBPAD4APAAvAEQAQQBUAEEAPgA8AC8AVwBSAE0ASABFAEEARABFAFIAPgA=
2025-01-22 06:52:00 [I] ATVP :  + KID: 0000000034fa26206336202020202020
2025-01-22 06:52:00 [I] ATVP : Decrypting...
2025-01-22 06:52:00 [I] ATVP : CDM Session ID - feea5dacd2946ff870bcbbeb8d2c0841
2025-01-22 06:52:01 [D] urllib3.connectionpool : https://play.itunes.apple.com:443 "POST /WebObjects/MZPlay.woa/wa/fpsRequest?utsk=6e3013c6d6fae3c2%3A%3A%3A%3A%3A%3Ae08f7cfb96228836&caller=web&sf=143441&v=46&pfm=appletv&mfr=Apple&locale=en-US&l=en&brandId=tvs.sbd.4000&count=100&skip=0&svcId=tvs.vds.4105 HTTP/1.1" 200 1133
2025-01-22 06:52:01 [I] ATVP :  + Obtained content keys from the CDM
2025-01-22 06:52:01 [I] ATVP :  + 0000000034fa26206336202020202020:a508d3b12dca0154931fea3c71279156
2025-01-22 06:52:01 [I] ATVP : Caching to Local (LOCAL) vault
2025-01-22 06:52:01 [I] ATVP :  + Cached 1/1 keys
2025-01-22 06:52:01 [I] ATVP :  + KEY: a508d3b12dca0154931fea3c71279156 (From CDM)
2025-01-22 06:52:01 [I] ATVP : Getting tracks for Dark Matter S01E09 - Entanglement [umc.cmc.4luj45vtqpmjsvb6sc2675oeg]
2025-01-22 06:52:01 [D] urllib3.connectionpool : https://tv.apple.com:443 "GET /api/uts/v2/view/product/umc.cmc.305djozvk7qk94wgnyh1jrdyt/personalized?utsk=6e3013c6d6fae3c2%3A%3A%3A%3A%3A%3Ae08f7cfb96228836&caller=web&sf=143441&v=46&pfm=appletv&mfr=Apple&locale=en-US&l=en&brandId=tvs.sbd.4000&count=100&skip=0&svcId=tvs.vds.4105 HTTP/1.1" 429 0
2025-01-22 06:52:01 [D] urllib3.util.retry : Incremented Retry for (url='/api/uts/v2/view/product/umc.cmc.305djozvk7qk94wgnyh1jrdyt/personalized?utsk=6e3013c6d6fae3c2%3A%3A%3A%3A%3A%3Ae08f7cfb96228836&caller=web&sf=143441&v=46&pfm=appletv&mfr=Apple&locale=en-US&l=en&brandId=tvs.sbd.4000&count=100&skip=0&svcId=tvs.vds.4105'): Retry(total=4, connect=None, read=None, redirect=None, status=None)
2025-01-22 06:52:01 [D] urllib3.connectionpool : Retry: /api/uts/v2/view/product/umc.cmc.305djozvk7qk94wgnyh1jrdyt/personalized?utsk=6e3013c6d6fae3c2%3A%3A%3A%3A%3A%3Ae08f7cfb96228836&caller=web&sf=143441&v=46&pfm=appletv&mfr=Apple&locale=en-US&l=en&brandId=tvs.sbd.4000&count=100&skip=0&svcId=tvs.vds.4105
2025-01-22 06:52:02 [D] urllib3.connectionpool : https://tv.apple.com:443 "GET /api/uts/v2/view/product/umc.cmc.305djozvk7qk94wgnyh1jrdyt/personalized?utsk=6e3013c6d6fae3c2%3A%3A%3A%3A%3A%3Ae08f7cfb96228836&caller=web&sf=143441&v=46&pfm=appletv&mfr=Apple&locale=en-US&l=en&brandId=tvs.sbd.4000&count=100&skip=0&svcId=tvs.vds.4105 HTTP/1.1" 200 2165
2025-01-22 06:52:02 [D] ATVP : {'svcId': 'tvs.vds.4105', 'isExternal': True, 'adamId': '1735893742'}
2025-01-22 06:52:02 [D] ATVP : https://play-edge.itunes.apple.com/WebObjects/MZPlayLocal.woa/hls/subscription/playlist.m3u8?cc=US&svcId=tvs.vds.4105&a=1735893742&isExternal=true&brandId=tvs.sbd.4000&id=888884902&l=en-US&aec=UHD
2025-01-22 06:52:02 [D] urllib3.connectionpool : Starting new HTTPS connection (1): play-edge.itunes.apple.com:443
2025-01-22 06:52:03 [D] urllib3.connectionpool : https://play-edge.itunes.apple.com:443 "GET /WebObjects/MZPlayLocal.woa/hls/subscription/playlist.m3u8?cc=US&svcId=tvs.vds.4105&a=1735893742&isExternal=true&brandId=tvs.sbd.4000&id=888884902&l=en-US&aec=UHD HTTP/1.1" 200 30719
2025-01-22 06:52:03 [D] charset_normalizer : Encoding detection: utf_8 is most likely the one.
2025-01-22 06:52:03 [I] ATVP : > Selected Tracks:
2025-01-22 06:52:03 [I] Tracks : 1 Video Track:
2025-01-22 06:52:03 [I] Tracks : ├─ VID | [H.265, SDR] | 3840x1920 @ 20667 kb/s, 23.976 FPS
2025-01-22 06:52:03 [I] Tracks : 1 Audio Track:
2025-01-22 06:52:03 [I] Tracks : ├─ AUD | [E-AC3] | [atmos, atmos] | 16/JOC | 768 kb/s | en | [Original]
2025-01-22 06:52:03 [I] Tracks : 1 Text Track:
2025-01-22 06:52:03 [I] Tracks : ├─ SUB | [VTT] | en | [Original]
2025-01-22 06:52:04 [D] urllib3.connectionpool : https://play-edge.itunes.apple.com:443 "GET /WebObjects/MZPlayLocal.woa/hls/subscription/stream/playlist.m3u8?cc=US&g=598&cdn=vod-ak-aoc.tv.apple.com&mainAssetAdamId=1735893742&a=1736771796+1735893742+1740616210+1740616944+1740617091+1740616420+1740616788+1740617571+1740617842&p=852688288+888884902+847476156+847478212+847478429+847476794+847476434+847479310+847478924&st=3829508610+4024746647+3801102610+3801112562+3801115111+3801104804+3801103598+3801120080+3801118312 HTTP/1.1" 200 10302
2025-01-22 06:52:04 [D] charset_normalizer : Encoding detection: ascii is most likely the one.
2025-01-22 06:52:04 [I] ATVP :  + PSSH: vgEAAAEAAQC0ATwAVwBSAE0ASABFAEEARABFAFIAIAB4AG0AbABuAHMAPQAiAGgAdAB0AHAAOgAvAC8AcwBjAGgAZQBtAGEAcwAuAG0AaQBjAHIAbwBzAG8AZgB0AC4AYwBvAG0ALwBEAFIATQAvADIAMAAwADcALwAwADMALwBQAGwAYQB5AFIAZQBhAGQAeQBIAGUAYQBkAGUAcgAiACAAdgBlAHIAcwBpAG8AbgA9ACIANAAuADMALgAwAC4AMAAiAD4APABEAEEAVABBAD4APABQAFIATwBUAEUAQwBUAEkATgBGAE8APgA8AEsASQBEAFMAPgA8AEsASQBEACAAQQBMAEcASQBEAD0AIgBBAEUAUwBDAEIAQwAiACAAVgBBAEwAVQBFAD0AIgBBAEEAQQBBAEEAUABzADAAcABrADUAagBNAGkAQQBnAEkAQwBBAGcASQBBAD0APQAiAD4APAAvAEsASQBEAD4APAAvAEsASQBEAFMAPgA8AC8AUABSAE8AVABFAEMAVABJAE4ARgBPAD4APAAvAEQAQQBUAEEAPgA8AC8AVwBSAE0ASABFAEEARABFAFIAPgA=
2025-01-22 06:52:04 [I] ATVP :  + KID: 0000000034fb4ea66332202020202020
2025-01-22 06:52:04 [I] ATVP : Decrypting...
2025-01-22 06:52:04 [I] ATVP : CDM Session ID - 3d23c9ea5c49b8fa33319487ba352eeb
2025-01-22 06:52:04 [D] urllib3.connectionpool : https://play.itunes.apple.com:443 "POST /WebObjects/MZPlay.woa/wa/fpsRequest?utsk=6e3013c6d6fae3c2%3A%3A%3A%3A%3A%3Ae08f7cfb96228836&caller=web&sf=143441&v=46&pfm=appletv&mfr=Apple&locale=en-US&l=en&brandId=tvs.sbd.4000&count=100&skip=0&svcId=tvs.vds.4105 HTTP/1.1" 200 1169
2025-01-22 06:52:04 [I] ATVP :  + Obtained content keys from the CDM
2025-01-22 06:52:04 [I] ATVP :  + 0000000034fb4ea66332202020202020:c4d87e6d70532d3f7c65ff0f06c13a4e
2025-01-22 06:52:04 [I] ATVP : Caching to Local (LOCAL) vault
2025-01-22 06:52:04 [I] ATVP :  + Cached 1/1 keys
2025-01-22 06:52:04 [I] ATVP :  + KEY: c4d87e6d70532d3f7c65ff0f06c13a4e (From CDM)
2025-01-22 06:52:05 [D] urllib3.connectionpool : https://play-edge.itunes.apple.com:443 "GET /WebObjects/MZPlayLocal.woa/hls/subscription/stream/playlist.m3u8?cc=US&g=2768&cdn=vod-ak-aoc.tv.apple.com&mainAssetAdamId=1735893742&a=1736771796+1735893742+1740616210+1740616944+1740617091+1740616420+1740616788+1740617571+1740617842&p=852688288+888884902+847476156+847478212+847478429+847476794+847476434+847479310+847478924&st=3829508671+4024745105+3801102496+3801112567+3801115075+3801104667+3801102938+3801120059+3801117743 HTTP/1.1" 200 3485
2025-01-22 06:52:05 [D] charset_normalizer : Encoding detection: ascii is most likely the one.
2025-01-22 06:52:05 [I] ATVP :  + PSSH: vgEAAAEAAQC0ATwAVwBSAE0ASABFAEEARABFAFIAIAB4AG0AbABuAHMAPQAiAGgAdAB0AHAAOgAvAC8AcwBjAGgAZQBtAGEAcwAuAG0AaQBjAHIAbwBzAG8AZgB0AC4AYwBvAG0ALwBEAFIATQAvADIAMAAwADcALwAwADMALwBQAGwAYQB5AFIAZQBhAGQAeQBIAGUAYQBkAGUAcgAiACAAdgBlAHIAcwBpAG8AbgA9ACIANAAuADMALgAwAC4AMAAiAD4APABEAEEAVABBAD4APABQAFIATwBUAEUAQwBUAEkATgBGAE8APgA8AEsASQBEAFMAPgA8AEsASQBEACAAQQBMAEcASQBEAD0AIgBBAEUAUwBDAEIAQwAiACAAVgBBAEwAVQBFAD0AIgBBAEEAQQBBAEEAUABzADAAcABrADUAagBOAGkAQQBnAEkAQwBBAGcASQBBAD0APQAiAD4APAAvAEsASQBEAD4APAAvAEsASQBEAFMAPgA8AC8AUABSAE8AVABFAEMAVABJAE4ARgBPAD4APAAvAEQAQQBUAEEAPgA8AC8AVwBSAE0ASABFAEEARABFAFIAPgA=
2025-01-22 06:52:05 [I] ATVP :  + KID: 0000000034fb4ea66336202020202020
2025-01-22 06:52:05 [I] ATVP : Decrypting...
2025-01-22 06:52:05 [I] ATVP : CDM Session ID - d1f1363fe36e884dcd20f8a402864aa6
2025-01-22 06:52:06 [D] urllib3.connectionpool : https://play.itunes.apple.com:443 "POST /WebObjects/MZPlay.woa/wa/fpsRequest?utsk=6e3013c6d6fae3c2%3A%3A%3A%3A%3A%3Ae08f7cfb96228836&caller=web&sf=143441&v=46&pfm=appletv&mfr=Apple&locale=en-US&l=en&brandId=tvs.sbd.4000&count=100&skip=0&svcId=tvs.vds.4105 HTTP/1.1" 200 1134
2025-01-22 06:52:06 [I] ATVP :  + Obtained content keys from the CDM
2025-01-22 06:52:06 [I] ATVP :  + 0000000034fb4ea66336202020202020:dffb3af5291eee4dc9bdab4fef852383
2025-01-22 06:52:06 [I] ATVP : Caching to Local (LOCAL) vault
2025-01-22 06:52:06 [I] ATVP :  + Cached 1/1 keys
2025-01-22 06:52:06 [I] ATVP :  + KEY: dffb3af5291eee4dc9bdab4fef852383 (From CDM)
2025-01-22 06:52:06 [I] ATVP : Processed all titles!
