2025-01-21 22:38:09 [I] vt : vinetrimmer - Widevine DRM downloader and decrypter
2025-01-21 22:38:09 [I] vt : [Root Config]     : B:\decryption\PlayReady-Amazon-Tool-main\vinetrimmer\vinetrimmer.yml
2025-01-21 22:38:09 [I] vt : [Service Configs] : B:\decryption\PlayReady-Amazon-Tool-main\vinetrimmer\Services
2025-01-21 22:38:09 [I] vt : [Cookies]         : B:\decryption\PlayReady-Amazon-Tool-main\vinetrimmer\Cookies
2025-01-21 22:38:09 [I] vt : [CDM Devices]     : B:\decryption\PlayReady-Amazon-Tool-main\vinetrimmer\devices
2025-01-21 22:38:09 [I] vt : [Cache]           : B:\decryption\PlayReady-Amazon-Tool-main\vinetrimmer\Cache
2025-01-21 22:38:09 [I] vt : [Logs]            : B:\decryption\PlayReady-Amazon-Tool-main\vinetrimmer\Logs
2025-01-21 22:38:09 [I] vt : [Temp Files]      : B:\decryption\PlayReady-Amazon-Tool-main\Temp
2025-01-21 22:38:09 [I] vt : [Downloads]       : B:\decryption\PlayReady-Amazon-Tool-main\Downloads
2025-01-21 22:38:09 [I] dl :  + 1 Local Vault
2025-01-21 22:38:09 [I] dl :  + 0 Remote Vaults
2025-01-21 22:38:09 [I] dl :  + Loaded Device: Hisense SmartTV HU50A6100UW (L3000)
2025-01-21 22:38:09 [D] urllib3.connectionpool : Starting new HTTPS connection (1): tv.apple.com:443
2025-01-21 22:38:12 [D] urllib3.connectionpool : https://tv.apple.com:443 "GET / HTTP/1.1" 200 None
2025-01-21 22:38:14 [I] ATVP : Retrieving Titles
2025-01-21 22:38:15 [D] urllib3.connectionpool : https://tv.apple.com:443 "GET /api/uts/v3/shows/umc.cmc.hr7pnm1wbx98w1h3pg7dfbey?utsk=6e3013c6d6fae3c2%3A%3A%3A%3A%3A%3Ae08f7cfb96228836&caller=web&sf=143441&v=46&pfm=appletv&mfr=Apple&locale=en-US&l=en&brandId=tvs.sbd.4000&count=100&skip=0&svcId=tvs.vds.4105 HTTP/1.1" 200 12417
2025-01-21 22:38:16 [D] urllib3.connectionpool : https://tv.apple.com:443 "GET /api/uts/v2/view/show/umc.cmc.hr7pnm1wbx98w1h3pg7dfbey/episodes?utsk=6e3013c6d6fae3c2%3A%3A%3A%3A%3A%3Ae08f7cfb96228836&caller=web&sf=143441&v=46&pfm=appletv&mfr=Apple&locale=en-US&l=en&brandId=tvs.sbd.4000&count=100&skip=0&svcId=tvs.vds.4105 HTTP/1.1" 200 27841
2025-01-21 22:38:16 [I] Titles : Title: Ray Donovan
2025-01-21 22:38:16 [I] Titles : Total Episodes: 82
2025-01-21 22:38:16 [I] Titles : By Season: 1 (12), 2 (12), 3 (12), 4 (12), 5 (12), 6 (12), 7 (10)
2025-01-21 22:38:16 [I] ATVP : Getting tracks for Ray Donovan S01E01 - The Bag or the Bat [umc.cmc.hr7pnm1wbx98w1h3pg7dfbey]
2025-01-21 22:38:17 [D] urllib3.connectionpool : https://tv.apple.com:443 "GET /api/uts/v2/view/product/umc.cmc.6l3w08gkjpo9hozyfdn7gllv4/personalized?utsk=6e3013c6d6fae3c2%3A%3A%3A%3A%3A%3Ae08f7cfb96228836&caller=web&sf=143441&v=46&pfm=appletv&mfr=Apple&locale=en-US&l=en&brandId=tvs.sbd.4000&count=100&skip=0&svcId=tvs.vds.4105 HTTP/1.1" 200 5018
2025-01-21 22:38:17 [D] ATVP : {'svcId': 'tvs.vds.1000370', 'isExternal': True, 'adamId': '1689107009'}
2025-01-21 22:38:17 [D] ATVP : https://play-edge.itunes.apple.com/WebObjects/MZPlayLocal.woa/hls/subscription/playlist.m3u8?cc=US&svcId=tvs.vds.1000370&a=1689107009&isExternal=true&brandId=tvs.sbd.1000230&id=583375116&l=en-US&aec=HD
2025-01-21 22:38:17 [D] urllib3.connectionpool : Starting new HTTPS connection (1): play-edge.itunes.apple.com:443
2025-01-21 22:38:18 [D] urllib3.connectionpool : https://play-edge.itunes.apple.com:443 "GET /WebObjects/MZPlayLocal.woa/hls/subscription/playlist.m3u8?cc=US&svcId=tvs.vds.1000370&a=1689107009&isExternal=true&brandId=tvs.sbd.1000230&id=583375116&l=en-US&aec=HD HTTP/1.1" 200 4973
2025-01-21 22:38:18 [D] charset_normalizer : Encoding detection: utf_8 is most likely the one.
2025-01-21 22:38:18 [I] ATVP : > Selected Tracks:
2025-01-21 22:38:18 [I] Tracks : 1 Video Track:
2025-01-21 22:38:18 [I] Tracks : ├─ VID | [H.264, SDR] | 1920x1080 @ 6832 kb/s, 23.976 FPS
2025-01-21 22:38:18 [I] Tracks : 1 Audio Track:
2025-01-21 22:38:18 [I] Tracks : ├─ AUD | [AC3] | [ac3] | 5.1 | 384 kb/s | en-US | [Original]
2025-01-21 22:38:18 [D] urllib3.connectionpool : Starting new HTTPS connection (1): vod-ak-svod.tv.apple.com:443
2025-01-21 22:38:20 [D] urllib3.connectionpool : https://vod-ak-svod.tv.apple.com:443 "GET /itunes-assets/HLSVideo126/v4/19/43/de/1943de1e-f725-aa8f-68c7-727be2b832de/P583375116_A1689107009_FF_video_gr280_sdr_1920x1080_-.m3u8 HTTP/1.1" 200 None
2025-01-21 22:38:20 [D] charset_normalizer : Encoding detection: ascii is most likely the one.
2025-01-21 22:38:20 [I] ATVP :  + PSSH: vgEAAAEAAQC0ATwAVwBSAE0ASABFAEEARABFAFIAIAB4AG0AbABuAHMAPQAiAGgAdAB0AHAAOgAvAC8AcwBjAGgAZQBtAGEAcwAuAG0AaQBjAHIAbwBzAG8AZgB0AC4AYwBvAG0ALwBEAFIATQAvADIAMAAwADcALwAwADMALwBQAGwAYQB5AFIAZQBhAGQAeQBIAGUAYQBkAGUAcgAiACAAdgBlAHIAcwBpAG8AbgA9ACIANAAuADMALgAwAC4AMAAiAD4APABEAEEAVABBAD4APABQAFIATwBUAEUAQwBUAEkATgBGAE8APgA8AEsASQBEAFMAPgA8AEsASQBEACAAQQBMAEcASQBEAD0AIgBBAEUAUwBDAEIAQwAiACAAVgBBAEwAVQBFAD0AIgBBAEEAQQBBAEEATQBVAGkARABKAGwAagBNAFMAQQBnAEkAQwBBAGcASQBBAD0APQAiAD4APAAvAEsASQBEAD4APAAvAEsASQBEAFMAPgA8AC8AUABSAE8AVABFAEMAVABJAE4ARgBPAD4APAAvAEQAQQBUAEEAPgA8AC8AVwBSAE0ASABFAEEARABFAFIAPgA=
2025-01-21 22:38:20 [I] ATVP :  + KID: 0000000022c5990c6331202020202020
2025-01-21 22:38:20 [I] ATVP : Decrypting...
2025-01-21 22:38:20 [I] ATVP : CDM Session ID - 55d87756e713d13791044142204270ed
2025-01-21 22:38:21 [D] urllib3.connectionpool : Starting new HTTPS connection (1): play.itunes.apple.com:443
2025-01-21 22:38:22 [D] urllib3.connectionpool : https://play.itunes.apple.com:443 "POST /WebObjects/MZPlay.woa/wa/fpsRequest?utsk=6e3013c6d6fae3c2%3A%3A%3A%3A%3A%3Ae08f7cfb96228836&caller=web&sf=143441&v=46&pfm=appletv&mfr=Apple&locale=en-US&l=en&brandId=tvs.sbd.4000&count=100&skip=0&svcId=tvs.vds.4105 HTTP/1.1" 200 1128
2025-01-21 22:38:22 [I] ATVP :  + Obtained content keys from the CDM
2025-01-21 22:38:22 [I] ATVP :  + 0000000022c5990c6331202020202020:4ac55e8ef19f3a9df9f359e567828814
2025-01-21 22:38:22 [I] ATVP : Caching to Local (LOCAL) vault
2025-01-21 22:38:23 [I] ATVP :  + Cached 1/1 keys
2025-01-21 22:38:23 [I] ATVP :  + KEY: 4ac55e8ef19f3a9df9f359e567828814 (From CDM)
2025-01-21 22:38:23 [D] urllib3.connectionpool : https://vod-ak-svod.tv.apple.com:443 "GET /itunes-assets/HLSVideo116/v4/16/fe/64/16fe6443-9ec6-a527-be8c-7898d7b66658/P583375116_A1689107009_audio_en-US_gr384_mp4a-A5.m3u8 HTTP/1.1" 200 None
2025-01-21 22:38:23 [D] charset_normalizer : Encoding detection: ascii is most likely the one.
2025-01-21 22:38:23 [I] ATVP :  + PSSH: vgEAAAEAAQC0ATwAVwBSAE0ASABFAEEARABFAFIAIAB4AG0AbABuAHMAPQAiAGgAdAB0AHAAOgAvAC8AcwBjAGgAZQBtAGEAcwAuAG0AaQBjAHIAbwBzAG8AZgB0AC4AYwBvAG0ALwBEAFIATQAvADIAMAAwADcALwAwADMALwBQAGwAYQB5AFIAZQBhAGQAeQBIAGUAYQBkAGUAcgAiACAAdgBlAHIAcwBpAG8AbgA9ACIANAAuADMALgAwAC4AMAAiAD4APABEAEEAVABBAD4APABQAFIATwBUAEUAQwBUAEkATgBGAE8APgA8AEsASQBEAFMAPgA8AEsASQBEACAAQQBMAEcASQBEAD0AIgBBAEUAUwBDAEIAQwAiACAAVgBBAEwAVQBFAD0AIgBBAEEAQQBBAEEATQBVAGkARABKAGwAagBOAGkAQQBnAEkAQwBBAGcASQBBAD0APQAiAD4APAAvAEsASQBEAD4APAAvAEsASQBEAFMAPgA8AC8AUABSAE8AVABFAEMAVABJAE4ARgBPAD4APAAvAEQAQQBUAEEAPgA8AC8AVwBSAE0ASABFAEEARABFAFIAPgA=
2025-01-21 22:38:23 [I] ATVP :  + KID: 0000000022c5990c6336202020202020
2025-01-21 22:38:23 [I] ATVP : Decrypting...
2025-01-21 22:38:24 [I] ATVP : CDM Session ID - c70694f03c543b66f5ee4626b8219f4d
2025-01-21 22:38:24 [D] urllib3.connectionpool : https://play.itunes.apple.com:443 "POST /WebObjects/MZPlay.woa/wa/fpsRequest?utsk=6e3013c6d6fae3c2%3A%3A%3A%3A%3A%3Ae08f7cfb96228836&caller=web&sf=143441&v=46&pfm=appletv&mfr=Apple&locale=en-US&l=en&brandId=tvs.sbd.4000&count=100&skip=0&svcId=tvs.vds.4105 HTTP/1.1" 200 1134
2025-01-21 22:38:24 [I] ATVP :  + Obtained content keys from the CDM
2025-01-21 22:38:24 [I] ATVP :  + 0000000022c5990c6336202020202020:68ecda73104c0125c4a58fa5c6158e22
2025-01-21 22:38:24 [I] ATVP : Caching to Local (LOCAL) vault
2025-01-21 22:38:24 [I] ATVP :  + Cached 1/1 keys
2025-01-21 22:38:24 [I] ATVP :  + KEY: 68ecda73104c0125c4a58fa5c6158e22 (From CDM)
2025-01-21 22:38:24 [I] ATVP : Getting tracks for Ray Donovan S01E02 - A Mouth Is a Mouth [umc.cmc.hr7pnm1wbx98w1h3pg7dfbey]
2025-01-21 22:38:25 [D] urllib3.connectionpool : https://tv.apple.com:443 "GET /api/uts/v2/view/product/umc.cmc.6ujs927vjniyey9hyvsa8akgf/personalized?utsk=6e3013c6d6fae3c2%3A%3A%3A%3A%3A%3Ae08f7cfb96228836&caller=web&sf=143441&v=46&pfm=appletv&mfr=Apple&locale=en-US&l=en&brandId=tvs.sbd.4000&count=100&skip=0&svcId=tvs.vds.4105 HTTP/1.1" 200 4711
2025-01-21 22:38:25 [D] ATVP : {'id': 'tvs.sbd.1000230:_knlsZ8G6HFWZmGPVop7f1_CVFzE_LNk', 'title': 'A Mouth Is A Mouth', 'images': {'coverArt': {'width': 1920, 'height': 1080, 'url': 'https://is1-ssl.mzstatic.com/image/thumb/LFd4UEDpfHj5Hh_r1dhGdA/{w}x{h}.{f}', 'joeColor': 'b:rgb(19,11,19) p:rgb(232,178,136) s:rgb(222,167,133) t:rgb(189,145,112) q:rgb(181,136,110)'}, 'coverArt16X9': {'width': 1920, 'height': 1080, 'url': 'https://is1-ssl.mzstatic.com/image/thumb/LFd4UEDpfHj5Hh_r1dhGdA/{w}x{h}.{f}', 'joeColor': 'b:rgb(19,11,19) p:rgb(232,178,136) s:rgb(222,167,133) t:rgb(189,145,112) q:rgb(181,136,110)'}}, 'url': 'https://tv.apple.com/us/episode/a-mouth-is-a-mouth/umc.cmc.6ujs927vjniyey9hyvsa8akgf?showId=umc.cmc.hr7pnm1wbx98w1h3pg7dfbey&playableId=tvs.sbd.1000230%3A_knlsZ8G6HFWZmGPVop7f1_CVFzE_LNk', 'type': 'Vod', 'channelId': 'tvs.sbd.1000230', 'subscriptionOffers': [{'adamId': '1460219043', 'buyParams': 'offerName=CBS_1month_001&offrd-free-trial=true&price=0&pg=default&appExtVrsId=863429828&salableAdamId=1460219043&pricingParameters=STDQ&bid=com.apple.tv&offrd-intro-price=true&trialPref=V2&productType=A&appAdamId=1174078549&entryContext=AgJaTm1pLjZhNzg3YzViLTgwMDYtNDQ3ZS1hMDYxLTg0N2YyMzU2ZDhkMAIGMy45', 'price': '12.99', 'priceForDisplay': '$12.99', 'renewalPeriod': 'P1M', 'title': 'Paramount+', 'freeTrialPeriod': 'P7D', 'introOfferPeriod': 'P7D', 'introOfferPrice': '0.00', 'introOfferPriceForDisplay': '$0.00', 'eligibilityType': 'INTRO', 'showUpsell': True, 'upsellEditorialData': {'shortNote': 'Get free access to Paramount+ on Apple TV channels.', 'tagLine': 'Stream hit originals, movies, family favorites, and live sports—plus SHOWTIME series and movies. Share with your family, download to watch offline, and cancel anytime.', 'images': {'heroImage': {'width': 4320, 'height': 1080, 'url': 'https://is1-ssl.mzstatic.com/image/thumb/Features221/v4/ba/c2/cd/bac2cd99-e178-37b8-dbe8-134083cbbe20/e4ffc574-6241-463c-9c60-916d16f4024f.png/{w}x{h}sr.{f}', 'joeColor': 'b:rgb(17,17,17) p:rgb(193,197,197) s:rgb(245,153,136) t:rgb(157,161,161) q:rgb(199,126,112)', 'isP3': True}, 'channelSplashTallImage': {'width': 1680, 'height': 3636, 'url': 'https://is1-ssl.mzstatic.com/image/thumb/Features221/v4/39/62/d3/3962d32a-d06e-60f6-850a-ecb98b8b3f53/926404cf-ea58-429a-9a85-3966463e4bcc.png/{w}x{h}{c}.{f}', 'joeColor': 'b:rgb(17,17,17) p:rgb(245,171,185) s:rgb(221,145,127) t:rgb(199,140,152) q:rgb(180,120,105)', 'isP3': True}, 'channelSplashFullScreenImage': {'width': 4320, 'height': 3240, 'url': 'https://is1-ssl.mzstatic.com/image/thumb/Features221/v4/54/0f/96/540f96c7-a135-0da3-c097-e40914fad953/a4530953-8498-4ef3-8b8f-d31f43f76de5.png/{w}x{h}{c}.{f}', 'joeColor': 'b:rgb(10,10,10) p:rgb(179,208,192) s:rgb(218,147,137) t:rgb(145,168,155) q:rgb(176,120,111)', 'isP3': True}}}, 'type': 'TV_CHANNELS', 'legalLine': '7\xa0days free, then $12.99/month', 'ctaCopy': 'Try Paramount+ Free', 'isFree': True, 'offerId': '1460219043-INTRO', 'offeredFreeTrial': False, 'metrics': {'eligibilityType': 'INTRO', 'idType': 'its_id', 'targetId': '1460219043', 'location.0.id': '1460219043', 'offerType': 'subscribe', 'offerDecisionId': '15e41828-6bde-4a17-9d4e-4ecf1c860019', 'location.0.idType': 'its_id', 'marketing.marketingItemId': 'mi.6a787c5b-8006-447e-a061-847f2356d8d0', 'placementType': 'INLINE', 'offerTrialPeriod': 'P7D', 'id': '1460219043', 'placement': 'tvChannelsGeneric', 'adamId': '1460219043', 'location.id': '1460219043'}}], 'isEntitled': False, 'isEntitledToPlayOnDevice': False, 'isEntitledToPlay': False, 'isConsented': False, 'contentId': 'umc.cmr.cbs.ep.4tpc9e01h4bodzi036w67wueb', 'canonicalId': 'umc.cmc.6ujs927vjniyey9hyvsa8akgf', 'contentType': 'Episode', 'externalId': '_knlsZ8G6HFWZmGPVop7f1_CVFzE_LNk', 'isItunes': False, 'releaseDate': 1373155200000, 'duration': 3176, 'ratingValue': 600, 'ratingSystemType': 'tv', 'rating': {'name': 'TV_MA', 'value': 600, 'system': 'us_tv', 'systemType': 'tv', 'displayName': 'TV-MA'}, 'primaryLocale': {'locale': 'en_US', 'displayName': 'English (United States)'}, 'closedCaptionedLocales': [{'locale': 'en_US', 'displayName': 'English (United States)'}], 'audioTrackFormats': ['Dolby5.1', 'AAC'], 'videoQuality': 'HD', 'videoColorRange': 'SDR', 'entitlementReason': 'Unknown', 'isGeoRestricted': False, 'isMarkAsWatchedEnabled': True}
2025-01-21 22:38:25 [C] ATVP :  - User is not entitled to play this title
