2025-01-21 23:12:02 [I] vt : vinetrimmer - Widevine DRM downloader and decrypter
2025-01-21 23:12:02 [I] vt : [Root Config]     : B:\decryption\PlayReady-Amazon-Tool-main\vinetrimmer\vinetrimmer.yml
2025-01-21 23:12:02 [I] vt : [Service Configs] : B:\decryption\PlayReady-Amazon-Tool-main\vinetrimmer\Services
2025-01-21 23:12:02 [I] vt : [Cookies]         : B:\decryption\PlayReady-Amazon-Tool-main\vinetrimmer\Cookies
2025-01-21 23:12:02 [I] vt : [CDM Devices]     : B:\decryption\PlayReady-Amazon-Tool-main\vinetrimmer\devices
2025-01-21 23:12:02 [I] vt : [Cache]           : B:\decryption\PlayReady-Amazon-Tool-main\vinetrimmer\Cache
2025-01-21 23:12:02 [I] vt : [Logs]            : B:\decryption\PlayReady-Amazon-Tool-main\vinetrimmer\Logs
2025-01-21 23:12:02 [I] vt : [Temp Files]      : B:\decryption\PlayReady-Amazon-Tool-main\Temp
2025-01-21 23:12:02 [I] vt : [Downloads]       : B:\decryption\PlayReady-Amazon-Tool-main\Downloads
2025-01-21 23:12:02 [I] dl :  + 1 Local Vault
2025-01-21 23:12:02 [I] dl :  + 0 Remote Vaults
2025-01-21 23:12:02 [I] dl :  + Loaded Device: Hisense SmartTV HU50A6100UW (L3000)
2025-01-21 23:12:02 [D] urllib3.connectionpool : Starting new HTTPS connection (1): tv.apple.com:443
2025-01-21 23:12:06 [D] urllib3.connectionpool : https://tv.apple.com:443 "GET / HTTP/1.1" 200 None
2025-01-21 23:12:07 [I] ATVP : Retrieving Titles
2025-01-21 23:12:08 [D] urllib3.connectionpool : https://tv.apple.com:443 "GET /api/uts/v3/shows/umc.cmc.71tbyxchxiwotaysuuztm8p54?utsk=6e3013c6d6fae3c2%3A%3A%3A%3A%3A%3Ae08f7cfb96228836&caller=web&sf=143441&v=46&pfm=appletv&mfr=Apple&locale=en-US&l=en&brandId=tvs.sbd.4000&count=100&skip=0&svcId=tvs.vds.4105 HTTP/1.1" 200 4478
2025-01-21 23:12:08 [D] ATVP : {'description': 'Take three Trailer Park Boys, add one dysfunctional TV network, stir in a bunch of illicit activity and a healthy dose of profanity. Whaddya get? A combo platter of comedy entertainment that will spawn shipping containers of laughter. Welcome to Trailer Park Boys: The SwearNet Show.', 'genres': [{'id': 'umc.gnr.tv.comedy', 'name': 'Comedy', 'type': 'Genre', 'url': 'https://tv.apple.com/us/genre/comedy/umc.gnr.tv.comedy'}], 'id': 'umc.cmc.71tbyxchxiwotaysuuztm8p54', 'images': {'contentImage': {'height': 1080, 'isP3': False, 'joeColor': 'b:rgb(42,29,23) p:rgb(221,172,139) s:rgb(224,125,62) t:rgb(185,143,116) q:rgb(188,106,54)', 'supportsLayeredImage': False, 'url': 'https://is1-ssl.mzstatic.com/image/thumb/P06oXh3ehWnlXzgBuW2lZg/{w}x{h}.{f}', 'width': 1920}, 'contentImageTall': {'height': 400, 'joeColor': 'b:rgb(36,27,24) p:rgb(234,199,187) s:rgb(211,174,157) t:rgb(194,165,154) q:rgb(176,145,130)', 'supportsLayeredImage': False, 'url': 'https://is1-ssl.mzstatic.com/image/thumb/9rA25u9LyFXR9_JS5b7gFg/{w}x{h}.{f}', 'width': 400}, 'posterArt': {'height': 1080, 'isP3': False, 'joeColor': 'b:rgb(209,210,210) p:rgb(11,12,13) s:rgb(15,14,14) t:rgb(51,51,52) q:rgb(54,53,53)', 'supportsLayeredImage': False, 'url': 'https://is1-ssl.mzstatic.com/image/thumb/ut5U_6x7Du50y-ASJtf42w/{w}x{h}.{f}', 'width': 1920}}, 'network': 'Shout Factory', 'rating': {'displayName': 'TV-MA', 'name': 'TV_MA', 'system': 'us_tv', 'systemType': 'tv', 'value': 600}, 'releaseDate': 1661990400000, 'rolesSummary': {'cast': ['John Paul Tremblay', 'Mike Smith', 'Robb Wells']}, 'title': 'Trailer Park Boys: The SwearNet Show', 'type': 'Show', 'url': 'https://tv.apple.com/us/show/trailer-park-boys-the-swearnet-show/umc.cmc.71tbyxchxiwotaysuuztm8p54'}
2025-01-21 23:12:08 [D] urllib3.connectionpool : https://tv.apple.com:443 "GET /api/uts/v2/view/show/umc.cmc.71tbyxchxiwotaysuuztm8p54/episodes?utsk=6e3013c6d6fae3c2%3A%3A%3A%3A%3A%3Ae08f7cfb96228836&caller=web&sf=143441&v=46&pfm=appletv&mfr=Apple&locale=en-US&l=en&brandId=tvs.sbd.4000&count=100&skip=0&svcId=tvs.vds.4105 HTTP/1.1" 200 19817
2025-01-21 23:12:08 [I] Titles : Title: Trailer Park Boys: The SwearNet Show
2025-01-21 23:12:08 [I] Titles : Total Episodes: 100
2025-01-21 23:12:08 [I] Titles : By Season: 1 (10), 2 (10), 3 (10), 4 (10), 5 (10), 6 (10), 7 (10), 8 (10), 9 (10), 10 (10)
2025-01-21 23:12:08 [I] ATVP : Getting tracks for Trailer Park Boys: The SwearNet Show S01E01 - Trailer Park Boys: The SwearNet Show: S1 E1 - Episode 101 [umc.cmc.71tbyxchxiwotaysuuztm8p54]
2025-01-21 23:12:09 [D] urllib3.connectionpool : https://tv.apple.com:443 "GET /api/uts/v2/view/product/umc.cmc.4xfj1ud51uqtpmwrbl8a5t0w9/personalized?utsk=6e3013c6d6fae3c2%3A%3A%3A%3A%3A%3Ae08f7cfb96228836&caller=web&sf=143441&v=46&pfm=appletv&mfr=Apple&locale=en-US&l=en&brandId=tvs.sbd.4000&count=100&skip=0&svcId=tvs.vds.4105 HTTP/1.1" 200 2152
2025-01-21 23:12:09 [D] ATVP : {'id': 'tvs.sbd.12962:amzn1.dv.gti.14b40e2a-194f-4109-8030-7a24b78ea17f:US', 'title': 'Trailer Park Boys: The SwearNet Show: S1 E1 - Episode 101', 'images': {'coverArt': {'width': 1600, 'height': 900, 'url': 'https://is1-ssl.mzstatic.com/image/thumb/P_1S6uOZorGwkhkb1phXKg/{w}x{h}.{f}', 'joeColor': 'b:rgb(57,59,61) p:rgb(254,193,179) s:rgb(228,168,152) t:rgb(214,166,156) q:rgb(194,146,133)'}, 'coverArt16X9': {'width': 1600, 'height': 900, 'url': 'https://is1-ssl.mzstatic.com/image/thumb/P_1S6uOZorGwkhkb1phXKg/{w}x{h}.{f}', 'joeColor': 'b:rgb(57,59,61) p:rgb(254,193,179) s:rgb(228,168,152) t:rgb(214,166,156) q:rgb(194,146,133)'}}, 'type': 'Vod', 'channelId': 'tvs.sbd.12962', 'isEntitled': False, 'isEntitledToPlayOnDevice': False, 'isEntitledToPlay': False, 'isConsented': False, 'contentId': 'umc.cmr.aus.ep.1kkpf8bp3ajnim8f808csqdwf', 'canonicalId': 'umc.cmc.4xfj1ud51uqtpmwrbl8a5t0w9', 'contentType': 'Episode', 'externalId': 'amzn1.dv.gti.14b40e2a-194f-4109-8030-7a24b78ea17f:US', 'isItunes': False, 'punchoutUrls': {'open': 'aiv://aiv/detail?gti=amzn1.dv.gti.14b40e2a-194f-4109-8030-7a24b78ea17f&territory=US&ref_=atv_dvm_liv_apl_us_bd_x_src_av', 'play': 'aiv://aiv/watch?gti=amzn1.dv.gti.14b40e2a-194f-4109-8030-7a24b78ea17f&territory=US&time=auto&ref_=atv_dvm_liv_apl_us_bd_x_src_av'}, 'releaseDate': 1659312000000, 'duration': 1434, 'ratingValue': 600, 'ratingSystemType': 'tv', 'rating': {'name': 'TV_MA', 'value': 600, 'system': 'us_tv', 'systemType': 'tv', 'displayName': 'TV-MA'}, 'primaryLocale': {'locale': 'en_CA', 'displayName': 'English (Canada)'}, 'sdhLocales': [{'locale': 'en_CA', 'displayName': 'English (Canada)'}], 'videoQuality': 'HD', 'videoColorRange': 'SDR', 'entitlementReason': 'Unknown', 'isGeoRestricted': False, 'isMarkAsWatchedEnabled': True}
2025-01-21 23:12:09 [C] ATVP :  - User is not entitled to play this title
