2025-01-22 06:56:46 [I] vt : vinetrimmer - Widevine DRM downloader and decrypter
2025-01-22 06:56:46 [I] vt : [Root Config]     : B:\decryption\PlayReady-Amazon-Tool-main\vinetrimmer\vinetrimmer.yml
2025-01-22 06:56:46 [I] vt : [Service Configs] : B:\decryption\PlayReady-Amazon-Tool-main\vinetrimmer\Services
2025-01-22 06:56:46 [I] vt : [Cookies]         : B:\decryption\PlayReady-Amazon-Tool-main\vinetrimmer\Cookies
2025-01-22 06:56:46 [I] vt : [CDM Devices]     : B:\decryption\PlayReady-Amazon-Tool-main\vinetrimmer\devices
2025-01-22 06:56:46 [I] vt : [Cache]           : B:\decryption\PlayReady-Amazon-Tool-main\vinetrimmer\Cache
2025-01-22 06:56:46 [I] vt : [Logs]            : B:\decryption\PlayReady-Amazon-Tool-main\vinetrimmer\Logs
2025-01-22 06:56:46 [I] vt : [Temp Files]      : B:\decryption\PlayReady-Amazon-Tool-main\Temp
2025-01-22 06:56:46 [I] vt : [Downloads]       : B:\decryption\PlayReady-Amazon-Tool-main\Downloads
2025-01-22 06:56:46 [I] dl :  + 1 Local Vault
2025-01-22 06:56:46 [I] dl :  + 0 Remote Vaults
2025-01-22 06:56:46 [I] dl :  + Loaded Device: Hisense SmartTV HU50A6100UW (L3000)
2025-01-22 06:56:46 [I] ATVP :  - Setting Video codec to H265 to get UHD
2025-01-22 06:56:46 [D] urllib3.connectionpool : Starting new HTTPS connection (1): tv.apple.com:443
2025-01-22 06:56:50 [D] urllib3.connectionpool : https://tv.apple.com:443 "GET / HTTP/1.1" 200 None
2025-01-22 06:56:50 [I] ATVP : Retrieving Titles
2025-01-22 06:56:51 [D] urllib3.connectionpool : https://tv.apple.com:443 "GET /api/uts/v3/shows/umc.cmc.4luj45vtqpmjsvb6sc2675oeg?utsk=6e3013c6d6fae3c2%3A%3A%3A%3A%3A%3Ae08f7cfb96228836&caller=web&sf=143441&v=46&pfm=appletv&mfr=Apple&locale=en-US&l=en&brandId=tvs.sbd.4000&count=100&skip=0&svcId=tvs.vds.4105 HTTP/1.1" 200 4966
2025-01-22 06:56:51 [D] ATVP : {'backgroundVideo': {'assets': {'assetAdamId': '1733953386', 'fpsCertificateUrl': 'https://s.mzstatic.com/skdtool_2021_certbundle.bin', 'fpsKeyServerQueryParameters': {'adamId': '1733953386', 'isExternal': True, 'svcId': 'tvs.vds.4105'}, 'fpsKeyServerUrl': 'https://play-edge.itunes.apple.com/WebObjects/MZPlayLocal.woa/wa/fpsRequest', 'fpsNonceServerUrl': 'https://play.itunes.apple.com/WebObjects/MZPlay.woa/wa/checkInNonceRequest', 'hlsUrl': 'https://play-edge.itunes.apple.com/WebObjects/MZPlayLocal.woa/hls/subscription/playlist.m3u8?cc=US&svcId=tvs.vds.4105&a=1733953386&isExternal=true&brandId=tvs.sbd.4000&id=873541774&l=en-US&aec=UHD', 'programId': '873541774'}, 'duration': 158, 'id': 'umc.cmr.atvp.ex.4pzeq11bv4cttz237npku1az8', 'images': {'contentImage': {'height': 2160, 'isP3': False, 'joeColor': 'b:rgb(9,16,11) p:rgb(238,219,197) s:rgb(239,196,170) t:rgb(192,178,160) q:rgb(193,160,138)', 'supportsLayeredImage': False, 'url': 'https://is1-ssl.mzstatic.com/image/thumb/cjsQOHfaUT9qrR5D09F0WA/{w}x{h}.{f}', 'width': 3840}}, 'mediaMetrics': {'MediaIdentifier': 'a=1733953386:p=873541774:s=tvs.vds.4105:cid=umc.cmc.r1kkm2aztl3iean5hz7vwd1m:rid=umc.cmr.atvp.ex.4pzeq11bv4cttz237npku1az8:e=trailer', 'iTunesServiceMonitoringKey': True}, 'title': 'Duality: Season 1'}, 'commonSenseMedia': {'contentInfo': [{'label': 'Positive Messages', 'rating': 2}, {'label': 'Positive Role Models', 'rating': 2}, {'label': 'Violence', 'rating': 2}, {'label': 'Sex', 'rating': 2}, {'label': 'Language', 'rating': 2}, {'label': 'Consumerism', 'rating': 1}, {'label': 'Drinking, Drugs & Smoking', 'rating': 3}], 'oneLiner': 'Moody, sometimes violent sci-fi about alternate realities.', 'recommendedAge': 14}, 'countriesOfOrigin': [{'countryCode': 'US', 'displayName': 'United States'}], 'description': 'In this mind-bending thriller, Jason Dessen is abducted into an alternate version of his own life. To get back to his real family, Dessen embarks on a journey to save them from the biggest foe imaginable: himself. Based on Blake Crouch’s bestseller.', 'genres': [{'id': 'umc.gnr.tv.scifi', 'name': 'Sci-Fi', 'type': 'Genre', 'url': 'https://tv.apple.com/us/genre/sci-fi/umc.gnr.tv.scifi'}], 'id': 'umc.cmc.4luj45vtqpmjsvb6sc2675oeg', 'images': {'contentImage': {'height': 3240, 'isP3': False, 'joeColor': 'b:rgb(17,26,33) p:rgb(194,215,228) s:rgb(151,189,212) t:rgb(158,177,188) q:rgb(124,156,176)', 'supportsLayeredImage': False, 'url': 'https://is1-ssl.mzstatic.com/image/thumb/J6ATWq1lIVhyiZq6yNoIeQ/{w}x{h}ta.{f}', 'width': 4320}, 'contentImageTall': {'height': 3636, 'joeColor': 'b:rgb(10,24,31) p:rgb(195,213,222) s:rgb(218,141,65) t:rgb(158,175,183) q:rgb(176,118,58)', 'supportsLayeredImage': False, 'url': 'https://is1-ssl.mzstatic.com/image/thumb/4itXw09Baem3LAGdVUMXHQ/{w}x{h}tc.{f}', 'width': 1680}, 'contentLogo': {'height': 1520, 'isP3': False, 'joeColor': 'b:rgb(255,255,255) p:rgb(12,12,12) s:rgb(25,25,25) t:rgb(61,61,61) q:rgb(71,71,71)', 'supportsLayeredImage': False, 'url': 'https://is1-ssl.mzstatic.com/image/thumb/BKquLxKaqfyCLWoqq2hZTw/{w}x{h}.{f}', 'width': 3872}, 'posterArt': {'height': 2160, 'isP3': False, 'joeColor': 'b:rgb(25,29,34) p:rgb(185,209,212) s:rgb(162,195,206) t:rgb(153,173,176) q:rgb(135,161,171)', 'supportsLayeredImage': True, 'url': 'https://is1-ssl.mzstatic.com/image/thumb/XRVC0LFY33UhYRJc3uusMA/{w}x{h}.{f}', 'width': 3840}}, 'isAppleOriginal': True, 'originalSpokenLanguages': [{'displayName': 'English', 'locale': 'en'}], 'rating': {'displayName': 'TV-MA', 'name': 'TV_MA', 'system': 'us_tv', 'systemType': 'tv', 'value': 600}, 'releaseDate': 1715126400000, 'rolesSummary': {'cast': ['Joel Edgerton', 'Jennifer Connelly', 'Alice Braga']}, 'title': 'Dark Matter', 'type': 'Show', 'url': 'https://tv.apple.com/us/show/dark-matter/umc.cmc.4luj45vtqpmjsvb6sc2675oeg'}
2025-01-22 06:56:51 [D] urllib3.connectionpool : https://tv.apple.com:443 "GET /api/uts/v2/view/show/umc.cmc.4luj45vtqpmjsvb6sc2675oeg/episodes?utsk=6e3013c6d6fae3c2%3A%3A%3A%3A%3A%3Ae08f7cfb96228836&caller=web&sf=143441&v=46&pfm=appletv&mfr=Apple&locale=en-US&l=en&brandId=tvs.sbd.4000&count=100&skip=0&svcId=tvs.vds.4105 HTTP/1.1" 200 2567
2025-01-22 06:56:51 [I] Titles : Title: Dark Matter
2025-01-22 06:56:51 [I] Titles : Total Episodes: 9
2025-01-22 06:56:51 [I] Titles : By Season: 1 (9)
2025-01-22 06:56:51 [I] ATVP : Getting tracks for Dark Matter S01E01 - Are You Happy in Your Life? [umc.cmc.4luj45vtqpmjsvb6sc2675oeg]
2025-01-22 06:56:52 [D] urllib3.connectionpool : https://tv.apple.com:443 "GET /api/uts/v2/view/product/umc.cmc.59p6kv4nynpisd1gl300a7810/personalized?utsk=6e3013c6d6fae3c2%3A%3A%3A%3A%3A%3Ae08f7cfb96228836&caller=web&sf=143441&v=46&pfm=appletv&mfr=Apple&locale=en-US&l=en&brandId=tvs.sbd.4000&count=100&skip=0&svcId=tvs.vds.4105 HTTP/1.1" 200 2197
2025-01-22 06:56:52 [D] ATVP : {'svcId': 'tvs.vds.4105', 'isExternal': True, 'adamId': '1727880953'}
2025-01-22 06:56:52 [D] ATVP : https://play-edge.itunes.apple.com/WebObjects/MZPlayLocal.woa/hls/subscription/playlist.m3u8?cc=US&svcId=tvs.vds.4105&a=1727880953&isExternal=true&brandId=tvs.sbd.4000&id=888788216&l=en-US&aec=UHD
2025-01-22 06:56:52 [D] urllib3.connectionpool : Starting new HTTPS connection (1): play-edge.itunes.apple.com:443
2025-01-22 06:56:53 [D] urllib3.connectionpool : https://play-edge.itunes.apple.com:443 "GET /WebObjects/MZPlayLocal.woa/hls/subscription/playlist.m3u8?cc=US&svcId=tvs.vds.4105&a=1727880953&isExternal=true&brandId=tvs.sbd.4000&id=888788216&l=en-US&aec=UHD HTTP/1.1" 200 29419
2025-01-22 06:56:53 [D] charset_normalizer : Encoding detection: utf_8 is most likely the one.
2025-01-22 06:56:54 [I] ATVP : > Selected Tracks:
2025-01-22 06:56:54 [I] Tracks : 1 Video Track:
2025-01-22 06:56:54 [I] Tracks : ├─ VID | [H.265, DV] | 3840x1920 @ 25116 kb/s, 23.976 FPS
2025-01-22 06:56:54 [I] Tracks : 1 Audio Track:
2025-01-22 06:56:54 [I] Tracks : ├─ AUD | [E-AC3] | [atmos, atmos] | 16/JOC | 768 kb/s | en | [Original]
2025-01-22 06:56:54 [I] Tracks : 1 Text Track:
2025-01-22 06:56:54 [I] Tracks : ├─ SUB | [VTT] | en | [Original]
2025-01-22 06:56:54 [D] urllib3.connectionpool : Starting new HTTPS connection (1): play-edge.itunes.apple.com:443
2025-01-22 06:56:55 [D] urllib3.connectionpool : https://play-edge.itunes.apple.com:443 "GET /WebObjects/MZPlayLocal.woa/hls/subscription/stream/playlist.m3u8?cc=US&g=798&cdn=vod-ak-aoc.tv.apple.com&mainAssetAdamId=1727880953&a=1727880953+1735147732+1735147731+1735147814+1735147819+1735147813+1735147723+1735147760&p=888788216+835330154+835339809+835339139+835342723+835329209+835341155+835335432&st=4024199272+3734169972+3734290515+3734282540+3734324314+3734162908+3734310722+3734233714 HTTP/1.1" 200 8378
2025-01-22 06:56:55 [D] charset_normalizer : Encoding detection: ascii is most likely the one.
2025-01-22 06:56:55 [I] ATVP :  + PSSH: vgEAAAEAAQC0ATwAVwBSAE0ASABFAEEARABFAFIAIAB4AG0AbABuAHMAPQAiAGgAdAB0AHAAOgAvAC8AcwBjAGgAZQBtAGEAcwAuAG0AaQBjAHIAbwBzAG8AZgB0AC4AYwBvAG0ALwBEAFIATQAvADIAMAAwADcALwAwADMALwBQAGwAYQB5AFIAZQBhAGQAeQBIAGUAYQBkAGUAcgAiACAAdgBlAHIAcwBpAG8AbgA9ACIANAAuADMALgAwAC4AMAAiAD4APABEAEEAVABBAD4APABQAFIATwBUAEUAQwBUAEkATgBGAE8APgA8AEsASQBEAFMAPgA8AEsASQBEACAAQQBMAEcASQBEAD0AIgBBAEUAUwBDAEIAQwAiACAAVgBBAEwAVQBFAD0AIgBBAEEAQQBBAEEAUABrADAAKwBOAFIAagBOAFMAQQBnAEkAQwBBAGcASQBBAD0APQAiAD4APAAvAEsASQBEAD4APAAvAEsASQBEAFMAPgA8AC8AUABSAE8AVABFAEMAVABJAE4ARgBPAD4APAAvAEQAQQBUAEEAPgA8AC8AVwBSAE0ASABFAEEARABFAFIAPgA=
2025-01-22 06:56:55 [I] ATVP :  + KID: 0000000034f9d4f86335202020202020
2025-01-22 06:56:55 [I] ATVP : Decrypting...
2025-01-22 06:56:55 [I] ATVP :  + KEY: db000031445a4a77823e6f586d609587 (From Local LOCAL Key Vault)
2025-01-22 06:56:56 [D] urllib3.connectionpool : https://play-edge.itunes.apple.com:443 "GET /WebObjects/MZPlayLocal.woa/hls/subscription/stream/playlist.m3u8?cc=US&g=2768&cdn=vod-ak-aoc.tv.apple.com&mainAssetAdamId=1727880953&a=1727880953+1735147732+1735147731+1735147814+1735147819+1735147813+1735147723+1735147760&p=888788216+835330154+835339809+835339139+835342723+835329209+835341155+835335432&st=4024197034+3734170034+3734290709+3734282669+3734324435+3734163009+3734311129+3734233760 HTTP/1.1" 200 2895
2025-01-22 06:56:56 [D] charset_normalizer : Encoding detection: ascii is most likely the one.
2025-01-22 06:56:56 [I] ATVP :  + PSSH: vgEAAAEAAQC0ATwAVwBSAE0ASABFAEEARABFAFIAIAB4AG0AbABuAHMAPQAiAGgAdAB0AHAAOgAvAC8AcwBjAGgAZQBtAGEAcwAuAG0AaQBjAHIAbwBzAG8AZgB0AC4AYwBvAG0ALwBEAFIATQAvADIAMAAwADcALwAwADMALwBQAGwAYQB5AFIAZQBhAGQAeQBIAGUAYQBkAGUAcgAiACAAdgBlAHIAcwBpAG8AbgA9ACIANAAuADMALgAwAC4AMAAiAD4APABEAEEAVABBAD4APABQAFIATwBUAEUAQwBUAEkATgBGAE8APgA8AEsASQBEAFMAPgA8AEsASQBEACAAQQBMAEcASQBEAD0AIgBBAEUAUwBDAEIAQwAiACAAVgBBAEwAVQBFAD0AIgBBAEEAQQBBAEEAUABrADAAKwBOAFIAagBOAGkAQQBnAEkAQwBBAGcASQBBAD0APQAiAD4APAAvAEsASQBEAD4APAAvAEsASQBEAFMAPgA8AC8AUABSAE8AVABFAEMAVABJAE4ARgBPAD4APAAvAEQAQQBUAEEAPgA8AC8AVwBSAE0ASABFAEEARABFAFIAPgA=
2025-01-22 06:56:56 [I] ATVP :  + KID: 0000000034f9d4f86336202020202020
2025-01-22 06:56:56 [I] ATVP : Decrypting...
2025-01-22 06:56:56 [I] ATVP :  + KEY: 00fb974589411dfe70d74858cb35bf19 (From Local LOCAL Key Vault)
2025-01-22 06:56:56 [I] ATVP : Getting tracks for Dark Matter S01E02 - Trip of a Lifetime [umc.cmc.4luj45vtqpmjsvb6sc2675oeg]
2025-01-22 06:56:56 [D] urllib3.connectionpool : https://tv.apple.com:443 "GET /api/uts/v2/view/product/umc.cmc.60bjhw47qtbp8gj5xa4cgfby3/personalized?utsk=6e3013c6d6fae3c2%3A%3A%3A%3A%3A%3Ae08f7cfb96228836&caller=web&sf=143441&v=46&pfm=appletv&mfr=Apple&locale=en-US&l=en&brandId=tvs.sbd.4000&count=100&skip=0&svcId=tvs.vds.4105 HTTP/1.1" 200 2181
2025-01-22 06:56:56 [D] ATVP : {'svcId': 'tvs.vds.4105', 'isExternal': True, 'adamId': '1734971015'}
2025-01-22 06:56:56 [D] ATVP : https://play-edge.itunes.apple.com/WebObjects/MZPlayLocal.woa/hls/subscription/playlist.m3u8?cc=US&svcId=tvs.vds.4105&a=1734971015&isExternal=true&brandId=tvs.sbd.4000&id=888801453&l=en-US&aec=UHD
2025-01-22 06:56:56 [D] urllib3.connectionpool : Starting new HTTPS connection (1): play-edge.itunes.apple.com:443
2025-01-22 06:56:57 [D] urllib3.connectionpool : https://play-edge.itunes.apple.com:443 "GET /WebObjects/MZPlayLocal.woa/hls/subscription/playlist.m3u8?cc=US&svcId=tvs.vds.4105&a=1734971015&isExternal=true&brandId=tvs.sbd.4000&id=888801453&l=en-US&aec=UHD HTTP/1.1" 200 31767
2025-01-22 06:56:57 [D] charset_normalizer : Encoding detection: utf_8 is most likely the one.
2025-01-22 06:56:57 [I] ATVP : > Selected Tracks:
2025-01-22 06:56:57 [I] Tracks : 1 Video Track:
2025-01-22 06:56:57 [I] Tracks : ├─ VID | [H.265, DV] | 3840x1920 @ 25257 kb/s, 23.976 FPS
2025-01-22 06:56:57 [I] Tracks : 1 Audio Track:
2025-01-22 06:56:57 [I] Tracks : ├─ AUD | [E-AC3] | [atmos, atmos] | 16/JOC | 768 kb/s | en | [Original]
2025-01-22 06:56:57 [I] Tracks : 1 Text Track:
2025-01-22 06:56:57 [I] Tracks : ├─ SUB | [VTT] | en | [Original]
2025-01-22 06:56:58 [D] urllib3.connectionpool : https://play-edge.itunes.apple.com:443 "GET /WebObjects/MZPlayLocal.woa/hls/subscription/stream/playlist.m3u8?cc=US&g=798&cdn=vod-ak-aoc.tv.apple.com&mainAssetAdamId=1734971015&a=1733119921+1734971015+1735160768+1735024496+1735024552+1735160764+1735160902+1735024319+1735024522+1739668018&p=846519040+888801453+835352417+834492197+834504233+835351250+835361407+834492847+834496953+854399678&st=3796043300+4024323878+3734404631+3728427152+3728507495+3734396912+3734488821+3728429922+3728457851+3838788672 HTTP/1.1" 200 9946
2025-01-22 06:56:58 [D] charset_normalizer : Encoding detection: ascii is most likely the one.
2025-01-22 06:56:58 [I] ATVP :  + PSSH: vgEAAAEAAQC0ATwAVwBSAE0ASABFAEEARABFAFIAIAB4AG0AbABuAHMAPQAiAGgAdAB0AHAAOgAvAC8AcwBjAGgAZQBtAGEAcwAuAG0AaQBjAHIAbwBzAG8AZgB0AC4AYwBvAG0ALwBEAFIATQAvADIAMAAwADcALwAwADMALwBQAGwAYQB5AFIAZQBhAGQAeQBIAGUAYQBkAGUAcgAiACAAdgBlAHIAcwBpAG8AbgA9ACIANAAuADMALgAwAC4AMAAiAD4APABEAEEAVABBAD4APABQAFIATwBUAEUAQwBUAEkATgBGAE8APgA8AEsASQBEAFMAPgA8AEsASQBEACAAQQBMAEcASQBEAD0AIgBBAEUAUwBDAEIAQwAiACAAVgBBAEwAVQBFAD0AIgBBAEEAQQBBAEEAUABvADAAcgBRAGgAagBOAFMAQQBnAEkAQwBBAGcASQBBAD0APQAiAD4APAAvAEsASQBEAD4APAAvAEsASQBEAFMAPgA8AC8AUABSAE8AVABFAEMAVABJAE4ARgBPAD4APAAvAEQAQQBUAEEAPgA8AC8AVwBSAE0ASABFAEEARABFAFIAPgA=
2025-01-22 06:56:58 [I] ATVP :  + KID: 0000000034fa08ad6335202020202020
2025-01-22 06:56:58 [I] ATVP : Decrypting...
2025-01-22 06:56:58 [I] ATVP :  + KEY: 7b2e013a2773cb8e81b6487a42ffd207 (From Local LOCAL Key Vault)
2025-01-22 06:56:59 [D] urllib3.connectionpool : https://play-edge.itunes.apple.com:443 "GET /WebObjects/MZPlayLocal.woa/hls/subscription/stream/playlist.m3u8?cc=US&g=2768&cdn=vod-ak-aoc.tv.apple.com&mainAssetAdamId=1734971015&a=1733119921+1734971015+1735160768+1735024496+1735024552+1735160764+1735160902+1735024319+1735024522+1739668018&p=846519040+888801453+835352417+834492197+834504233+835351250+835361407+834492847+834496953+854399678&st=3796043177+4024323418+3734405108+3728427476+3728508031+3734397162+3734489825+3728430488+3728458001+3838788692 HTTP/1.1" 200 3479
2025-01-22 06:56:59 [D] charset_normalizer : Encoding detection: ascii is most likely the one.
2025-01-22 06:56:59 [I] ATVP :  + PSSH: vgEAAAEAAQC0ATwAVwBSAE0ASABFAEEARABFAFIAIAB4AG0AbABuAHMAPQAiAGgAdAB0AHAAOgAvAC8AcwBjAGgAZQBtAGEAcwAuAG0AaQBjAHIAbwBzAG8AZgB0AC4AYwBvAG0ALwBEAFIATQAvADIAMAAwADcALwAwADMALwBQAGwAYQB5AFIAZQBhAGQAeQBIAGUAYQBkAGUAcgAiACAAdgBlAHIAcwBpAG8AbgA9ACIANAAuADMALgAwAC4AMAAiAD4APABEAEEAVABBAD4APABQAFIATwBUAEUAQwBUAEkATgBGAE8APgA8AEsASQBEAFMAPgA8AEsASQBEACAAQQBMAEcASQBEAD0AIgBBAEUAUwBDAEIAQwAiACAAVgBBAEwAVQBFAD0AIgBBAEEAQQBBAEEAUABvADAAcgBRAGgAagBOAGkAQQBnAEkAQwBBAGcASQBBAD0APQAiAD4APAAvAEsASQBEAD4APAAvAEsASQBEAFMAPgA8AC8AUABSAE8AVABFAEMAVABJAE4ARgBPAD4APAAvAEQAQQBUAEEAPgA8AC8AVwBSAE0ASABFAEEARABFAFIAPgA=
2025-01-22 06:56:59 [I] ATVP :  + KID: 0000000034fa08ad6336202020202020
2025-01-22 06:56:59 [I] ATVP : Decrypting...
2025-01-22 06:56:59 [I] ATVP :  + KEY: c5ed332031f2249a5c38c01975f8b8d3 (From Local LOCAL Key Vault)
2025-01-22 06:56:59 [I] ATVP : Getting tracks for Dark Matter S01E03 - The Box [umc.cmc.4luj45vtqpmjsvb6sc2675oeg]
2025-01-22 06:56:59 [D] urllib3.connectionpool : https://tv.apple.com:443 "GET /api/uts/v2/view/product/umc.cmc.6j55iouqbmzi3kz6vmgg0dt09/personalized?utsk=6e3013c6d6fae3c2%3A%3A%3A%3A%3A%3Ae08f7cfb96228836&caller=web&sf=143441&v=46&pfm=appletv&mfr=Apple&locale=en-US&l=en&brandId=tvs.sbd.4000&count=100&skip=0&svcId=tvs.vds.4105 HTTP/1.1" 429 0
2025-01-22 06:56:59 [D] urllib3.util.retry : Incremented Retry for (url='/api/uts/v2/view/product/umc.cmc.6j55iouqbmzi3kz6vmgg0dt09/personalized?utsk=6e3013c6d6fae3c2%3A%3A%3A%3A%3A%3Ae08f7cfb96228836&caller=web&sf=143441&v=46&pfm=appletv&mfr=Apple&locale=en-US&l=en&brandId=tvs.sbd.4000&count=100&skip=0&svcId=tvs.vds.4105'): Retry(total=4, connect=None, read=None, redirect=None, status=None)
2025-01-22 06:56:59 [D] urllib3.connectionpool : Retry: /api/uts/v2/view/product/umc.cmc.6j55iouqbmzi3kz6vmgg0dt09/personalized?utsk=6e3013c6d6fae3c2%3A%3A%3A%3A%3A%3Ae08f7cfb96228836&caller=web&sf=143441&v=46&pfm=appletv&mfr=Apple&locale=en-US&l=en&brandId=tvs.sbd.4000&count=100&skip=0&svcId=tvs.vds.4105
2025-01-22 06:57:00 [D] urllib3.connectionpool : https://tv.apple.com:443 "GET /api/uts/v2/view/product/umc.cmc.6j55iouqbmzi3kz6vmgg0dt09/personalized?utsk=6e3013c6d6fae3c2%3A%3A%3A%3A%3A%3Ae08f7cfb96228836&caller=web&sf=143441&v=46&pfm=appletv&mfr=Apple&locale=en-US&l=en&brandId=tvs.sbd.4000&count=100&skip=0&svcId=tvs.vds.4105 HTTP/1.1" 200 2173
2025-01-22 06:57:00 [D] ATVP : {'svcId': 'tvs.vds.4105', 'isExternal': True, 'adamId': '1734944816'}
2025-01-22 06:57:00 [D] ATVP : https://play-edge.itunes.apple.com/WebObjects/MZPlayLocal.woa/hls/subscription/playlist.m3u8?cc=US&svcId=tvs.vds.4105&a=1734944816&isExternal=true&brandId=tvs.sbd.4000&id=888789994&l=en-US&aec=UHD
2025-01-22 06:57:00 [D] urllib3.connectionpool : Starting new HTTPS connection (1): play-edge.itunes.apple.com:443
2025-01-22 06:57:01 [D] urllib3.connectionpool : https://play-edge.itunes.apple.com:443 "GET /WebObjects/MZPlayLocal.woa/hls/subscription/playlist.m3u8?cc=US&svcId=tvs.vds.4105&a=1734944816&isExternal=true&brandId=tvs.sbd.4000&id=888789994&l=en-US&aec=UHD HTTP/1.1" 200 30450
2025-01-22 06:57:01 [D] charset_normalizer : Encoding detection: utf_8 is most likely the one.
2025-01-22 06:57:01 [I] ATVP : > Selected Tracks:
2025-01-22 06:57:01 [I] Tracks : 1 Video Track:
2025-01-22 06:57:01 [I] Tracks : ├─ VID | [H.265, DV] | 3840x1920 @ 25203 kb/s, 23.976 FPS
2025-01-22 06:57:01 [I] Tracks : 1 Audio Track:
2025-01-22 06:57:01 [I] Tracks : ├─ AUD | [E-AC3] | [atmos, atmos] | 16/JOC | 768 kb/s | en | [Original]
2025-01-22 06:57:01 [I] Tracks : 1 Text Track:
2025-01-22 06:57:01 [I] Tracks : ├─ SUB | [VTT] | en | [Original]
2025-01-22 06:57:01 [D] urllib3.connectionpool : https://play-edge.itunes.apple.com:443 "GET /WebObjects/MZPlayLocal.woa/hls/subscription/stream/playlist.m3u8?cc=US&g=798&cdn=vod-ak-aoc.tv.apple.com&mainAssetAdamId=1734944816&a=1735025985+1734944816+1736449581+1736449437+1736449089+1736449188+1736449377+1736448930+1736449060&p=846189249+888789994+838556452+838555926+838555708+838555139+862133573+838554700+838556562&st=3794306132+4024319157+3753535565+3753534295+3753531402+3753529366+3881288883+3753524344+3753536165 HTTP/1.1" 200 9053
2025-01-22 06:57:01 [D] charset_normalizer : Encoding detection: ascii is most likely the one.
2025-01-22 06:57:01 [I] ATVP :  + PSSH: vgEAAAEAAQC0ATwAVwBSAE0ASABFAEEARABFAFIAIAB4AG0AbABuAHMAPQAiAGgAdAB0AHAAOgAvAC8AcwBjAGgAZQBtAGEAcwAuAG0AaQBjAHIAbwBzAG8AZgB0AC4AYwBvAG0ALwBEAFIATQAvADIAMAAwADcALwAwADMALwBQAGwAYQB5AFIAZQBhAGQAeQBIAGUAYQBkAGUAcgAiACAAdgBlAHIAcwBpAG8AbgA9ACIANAAuADMALgAwAC4AMAAiAD4APABEAEEAVABBAD4APABQAFIATwBUAEUAQwBUAEkATgBGAE8APgA8AEsASQBEAFMAPgA8AEsASQBEACAAQQBMAEcASQBEAD0AIgBBAEUAUwBDAEIAQwAiACAAVgBBAEwAVQBFAD0AIgBBAEEAQQBBAEEAUABrADAANgB0AHQAagBOAFMAQQBnAEkAQwBBAGcASQBBAD0APQAiAD4APAAvAEsASQBEAD4APAAvAEsASQBEAFMAPgA8AC8AUABSAE8AVABFAEMAVABJAE4ARgBPAD4APAAvAEQAQQBUAEEAPgA8AC8AVwBSAE0ASABFAEEARABFAFIAPgA=
2025-01-22 06:57:01 [I] ATVP :  + KID: 0000000034f9dbea6335202020202020
2025-01-22 06:57:01 [I] ATVP : Decrypting...
2025-01-22 06:57:01 [I] ATVP : CDM Session ID - 69ab17cbab8a2103055377d5a073f074
2025-01-22 06:57:02 [D] urllib3.connectionpool : Starting new HTTPS connection (1): play.itunes.apple.com:443
2025-01-22 06:57:03 [D] urllib3.connectionpool : https://play.itunes.apple.com:443 "POST /WebObjects/MZPlay.woa/wa/fpsRequest?utsk=6e3013c6d6fae3c2%3A%3A%3A%3A%3A%3Ae08f7cfb96228836&caller=web&sf=143441&v=46&pfm=appletv&mfr=Apple&locale=en-US&l=en&brandId=tvs.sbd.4000&count=100&skip=0&svcId=tvs.vds.4105 HTTP/1.1" 200 1168
2025-01-22 06:57:03 [I] ATVP :  + Obtained content keys from the CDM
2025-01-22 06:57:03 [I] ATVP :  + 0000000034f9dbea6335202020202020:7b083226dd36cc388a3d152a863d4569
2025-01-22 06:57:03 [I] ATVP : Caching to Local (LOCAL) vault
2025-01-22 06:57:04 [I] ATVP :  + Cached 1/1 keys
2025-01-22 06:57:04 [I] ATVP :  + KEY: 7b083226dd36cc388a3d152a863d4569 (From CDM)
2025-01-22 06:57:04 [D] urllib3.connectionpool : https://play-edge.itunes.apple.com:443 "GET /WebObjects/MZPlayLocal.woa/hls/subscription/stream/playlist.m3u8?cc=US&g=2768&cdn=vod-ak-aoc.tv.apple.com&mainAssetAdamId=1734944816&a=1735025985+1734944816+1736449581+1736449437+1736449089+1736449188+1736449377+1736448930+1736449060&p=846189249+888789994+838556452+838555926+838555708+838555139+862133573+838554700+838556562&st=3794306219+4024310914+3753535655+3753534627+3753531520+3753529521+3881288873+3753524590+3753536176 HTTP/1.1" 200 3206
2025-01-22 06:57:04 [D] charset_normalizer : Encoding detection: ascii is most likely the one.
2025-01-22 06:57:04 [I] ATVP :  + PSSH: vgEAAAEAAQC0ATwAVwBSAE0ASABFAEEARABFAFIAIAB4AG0AbABuAHMAPQAiAGgAdAB0AHAAOgAvAC8AcwBjAGgAZQBtAGEAcwAuAG0AaQBjAHIAbwBzAG8AZgB0AC4AYwBvAG0ALwBEAFIATQAvADIAMAAwADcALwAwADMALwBQAGwAYQB5AFIAZQBhAGQAeQBIAGUAYQBkAGUAcgAiACAAdgBlAHIAcwBpAG8AbgA9ACIANAAuADMALgAwAC4AMAAiAD4APABEAEEAVABBAD4APABQAFIATwBUAEUAQwBUAEkATgBGAE8APgA8AEsASQBEAFMAPgA8AEsASQBEACAAQQBMAEcASQBEAD0AIgBBAEUAUwBDAEIAQwAiACAAVgBBAEwAVQBFAD0AIgBBAEEAQQBBAEEAUABrADAANgB0AHQAagBOAGkAQQBnAEkAQwBBAGcASQBBAD0APQAiAD4APAAvAEsASQBEAD4APAAvAEsASQBEAFMAPgA8AC8AUABSAE8AVABFAEMAVABJAE4ARgBPAD4APAAvAEQAQQBUAEEAPgA8AC8AVwBSAE0ASABFAEEARABFAFIAPgA=
2025-01-22 06:57:04 [I] ATVP :  + KID: 0000000034f9dbea6336202020202020
2025-01-22 06:57:04 [I] ATVP : Decrypting...
2025-01-22 06:57:04 [I] ATVP :  + KEY: bbef2ea133a5b494cae782537ee30fcb (From Local LOCAL Key Vault)
2025-01-22 06:57:04 [I] ATVP : Getting tracks for Dark Matter S01E04 - The Corridor [umc.cmc.4luj45vtqpmjsvb6sc2675oeg]
2025-01-22 06:57:05 [D] urllib3.connectionpool : https://tv.apple.com:443 "GET /api/uts/v2/view/product/umc.cmc.28fmj9znd80esrnm3wr0k4fy5/personalized?utsk=6e3013c6d6fae3c2%3A%3A%3A%3A%3A%3Ae08f7cfb96228836&caller=web&sf=143441&v=46&pfm=appletv&mfr=Apple&locale=en-US&l=en&brandId=tvs.sbd.4000&count=100&skip=0&svcId=tvs.vds.4105 HTTP/1.1" 200 2167
2025-01-22 06:57:05 [D] ATVP : {'svcId': 'tvs.vds.4105', 'isExternal': True, 'adamId': '1734937691'}
2025-01-22 06:57:05 [D] ATVP : https://play-edge.itunes.apple.com/WebObjects/MZPlayLocal.woa/hls/subscription/playlist.m3u8?cc=US&svcId=tvs.vds.4105&a=1734937691&isExternal=true&brandId=tvs.sbd.4000&id=888801903&l=en-US&aec=UHD
2025-01-22 06:57:05 [D] urllib3.connectionpool : Starting new HTTPS connection (1): play-edge.itunes.apple.com:443
2025-01-22 06:57:06 [D] urllib3.connectionpool : https://play-edge.itunes.apple.com:443 "GET /WebObjects/MZPlayLocal.woa/hls/subscription/playlist.m3u8?cc=US&svcId=tvs.vds.4105&a=1734937691&isExternal=true&brandId=tvs.sbd.4000&id=888801903&l=en-US&aec=UHD HTTP/1.1" 200 30727
2025-01-22 06:57:06 [D] charset_normalizer : Encoding detection: utf_8 is most likely the one.
2025-01-22 06:57:06 [I] ATVP : > Selected Tracks:
2025-01-22 06:57:06 [I] Tracks : 1 Video Track:
2025-01-22 06:57:06 [I] Tracks : ├─ VID | [H.265, DV] | 3840x1920 @ 25301 kb/s, 23.976 FPS
2025-01-22 06:57:06 [I] Tracks : 1 Audio Track:
2025-01-22 06:57:06 [I] Tracks : ├─ AUD | [E-AC3] | [atmos, atmos] | 16/JOC | 768 kb/s | en | [Original]
2025-01-22 06:57:06 [I] Tracks : 1 Text Track:
2025-01-22 06:57:06 [I] Tracks : ├─ SUB | [VTT] | en | [Original]
2025-01-22 06:57:07 [D] urllib3.connectionpool : https://play-edge.itunes.apple.com:443 "GET /WebObjects/MZPlayLocal.woa/hls/subscription/stream/playlist.m3u8?cc=US&g=798&cdn=vod-ak-aoc.tv.apple.com&mainAssetAdamId=1734937691&a=1734713079+1734937691+1737347192+1736366127+1736366237+1737739059+1736366268+1736366126+1736366019&p=847847251+888801903+840512143+838394784+838394837+841494769+838394910+838394821+838394700&st=3803126803+4024359709+3764050101+3752702282+3752702468+3769337655+3752702996+3752702743+3752703719 HTTP/1.1" 200 10552
2025-01-22 06:57:07 [D] charset_normalizer : Encoding detection: ascii is most likely the one.
2025-01-22 06:57:07 [I] ATVP :  + PSSH: vgEAAAEAAQC0ATwAVwBSAE0ASABFAEEARABFAFIAIAB4AG0AbABuAHMAPQAiAGgAdAB0AHAAOgAvAC8AcwBjAGgAZQBtAGEAcwAuAG0AaQBjAHIAbwBzAG8AZgB0AC4AYwBvAG0ALwBEAFIATQAvADIAMAAwADcALwAwADMALwBQAGwAYQB5AFIAZQBhAGQAeQBIAGUAYQBkAGUAcgAiACAAdgBlAHIAcwBpAG8AbgA9ACIANAAuADMALgAwAC4AMAAiAD4APABEAEEAVABBAD4APABQAFIATwBUAEUAQwBUAEkATgBGAE8APgA8AEsASQBEAFMAPgA8AEsASQBEACAAQQBMAEcASQBEAD0AIgBBAEUAUwBDAEIAQwAiACAAVgBBAEwAVQBFAD0AIgBBAEEAQQBBAEEAUABvADAAYgB3AHAAagBOAFMAQQBnAEkAQwBBAGcASQBBAD0APQAiAD4APAAvAEsASQBEAD4APAAvAEsASQBEAFMAPgA8AC8AUABSAE8AVABFAEMAVABJAE4ARgBPAD4APAAvAEQAQQBUAEEAPgA8AC8AVwBSAE0ASABFAEEARABFAFIAPgA=
2025-01-22 06:57:07 [I] ATVP :  + KID: 0000000034fa0a6f6335202020202020
2025-01-22 06:57:07 [I] ATVP : Decrypting...
2025-01-22 06:57:07 [I] ATVP : CDM Session ID - 330abe79a39fb7bc877aabfc88806a1f
2025-01-22 06:57:07 [D] urllib3.connectionpool : https://play.itunes.apple.com:443 "POST /WebObjects/MZPlay.woa/wa/fpsRequest?utsk=6e3013c6d6fae3c2%3A%3A%3A%3A%3A%3Ae08f7cfb96228836&caller=web&sf=143441&v=46&pfm=appletv&mfr=Apple&locale=en-US&l=en&brandId=tvs.sbd.4000&count=100&skip=0&svcId=tvs.vds.4105 HTTP/1.1" 200 1168
2025-01-22 06:57:07 [I] ATVP :  + Obtained content keys from the CDM
2025-01-22 06:57:07 [I] ATVP :  + 0000000034fa0a6f6335202020202020:2bcbe3cfdc554c1f537d10320f27315e
2025-01-22 06:57:07 [I] ATVP : Caching to Local (LOCAL) vault
2025-01-22 06:57:08 [I] ATVP :  + Cached 1/1 keys
2025-01-22 06:57:08 [I] ATVP :  + KEY: 2bcbe3cfdc554c1f537d10320f27315e (From CDM)
2025-01-22 06:57:08 [D] urllib3.connectionpool : https://play-edge.itunes.apple.com:443 "GET /WebObjects/MZPlayLocal.woa/hls/subscription/stream/playlist.m3u8?cc=US&g=2768&cdn=vod-ak-aoc.tv.apple.com&mainAssetAdamId=1734937691&a=1734713079+1734937691+1737347192+1736366127+1736366237+1737739059+1736366268+1736366126+1736366019&p=847847251+888801903+840512143+838394784+838394837+841494769+838394910+838394821+838394700&st=3803126648+4024346978+3764050456+3752702450+3752702643+3769337684+3752703197+3752702803+3752703744 HTTP/1.1" 200 3524
2025-01-22 06:57:08 [D] charset_normalizer : Encoding detection: ascii is most likely the one.
2025-01-22 06:57:08 [I] ATVP :  + PSSH: vgEAAAEAAQC0ATwAVwBSAE0ASABFAEEARABFAFIAIAB4AG0AbABuAHMAPQAiAGgAdAB0AHAAOgAvAC8AcwBjAGgAZQBtAGEAcwAuAG0AaQBjAHIAbwBzAG8AZgB0AC4AYwBvAG0ALwBEAFIATQAvADIAMAAwADcALwAwADMALwBQAGwAYQB5AFIAZQBhAGQAeQBIAGUAYQBkAGUAcgAiACAAdgBlAHIAcwBpAG8AbgA9ACIANAAuADMALgAwAC4AMAAiAD4APABEAEEAVABBAD4APABQAFIATwBUAEUAQwBUAEkATgBGAE8APgA8AEsASQBEAFMAPgA8AEsASQBEACAAQQBMAEcASQBEAD0AIgBBAEUAUwBDAEIAQwAiACAAVgBBAEwAVQBFAD0AIgBBAEEAQQBBAEEAUABvADAAYgB3AHAAagBOAGkAQQBnAEkAQwBBAGcASQBBAD0APQAiAD4APAAvAEsASQBEAD4APAAvAEsASQBEAFMAPgA8AC8AUABSAE8AVABFAEMAVABJAE4ARgBPAD4APAAvAEQAQQBUAEEAPgA8AC8AVwBSAE0ASABFAEEARABFAFIAPgA=
2025-01-22 06:57:08 [I] ATVP :  + KID: 0000000034fa0a6f6336202020202020
2025-01-22 06:57:08 [I] ATVP : Decrypting...
2025-01-22 06:57:08 [I] ATVP :  + KEY: 6df008006a115abedab35540f49c7723 (From Local LOCAL Key Vault)
2025-01-22 06:57:08 [I] ATVP : Getting tracks for Dark Matter S01E05 - Worldless [umc.cmc.4luj45vtqpmjsvb6sc2675oeg]
2025-01-22 06:57:09 [D] urllib3.connectionpool : https://tv.apple.com:443 "GET /api/uts/v2/view/product/umc.cmc.6x2g0s5mg32dc3dgck558b9x5/personalized?utsk=6e3013c6d6fae3c2%3A%3A%3A%3A%3A%3Ae08f7cfb96228836&caller=web&sf=143441&v=46&pfm=appletv&mfr=Apple&locale=en-US&l=en&brandId=tvs.sbd.4000&count=100&skip=0&svcId=tvs.vds.4105 HTTP/1.1" 200 2162
2025-01-22 06:57:09 [D] ATVP : {'svcId': 'tvs.vds.4105', 'isExternal': True, 'adamId': '1734930494'}
2025-01-22 06:57:09 [D] ATVP : https://play-edge.itunes.apple.com/WebObjects/MZPlayLocal.woa/hls/subscription/playlist.m3u8?cc=US&svcId=tvs.vds.4105&a=1734930494&isExternal=true&brandId=tvs.sbd.4000&id=888808864&l=en-US&aec=UHD
2025-01-22 06:57:09 [D] urllib3.connectionpool : Starting new HTTPS connection (1): play-edge.itunes.apple.com:443
2025-01-22 06:57:10 [D] urllib3.connectionpool : https://play-edge.itunes.apple.com:443 "GET /WebObjects/MZPlayLocal.woa/hls/subscription/playlist.m3u8?cc=US&svcId=tvs.vds.4105&a=1734930494&isExternal=true&brandId=tvs.sbd.4000&id=888808864&l=en-US&aec=UHD HTTP/1.1" 200 30487
2025-01-22 06:57:10 [D] charset_normalizer : Encoding detection: utf_8 is most likely the one.
2025-01-22 06:57:10 [I] ATVP : > Selected Tracks:
2025-01-22 06:57:10 [I] Tracks : 1 Video Track:
2025-01-22 06:57:10 [I] Tracks : ├─ VID | [H.265, DV] | 3840x1920 @ 25251 kb/s, 23.976 FPS
2025-01-22 06:57:10 [I] Tracks : 1 Audio Track:
2025-01-22 06:57:10 [I] Tracks : ├─ AUD | [E-AC3] | [atmos, atmos] | 16/JOC | 768 kb/s | en | [Original]
2025-01-22 06:57:10 [I] Tracks : 1 Text Track:
2025-01-22 06:57:10 [I] Tracks : ├─ SUB | [VTT] | en | [Original]
2025-01-22 06:57:10 [D] urllib3.connectionpool : https://play-edge.itunes.apple.com:443 "GET /WebObjects/MZPlayLocal.woa/hls/subscription/stream/playlist.m3u8?cc=US&g=798&cdn=vod-ak-aoc.tv.apple.com&mainAssetAdamId=1734930494&a=1735369430+1734930494+1737731546+1737731555+1737731367+1738934714+1737731543+1737731173+1737731356&p=852541257+888808864+841480131+841480182+841479829+844029620+854432532+841480097+841480078&st=3828727321+4024374898+3769259299+3769259150+3769257479+3782799803+3838976011+3769260044+3769260359 HTTP/1.1" 200 9922
2025-01-22 06:57:11 [D] charset_normalizer : Encoding detection: ascii is most likely the one.
2025-01-22 06:57:11 [I] ATVP :  + PSSH: vgEAAAEAAQC0ATwAVwBSAE0ASABFAEEARABFAFIAIAB4AG0AbABuAHMAPQAiAGgAdAB0AHAAOgAvAC8AcwBjAGgAZQBtAGEAcwAuAG0AaQBjAHIAbwBzAG8AZgB0AC4AYwBvAG0ALwBEAFIATQAvADIAMAAwADcALwAwADMALwBQAGwAYQB5AFIAZQBhAGQAeQBIAGUAYQBkAGUAcgAiACAAdgBlAHIAcwBpAG8AbgA9ACIANAAuADMALgAwAC4AMAAiAD4APABEAEEAVABBAD4APABQAFIATwBUAEUAQwBUAEkATgBGAE8APgA8AEsASQBEAFMAPgA8AEsASQBEACAAQQBMAEcASQBEAD0AIgBBAEUAUwBDAEIAQwAiACAAVgBBAEwAVQBFAD0AIgBBAEEAQQBBAEEAUABvADAAbwBDAFYAagBOAFMAQQBnAEkAQwBBAGcASQBBAD0APQAiAD4APAAvAEsASQBEAD4APAAvAEsASQBEAFMAPgA8AC8AUABSAE8AVABFAEMAVABJAE4ARgBPAD4APAAvAEQAQQBUAEEAPgA8AC8AVwBSAE0ASABFAEEARABFAFIAPgA=
2025-01-22 06:57:11 [I] ATVP :  + KID: 0000000034fa25a06335202020202020
2025-01-22 06:57:11 [I] ATVP : Decrypting...
2025-01-22 06:57:11 [I] ATVP : CDM Session ID - 02071b79518ef71de07e2a579f9d0287
2025-01-22 06:57:11 [D] urllib3.connectionpool : https://play.itunes.apple.com:443 "POST /WebObjects/MZPlay.woa/wa/fpsRequest?utsk=6e3013c6d6fae3c2%3A%3A%3A%3A%3A%3Ae08f7cfb96228836&caller=web&sf=143441&v=46&pfm=appletv&mfr=Apple&locale=en-US&l=en&brandId=tvs.sbd.4000&count=100&skip=0&svcId=tvs.vds.4105 HTTP/1.1" 200 1168
2025-01-22 06:57:11 [I] ATVP :  + Obtained content keys from the CDM
2025-01-22 06:57:11 [I] ATVP :  + 0000000034fa25a06335202020202020:4aa827c3843173cec3013d7923e5975c
2025-01-22 06:57:11 [I] ATVP : Caching to Local (LOCAL) vault
2025-01-22 06:57:11 [I] ATVP :  + Cached 1/1 keys
2025-01-22 06:57:11 [I] ATVP :  + KEY: 4aa827c3843173cec3013d7923e5975c (From CDM)
2025-01-22 06:57:12 [D] urllib3.connectionpool : https://play-edge.itunes.apple.com:443 "GET /WebObjects/MZPlayLocal.woa/hls/subscription/stream/playlist.m3u8?cc=US&g=2768&cdn=vod-ak-aoc.tv.apple.com&mainAssetAdamId=1734930494&a=1735369430+1734930494+1737731546+1737731555+1737731367+1738934714+1737731543+1737731173+1737731356&p=852541257+888808864+841480131+841480182+841479829+844029620+854432532+841480097+841480078&st=3828727238+4024372146+3769259345+3769259816+3769257626+3782799859+3838975020+3769259949+3769260507 HTTP/1.1" 200 3383
2025-01-22 06:57:12 [D] charset_normalizer : Encoding detection: ascii is most likely the one.
2025-01-22 06:57:12 [I] ATVP :  + PSSH: vgEAAAEAAQC0ATwAVwBSAE0ASABFAEEARABFAFIAIAB4AG0AbABuAHMAPQAiAGgAdAB0AHAAOgAvAC8AcwBjAGgAZQBtAGEAcwAuAG0AaQBjAHIAbwBzAG8AZgB0AC4AYwBvAG0ALwBEAFIATQAvADIAMAAwADcALwAwADMALwBQAGwAYQB5AFIAZQBhAGQAeQBIAGUAYQBkAGUAcgAiACAAdgBlAHIAcwBpAG8AbgA9ACIANAAuADMALgAwAC4AMAAiAD4APABEAEEAVABBAD4APABQAFIATwBUAEUAQwBUAEkATgBGAE8APgA8AEsASQBEAFMAPgA8AEsASQBEACAAQQBMAEcASQBEAD0AIgBBAEUAUwBDAEIAQwAiACAAVgBBAEwAVQBFAD0AIgBBAEEAQQBBAEEAUABvADAAbwBDAFYAagBOAGkAQQBnAEkAQwBBAGcASQBBAD0APQAiAD4APAAvAEsASQBEAD4APAAvAEsASQBEAFMAPgA8AC8AUABSAE8AVABFAEMAVABJAE4ARgBPAD4APAAvAEQAQQBUAEEAPgA8AC8AVwBSAE0ASABFAEEARABFAFIAPgA=
2025-01-22 06:57:12 [I] ATVP :  + KID: 0000000034fa25a06336202020202020
2025-01-22 06:57:12 [I] ATVP : Decrypting...
2025-01-22 06:57:12 [I] ATVP :  + KEY: d26167b8d052f386ea89066f9a8b6713 (From Local LOCAL Key Vault)
2025-01-22 06:57:12 [I] ATVP : Getting tracks for Dark Matter S01E06 - Superposition [umc.cmc.4luj45vtqpmjsvb6sc2675oeg]
2025-01-22 06:57:12 [D] urllib3.connectionpool : https://tv.apple.com:443 "GET /api/uts/v2/view/product/umc.cmc.3x19d1w1r17p6bde7dsljzk8j/personalized?utsk=6e3013c6d6fae3c2%3A%3A%3A%3A%3A%3Ae08f7cfb96228836&caller=web&sf=143441&v=46&pfm=appletv&mfr=Apple&locale=en-US&l=en&brandId=tvs.sbd.4000&count=100&skip=0&svcId=tvs.vds.4105 HTTP/1.1" 200 2164
2025-01-22 06:57:12 [D] ATVP : {'svcId': 'tvs.vds.4105', 'isExternal': True, 'adamId': '1735892350'}
2025-01-22 06:57:12 [D] ATVP : https://play-edge.itunes.apple.com/WebObjects/MZPlayLocal.woa/hls/subscription/playlist.m3u8?cc=US&svcId=tvs.vds.4105&a=1735892350&isExternal=true&brandId=tvs.sbd.4000&id=913915332&l=en-US&aec=UHD
2025-01-22 06:57:12 [D] urllib3.connectionpool : Starting new HTTPS connection (1): play-edge.itunes.apple.com:443
2025-01-22 06:57:13 [D] urllib3.connectionpool : https://play-edge.itunes.apple.com:443 "GET /WebObjects/MZPlayLocal.woa/hls/subscription/playlist.m3u8?cc=US&svcId=tvs.vds.4105&a=1735892350&isExternal=true&brandId=tvs.sbd.4000&id=913915332&l=en-US&aec=UHD HTTP/1.1" 200 30460
2025-01-22 06:57:13 [D] charset_normalizer : Encoding detection: utf_8 is most likely the one.
2025-01-22 06:57:13 [I] ATVP : > Selected Tracks:
2025-01-22 06:57:13 [I] Tracks : 1 Video Track:
2025-01-22 06:57:13 [I] Tracks : ├─ VID | [H.265, DV] | 3840x1920 @ 25173 kb/s, 23.976 FPS
2025-01-22 06:57:13 [I] Tracks : 1 Audio Track:
2025-01-22 06:57:13 [I] Tracks : ├─ AUD | [E-AC3] | [atmos, atmos] | 16/JOC | 768 kb/s | en | [Original]
2025-01-22 06:57:13 [I] Tracks : 1 Text Track:
2025-01-22 06:57:13 [I] Tracks : ├─ SUB | [VTT] | en | [Original]
2025-01-22 06:57:14 [D] urllib3.connectionpool : https://play-edge.itunes.apple.com:443 "GET /WebObjects/MZPlayLocal.woa/hls/subscription/stream/playlist.m3u8?cc=US&g=798&cdn=vod-ak-aoc.tv.apple.com&mainAssetAdamId=1735892350&a=1735369220+1735892350+1737253794+1737253872+1737253744+1739400434+1737253818+1737253713+1737253674&p=852470399+913915332+840310029+840313330+840309987+844937291+854432355+840309976+840310241&st=3828365031+4158457146+3762903883+3762919955+3762904624+3787554277+3838975078+3762902897+3762904428 HTTP/1.1" 200 9806
2025-01-22 06:57:14 [D] charset_normalizer : Encoding detection: ascii is most likely the one.
2025-01-22 06:57:14 [I] ATVP :  + PSSH: vgEAAAEAAQC0ATwAVwBSAE0ASABFAEEARABFAFIAIAB4AG0AbABuAHMAPQAiAGgAdAB0AHAAOgAvAC8AcwBjAGgAZQBtAGEAcwAuAG0AaQBjAHIAbwBzAG8AZgB0AC4AYwBvAG0ALwBEAFIATQAvADIAMAAwADcALwAwADMALwBQAGwAYQB5AFIAZQBhAGQAeQBIAGUAYQBkAGUAcgAiACAAdgBlAHIAcwBpAG8AbgA9ACIANAAuADMALgAwAC4AMAAiAD4APABEAEEAVABBAD4APABQAFIATwBUAEUAQwBUAEkATgBGAE8APgA8AEsASQBEAFMAPgA8AEsASQBEACAAQQBMAEcASQBEAD0AIgBBAEUAUwBDAEIAQwAiACAAVgBBAEwAVQBFAD0AIgBBAEEAQQBBAEEASABrADIAeABEADEAagBOAFMAQQBnAEkAQwBBAGcASQBBAD0APQAiAD4APAAvAEsASQBEAD4APAAvAEsASQBEAFMAPgA8AC8AUABSAE8AVABFAEMAVABJAE4ARgBPAD4APAAvAEQAQQBUAEEAPgA8AC8AVwBSAE0ASABFAEEARABFAFIAPgA=
2025-01-22 06:57:14 [I] ATVP :  + KID: 0000000036793dc46335202020202020
2025-01-22 06:57:14 [I] ATVP : Decrypting...
2025-01-22 06:57:14 [I] ATVP : CDM Session ID - d5e7604b3efd6d3482a700a727ff4911
2025-01-22 06:57:15 [D] urllib3.connectionpool : https://play.itunes.apple.com:443 "POST /WebObjects/MZPlay.woa/wa/fpsRequest?utsk=6e3013c6d6fae3c2%3A%3A%3A%3A%3A%3Ae08f7cfb96228836&caller=web&sf=143441&v=46&pfm=appletv&mfr=Apple&locale=en-US&l=en&brandId=tvs.sbd.4000&count=100&skip=0&svcId=tvs.vds.4105 HTTP/1.1" 200 1166
2025-01-22 06:57:15 [I] ATVP :  + Obtained content keys from the CDM
2025-01-22 06:57:15 [I] ATVP :  + 0000000036793dc46335202020202020:c7beacc3ad69c0671935494c19248514
2025-01-22 06:57:15 [I] ATVP : Caching to Local (LOCAL) vault
2025-01-22 06:57:15 [I] ATVP :  + Cached 1/1 keys
2025-01-22 06:57:15 [I] ATVP :  + KEY: c7beacc3ad69c0671935494c19248514 (From CDM)
2025-01-22 06:57:15 [D] urllib3.connectionpool : https://play-edge.itunes.apple.com:443 "GET /WebObjects/MZPlayLocal.woa/hls/subscription/stream/playlist.m3u8?cc=US&g=2768&cdn=vod-ak-aoc.tv.apple.com&mainAssetAdamId=1735892350&a=1735369220+1735892350+1737253794+1737253872+1737253744+1739400434+1737253818+1737253713+1737253674&p=852470399+913915332+840310029+840313330+840309987+844937291+854432355+840309976+840310241&st=3828365093+4158450302+3762903891+3762919981+3762904686+3787554275+3838974853+3762902941+3762905385 HTTP/1.1" 200 3367
2025-01-22 06:57:15 [D] charset_normalizer : Encoding detection: ascii is most likely the one.
2025-01-22 06:57:15 [I] ATVP :  + PSSH: vgEAAAEAAQC0ATwAVwBSAE0ASABFAEEARABFAFIAIAB4AG0AbABuAHMAPQAiAGgAdAB0AHAAOgAvAC8AcwBjAGgAZQBtAGEAcwAuAG0AaQBjAHIAbwBzAG8AZgB0AC4AYwBvAG0ALwBEAFIATQAvADIAMAAwADcALwAwADMALwBQAGwAYQB5AFIAZQBhAGQAeQBIAGUAYQBkAGUAcgAiACAAdgBlAHIAcwBpAG8AbgA9ACIANAAuADMALgAwAC4AMAAiAD4APABEAEEAVABBAD4APABQAFIATwBUAEUAQwBUAEkATgBGAE8APgA8AEsASQBEAFMAPgA8AEsASQBEACAAQQBMAEcASQBEAD0AIgBBAEUAUwBDAEIAQwAiACAAVgBBAEwAVQBFAD0AIgBBAEEAQQBBAEEASABrADIAeABEADEAagBOAGkAQQBnAEkAQwBBAGcASQBBAD0APQAiAD4APAAvAEsASQBEAD4APAAvAEsASQBEAFMAPgA8AC8AUABSAE8AVABFAEMAVABJAE4ARgBPAD4APAAvAEQAQQBUAEEAPgA8AC8AVwBSAE0ASABFAEEARABFAFIAPgA=
2025-01-22 06:57:15 [I] ATVP :  + KID: 0000000036793dc46336202020202020
2025-01-22 06:57:16 [I] ATVP : Decrypting...
2025-01-22 06:57:16 [I] ATVP :  + KEY: f08bbb6e5ff553bf7bfe2a31fa519fb8 (From Local LOCAL Key Vault)
2025-01-22 06:57:16 [I] ATVP : Getting tracks for Dark Matter S01E07 - In the Fires of Dead Stars [umc.cmc.4luj45vtqpmjsvb6sc2675oeg]
2025-01-22 06:57:16 [D] urllib3.connectionpool : https://tv.apple.com:443 "GET /api/uts/v2/view/product/umc.cmc.52paqbqoy5648w4e81k0lrqqh/personalized?utsk=6e3013c6d6fae3c2%3A%3A%3A%3A%3A%3Ae08f7cfb96228836&caller=web&sf=143441&v=46&pfm=appletv&mfr=Apple&locale=en-US&l=en&brandId=tvs.sbd.4000&count=100&skip=0&svcId=tvs.vds.4105 HTTP/1.1" 200 2209
2025-01-22 06:57:16 [D] ATVP : {'svcId': 'tvs.vds.4105', 'isExternal': True, 'adamId': '1735854636'}
2025-01-22 06:57:16 [D] ATVP : https://play-edge.itunes.apple.com/WebObjects/MZPlayLocal.woa/hls/subscription/playlist.m3u8?cc=US&svcId=tvs.vds.4105&a=1735854636&isExternal=true&brandId=tvs.sbd.4000&id=905820743&l=en-US&aec=UHD
2025-01-22 06:57:16 [D] urllib3.connectionpool : Starting new HTTPS connection (1): play-edge.itunes.apple.com:443
2025-01-22 06:57:17 [D] urllib3.connectionpool : https://play-edge.itunes.apple.com:443 "GET /WebObjects/MZPlayLocal.woa/hls/subscription/playlist.m3u8?cc=US&svcId=tvs.vds.4105&a=1735854636&isExternal=true&brandId=tvs.sbd.4000&id=905820743&l=en-US&aec=UHD HTTP/1.1" 200 30828
2025-01-22 06:57:17 [D] charset_normalizer : Encoding detection: utf_8 is most likely the one.
2025-01-22 06:57:17 [I] ATVP : > Selected Tracks:
2025-01-22 06:57:17 [I] Tracks : 1 Video Track:
2025-01-22 06:57:17 [I] Tracks : ├─ VID | [H.265, DV] | 3840x1920 @ 25133 kb/s, 23.976 FPS
2025-01-22 06:57:17 [I] Tracks : 1 Audio Track:
2025-01-22 06:57:17 [I] Tracks : ├─ AUD | [E-AC3] | [atmos, atmos] | 16/JOC | 768 kb/s | en | [Original]
2025-01-22 06:57:17 [I] Tracks : 1 Text Track:
2025-01-22 06:57:17 [I] Tracks : ├─ SUB | [VTT] | en | [Original]
2025-01-22 06:57:18 [D] urllib3.connectionpool : https://play-edge.itunes.apple.com:443 "GET /WebObjects/MZPlayLocal.woa/hls/subscription/stream/playlist.m3u8?cc=US&g=798&cdn=vod-ak-aoc.tv.apple.com&mainAssetAdamId=1735854636&a=1735369478+1735854636+1741562033+1741562138+1741562178+1741561835+1741561988+1741561834+1741561990&p=853570185+905820743+849495718+849496040+849496008+849495699+854433996+849495341+849496151&st=3834397454+4116222335+3812097877+3812099929+3812099328+3812098764+3838987464+3812093578+3812099647 HTTP/1.1" 200 9223
2025-01-22 06:57:18 [D] charset_normalizer : Encoding detection: ascii is most likely the one.
2025-01-22 06:57:18 [I] ATVP :  + PSSH: vgEAAAEAAQC0ATwAVwBSAE0ASABFAEEARABFAFIAIAB4AG0AbABuAHMAPQAiAGgAdAB0AHAAOgAvAC8AcwBjAGgAZQBtAGEAcwAuAG0AaQBjAHIAbwBzAG8AZgB0AC4AYwBvAG0ALwBEAFIATQAvADIAMAAwADcALwAwADMALwBQAGwAYQB5AFIAZQBhAGQAeQBIAGUAYQBkAGUAcgAiACAAdgBlAHIAcwBpAG8AbgA9ACIANAAuADMALgAwAC4AMAAiAD4APABEAEEAVABBAD4APABQAFIATwBUAEUAQwBUAEkATgBGAE8APgA8AEsASQBEAFMAPgA8AEsASQBEACAAQQBMAEcASQBEAD0AIgBBAEUAUwBDAEIAQwAiACAAVgBBAEwAVQBFAD0AIgBBAEEAQQBBAEEAUAAwADEAUgA3AHAAagBOAFMAQQBnAEkAQwBBAGcASQBBAD0APQAiAD4APAAvAEsASQBEAD4APAAvAEsASQBEAFMAPgA8AC8AUABSAE8AVABFAEMAVABJAE4ARgBPAD4APAAvAEQAQQBUAEEAPgA8AC8AVwBSAE0ASABFAEEARABFAFIAPgA=
2025-01-22 06:57:18 [I] ATVP :  + KID: 0000000035fdba476335202020202020
2025-01-22 06:57:18 [I] ATVP : Decrypting...
2025-01-22 06:57:18 [I] ATVP : CDM Session ID - fc0356e34e6f6eaba8458c0203852a31
2025-01-22 06:57:18 [D] urllib3.connectionpool : https://play.itunes.apple.com:443 "POST /WebObjects/MZPlay.woa/wa/fpsRequest?utsk=6e3013c6d6fae3c2%3A%3A%3A%3A%3A%3Ae08f7cfb96228836&caller=web&sf=143441&v=46&pfm=appletv&mfr=Apple&locale=en-US&l=en&brandId=tvs.sbd.4000&count=100&skip=0&svcId=tvs.vds.4105 HTTP/1.1" 200 1169
2025-01-22 06:57:18 [I] ATVP :  + Obtained content keys from the CDM
2025-01-22 06:57:18 [I] ATVP :  + 0000000035fdba476335202020202020:fac4e44f460601f59f3f0553551a3459
2025-01-22 06:57:18 [I] ATVP : Caching to Local (LOCAL) vault
2025-01-22 06:57:19 [I] ATVP :  + Cached 1/1 keys
2025-01-22 06:57:19 [I] ATVP :  + KEY: fac4e44f460601f59f3f0553551a3459 (From CDM)
2025-01-22 06:57:19 [D] urllib3.connectionpool : https://play-edge.itunes.apple.com:443 "GET /WebObjects/MZPlayLocal.woa/hls/subscription/stream/playlist.m3u8?cc=US&g=2768&cdn=vod-ak-aoc.tv.apple.com&mainAssetAdamId=1735854636&a=1735369478+1735854636+1741562033+1741562138+1741562178+1741561835+1741561988+1741561834+1741561990&p=853570185+905820743+849495718+849496040+849496008+849495699+854433996+849495341+849496151&st=3834397587+4116217276+3812097754+3812099635+3812099353+3812098765+3838987471+3812094158+3812099310 HTTP/1.1" 200 3231
2025-01-22 06:57:19 [D] charset_normalizer : Encoding detection: ascii is most likely the one.
2025-01-22 06:57:19 [I] ATVP :  + PSSH: vgEAAAEAAQC0ATwAVwBSAE0ASABFAEEARABFAFIAIAB4AG0AbABuAHMAPQAiAGgAdAB0AHAAOgAvAC8AcwBjAGgAZQBtAGEAcwAuAG0AaQBjAHIAbwBzAG8AZgB0AC4AYwBvAG0ALwBEAFIATQAvADIAMAAwADcALwAwADMALwBQAGwAYQB5AFIAZQBhAGQAeQBIAGUAYQBkAGUAcgAiACAAdgBlAHIAcwBpAG8AbgA9ACIANAAuADMALgAwAC4AMAAiAD4APABEAEEAVABBAD4APABQAFIATwBUAEUAQwBUAEkATgBGAE8APgA8AEsASQBEAFMAPgA8AEsASQBEACAAQQBMAEcASQBEAD0AIgBBAEUAUwBDAEIAQwAiACAAVgBBAEwAVQBFAD0AIgBBAEEAQQBBAEEAUAAwADEAUgA3AHAAagBOAGkAQQBnAEkAQwBBAGcASQBBAD0APQAiAD4APAAvAEsASQBEAD4APAAvAEsASQBEAFMAPgA8AC8AUABSAE8AVABFAEMAVABJAE4ARgBPAD4APAAvAEQAQQBUAEEAPgA8AC8AVwBSAE0ASABFAEEARABFAFIAPgA=
2025-01-22 06:57:19 [I] ATVP :  + KID: 0000000035fdba476336202020202020
2025-01-22 06:57:19 [I] ATVP : Decrypting...
2025-01-22 06:57:19 [I] ATVP :  + KEY: 9ad1a7d8c30c85ecf70e38d3885988e6 (From Local LOCAL Key Vault)
2025-01-22 06:57:19 [I] ATVP : Getting tracks for Dark Matter S01E08 - Jupiter [umc.cmc.4luj45vtqpmjsvb6sc2675oeg]
2025-01-22 06:57:20 [D] urllib3.connectionpool : https://tv.apple.com:443 "GET /api/uts/v2/view/product/umc.cmc.335ios3io7suney27g8fmg6ze/personalized?utsk=6e3013c6d6fae3c2%3A%3A%3A%3A%3A%3Ae08f7cfb96228836&caller=web&sf=143441&v=46&pfm=appletv&mfr=Apple&locale=en-US&l=en&brandId=tvs.sbd.4000&count=100&skip=0&svcId=tvs.vds.4105 HTTP/1.1" 429 0
2025-01-22 06:57:20 [D] urllib3.util.retry : Incremented Retry for (url='/api/uts/v2/view/product/umc.cmc.335ios3io7suney27g8fmg6ze/personalized?utsk=6e3013c6d6fae3c2%3A%3A%3A%3A%3A%3Ae08f7cfb96228836&caller=web&sf=143441&v=46&pfm=appletv&mfr=Apple&locale=en-US&l=en&brandId=tvs.sbd.4000&count=100&skip=0&svcId=tvs.vds.4105'): Retry(total=4, connect=None, read=None, redirect=None, status=None)
2025-01-22 06:57:20 [D] urllib3.connectionpool : Retry: /api/uts/v2/view/product/umc.cmc.335ios3io7suney27g8fmg6ze/personalized?utsk=6e3013c6d6fae3c2%3A%3A%3A%3A%3A%3Ae08f7cfb96228836&caller=web&sf=143441&v=46&pfm=appletv&mfr=Apple&locale=en-US&l=en&brandId=tvs.sbd.4000&count=100&skip=0&svcId=tvs.vds.4105
2025-01-22 06:57:20 [D] urllib3.connectionpool : https://tv.apple.com:443 "GET /api/uts/v2/view/product/umc.cmc.335ios3io7suney27g8fmg6ze/personalized?utsk=6e3013c6d6fae3c2%3A%3A%3A%3A%3A%3Ae08f7cfb96228836&caller=web&sf=143441&v=46&pfm=appletv&mfr=Apple&locale=en-US&l=en&brandId=tvs.sbd.4000&count=100&skip=0&svcId=tvs.vds.4105 HTTP/1.1" 429 0
2025-01-22 06:57:20 [D] urllib3.util.retry : Incremented Retry for (url='/api/uts/v2/view/product/umc.cmc.335ios3io7suney27g8fmg6ze/personalized?utsk=6e3013c6d6fae3c2%3A%3A%3A%3A%3A%3Ae08f7cfb96228836&caller=web&sf=143441&v=46&pfm=appletv&mfr=Apple&locale=en-US&l=en&brandId=tvs.sbd.4000&count=100&skip=0&svcId=tvs.vds.4105'): Retry(total=3, connect=None, read=None, redirect=None, status=None)
2025-01-22 06:57:22 [D] urllib3.connectionpool : Retry: /api/uts/v2/view/product/umc.cmc.335ios3io7suney27g8fmg6ze/personalized?utsk=6e3013c6d6fae3c2%3A%3A%3A%3A%3A%3Ae08f7cfb96228836&caller=web&sf=143441&v=46&pfm=appletv&mfr=Apple&locale=en-US&l=en&brandId=tvs.sbd.4000&count=100&skip=0&svcId=tvs.vds.4105
2025-01-22 06:57:22 [D] urllib3.connectionpool : https://tv.apple.com:443 "GET /api/uts/v2/view/product/umc.cmc.335ios3io7suney27g8fmg6ze/personalized?utsk=6e3013c6d6fae3c2%3A%3A%3A%3A%3A%3Ae08f7cfb96228836&caller=web&sf=143441&v=46&pfm=appletv&mfr=Apple&locale=en-US&l=en&brandId=tvs.sbd.4000&count=100&skip=0&svcId=tvs.vds.4105 HTTP/1.1" 429 0
2025-01-22 06:57:22 [D] urllib3.util.retry : Incremented Retry for (url='/api/uts/v2/view/product/umc.cmc.335ios3io7suney27g8fmg6ze/personalized?utsk=6e3013c6d6fae3c2%3A%3A%3A%3A%3A%3Ae08f7cfb96228836&caller=web&sf=143441&v=46&pfm=appletv&mfr=Apple&locale=en-US&l=en&brandId=tvs.sbd.4000&count=100&skip=0&svcId=tvs.vds.4105'): Retry(total=2, connect=None, read=None, redirect=None, status=None)
2025-01-22 06:57:26 [D] urllib3.connectionpool : Retry: /api/uts/v2/view/product/umc.cmc.335ios3io7suney27g8fmg6ze/personalized?utsk=6e3013c6d6fae3c2%3A%3A%3A%3A%3A%3Ae08f7cfb96228836&caller=web&sf=143441&v=46&pfm=appletv&mfr=Apple&locale=en-US&l=en&brandId=tvs.sbd.4000&count=100&skip=0&svcId=tvs.vds.4105
2025-01-22 06:57:27 [D] urllib3.connectionpool : https://tv.apple.com:443 "GET /api/uts/v2/view/product/umc.cmc.335ios3io7suney27g8fmg6ze/personalized?utsk=6e3013c6d6fae3c2%3A%3A%3A%3A%3A%3Ae08f7cfb96228836&caller=web&sf=143441&v=46&pfm=appletv&mfr=Apple&locale=en-US&l=en&brandId=tvs.sbd.4000&count=100&skip=0&svcId=tvs.vds.4105 HTTP/1.1" 429 0
2025-01-22 06:57:27 [D] urllib3.util.retry : Incremented Retry for (url='/api/uts/v2/view/product/umc.cmc.335ios3io7suney27g8fmg6ze/personalized?utsk=6e3013c6d6fae3c2%3A%3A%3A%3A%3A%3Ae08f7cfb96228836&caller=web&sf=143441&v=46&pfm=appletv&mfr=Apple&locale=en-US&l=en&brandId=tvs.sbd.4000&count=100&skip=0&svcId=tvs.vds.4105'): Retry(total=1, connect=None, read=None, redirect=None, status=None)
2025-01-22 06:57:35 [D] urllib3.connectionpool : Retry: /api/uts/v2/view/product/umc.cmc.335ios3io7suney27g8fmg6ze/personalized?utsk=6e3013c6d6fae3c2%3A%3A%3A%3A%3A%3Ae08f7cfb96228836&caller=web&sf=143441&v=46&pfm=appletv&mfr=Apple&locale=en-US&l=en&brandId=tvs.sbd.4000&count=100&skip=0&svcId=tvs.vds.4105
2025-01-22 06:57:35 [D] urllib3.connectionpool : https://tv.apple.com:443 "GET /api/uts/v2/view/product/umc.cmc.335ios3io7suney27g8fmg6ze/personalized?utsk=6e3013c6d6fae3c2%3A%3A%3A%3A%3A%3Ae08f7cfb96228836&caller=web&sf=143441&v=46&pfm=appletv&mfr=Apple&locale=en-US&l=en&brandId=tvs.sbd.4000&count=100&skip=0&svcId=tvs.vds.4105 HTTP/1.1" 429 0
2025-01-22 06:57:35 [D] urllib3.util.retry : Incremented Retry for (url='/api/uts/v2/view/product/umc.cmc.335ios3io7suney27g8fmg6ze/personalized?utsk=6e3013c6d6fae3c2%3A%3A%3A%3A%3A%3Ae08f7cfb96228836&caller=web&sf=143441&v=46&pfm=appletv&mfr=Apple&locale=en-US&l=en&brandId=tvs.sbd.4000&count=100&skip=0&svcId=tvs.vds.4105'): Retry(total=0, connect=None, read=None, redirect=None, status=None)
2025-01-22 06:57:51 [D] urllib3.connectionpool : Retry: /api/uts/v2/view/product/umc.cmc.335ios3io7suney27g8fmg6ze/personalized?utsk=6e3013c6d6fae3c2%3A%3A%3A%3A%3A%3Ae08f7cfb96228836&caller=web&sf=143441&v=46&pfm=appletv&mfr=Apple&locale=en-US&l=en&brandId=tvs.sbd.4000&count=100&skip=0&svcId=tvs.vds.4105
2025-01-22 06:57:52 [D] urllib3.connectionpool : https://tv.apple.com:443 "GET /api/uts/v2/view/product/umc.cmc.335ios3io7suney27g8fmg6ze/personalized?utsk=6e3013c6d6fae3c2%3A%3A%3A%3A%3A%3Ae08f7cfb96228836&caller=web&sf=143441&v=46&pfm=appletv&mfr=Apple&locale=en-US&l=en&brandId=tvs.sbd.4000&count=100&skip=0&svcId=tvs.vds.4105 HTTP/1.1" 200 2170
2025-01-22 06:57:52 [D] ATVP : {'svcId': 'tvs.vds.4105', 'isExternal': True, 'adamId': '1735545893'}
2025-01-22 06:57:52 [D] ATVP : https://play-edge.itunes.apple.com/WebObjects/MZPlayLocal.woa/hls/subscription/playlist.m3u8?cc=US&svcId=tvs.vds.4105&a=1735545893&isExternal=true&brandId=tvs.sbd.4000&id=888808992&l=en-US&aec=UHD
2025-01-22 06:57:52 [D] urllib3.connectionpool : Starting new HTTPS connection (1): play-edge.itunes.apple.com:443
2025-01-22 06:57:54 [D] urllib3.connectionpool : https://play-edge.itunes.apple.com:443 "GET /WebObjects/MZPlayLocal.woa/hls/subscription/playlist.m3u8?cc=US&svcId=tvs.vds.4105&a=1735545893&isExternal=true&brandId=tvs.sbd.4000&id=888808992&l=en-US&aec=UHD HTTP/1.1" 200 30735
2025-01-22 06:57:54 [D] charset_normalizer : Encoding detection: utf_8 is most likely the one.
2025-01-22 06:57:54 [I] ATVP : > Selected Tracks:
2025-01-22 06:57:54 [I] Tracks : 1 Video Track:
2025-01-22 06:57:54 [I] Tracks : ├─ VID | [H.265, DV] | 3840x1920 @ 25154 kb/s, 23.976 FPS
2025-01-22 06:57:54 [I] Tracks : 1 Audio Track:
2025-01-22 06:57:54 [I] Tracks : ├─ AUD | [E-AC3] | [atmos, atmos] | 16/JOC | 768 kb/s | en | [Original]
2025-01-22 06:57:54 [I] Tracks : 1 Text Track:
2025-01-22 06:57:54 [I] Tracks : ├─ SUB | [VTT] | en | [Original]
2025-01-22 06:57:54 [D] urllib3.connectionpool : https://play-edge.itunes.apple.com:443 "GET /WebObjects/MZPlayLocal.woa/hls/subscription/stream/playlist.m3u8?cc=US&g=798&cdn=vod-ak-aoc.tv.apple.com&mainAssetAdamId=1735545893&a=1735385830+1735545893+1739823703+1739823915+1739824232+1739823524+1741867033+1739823804+1739823820&p=850502354+888808992+845812084+845812417+845815432+845811656+854433424+845811614+845811616&st=3817606348+4024327304+3792183069+3792183271+3792203021+3792178730+3838982964+3792177863+3792177939 HTTP/1.1" 200 8579
2025-01-22 06:57:54 [D] charset_normalizer : Encoding detection: ascii is most likely the one.
2025-01-22 06:57:54 [I] ATVP :  + PSSH: vgEAAAEAAQC0ATwAVwBSAE0ASABFAEEARABFAFIAIAB4AG0AbABuAHMAPQAiAGgAdAB0AHAAOgAvAC8AcwBjAGgAZQBtAGEAcwAuAG0AaQBjAHIAbwBzAG8AZgB0AC4AYwBvAG0ALwBEAFIATQAvADIAMAAwADcALwAwADMALwBQAGwAYQB5AFIAZQBhAGQAeQBIAGUAYQBkAGUAcgAiACAAdgBlAHIAcwBpAG8AbgA9ACIANAAuADMALgAwAC4AMAAiAD4APABEAEEAVABBAD4APABQAFIATwBUAEUAQwBUAEkATgBGAE8APgA8AEsASQBEAFMAPgA8AEsASQBEACAAQQBMAEcASQBEAD0AIgBBAEUAUwBDAEIAQwAiACAAVgBBAEwAVQBFAD0AIgBBAEEAQQBBAEEAUABvADAASQBDAFoAagBOAFMAQQBnAEkAQwBBAGcASQBBAD0APQAiAD4APAAvAEsASQBEAD4APAAvAEsASQBEAFMAPgA8AC8AUABSAE8AVABFAEMAVABJAE4ARgBPAD4APAAvAEQAQQBUAEEAPgA8AC8AVwBSAE0ASABFAEEARABFAFIAPgA=
2025-01-22 06:57:54 [I] ATVP :  + KID: 0000000034fa26206335202020202020
2025-01-22 06:57:54 [I] ATVP : Decrypting...
2025-01-22 06:57:54 [I] ATVP : CDM Session ID - 70356b7d7e47e63bdeb04cd8d337cc5a
2025-01-22 06:57:55 [D] urllib3.connectionpool : https://play.itunes.apple.com:443 "POST /WebObjects/MZPlay.woa/wa/fpsRequest?utsk=6e3013c6d6fae3c2%3A%3A%3A%3A%3A%3Ae08f7cfb96228836&caller=web&sf=143441&v=46&pfm=appletv&mfr=Apple&locale=en-US&l=en&brandId=tvs.sbd.4000&count=100&skip=0&svcId=tvs.vds.4105 HTTP/1.1" 200 1170
2025-01-22 06:57:55 [I] ATVP :  + Obtained content keys from the CDM
2025-01-22 06:57:55 [I] ATVP :  + 0000000034fa26206335202020202020:44d661b404b21d844be779d650a1e655
2025-01-22 06:57:55 [I] ATVP : Caching to Local (LOCAL) vault
2025-01-22 06:57:55 [I] ATVP :  + Cached 1/1 keys
2025-01-22 06:57:55 [I] ATVP :  + KEY: 44d661b404b21d844be779d650a1e655 (From CDM)
2025-01-22 06:57:55 [D] urllib3.connectionpool : https://play-edge.itunes.apple.com:443 "GET /WebObjects/MZPlayLocal.woa/hls/subscription/stream/playlist.m3u8?cc=US&g=2768&cdn=vod-ak-aoc.tv.apple.com&mainAssetAdamId=1735545893&a=1735385830+1735545893+1739823703+1739823915+1739824232+1739823524+1741867033+1739823804+1739823820&p=850502354+888808992+845812084+845812417+845815432+845811656+854433424+845811614+845811616&st=3817606234+4024321811+3792183084+3792183648+3792203022+3792178905+3838982960+3792178007+3792178551 HTTP/1.1" 200 3106
2025-01-22 06:57:55 [D] charset_normalizer : Encoding detection: ascii is most likely the one.
2025-01-22 06:57:55 [I] ATVP :  + PSSH: vgEAAAEAAQC0ATwAVwBSAE0ASABFAEEARABFAFIAIAB4AG0AbABuAHMAPQAiAGgAdAB0AHAAOgAvAC8AcwBjAGgAZQBtAGEAcwAuAG0AaQBjAHIAbwBzAG8AZgB0AC4AYwBvAG0ALwBEAFIATQAvADIAMAAwADcALwAwADMALwBQAGwAYQB5AFIAZQBhAGQAeQBIAGUAYQBkAGUAcgAiACAAdgBlAHIAcwBpAG8AbgA9ACIANAAuADMALgAwAC4AMAAiAD4APABEAEEAVABBAD4APABQAFIATwBUAEUAQwBUAEkATgBGAE8APgA8AEsASQBEAFMAPgA8AEsASQBEACAAQQBMAEcASQBEAD0AIgBBAEUAUwBDAEIAQwAiACAAVgBBAEwAVQBFAD0AIgBBAEEAQQBBAEEAUABvADAASQBDAFoAagBOAGkAQQBnAEkAQwBBAGcASQBBAD0APQAiAD4APAAvAEsASQBEAD4APAAvAEsASQBEAFMAPgA8AC8AUABSAE8AVABFAEMAVABJAE4ARgBPAD4APAAvAEQAQQBUAEEAPgA8AC8AVwBSAE0ASABFAEEARABFAFIAPgA=
2025-01-22 06:57:55 [I] ATVP :  + KID: 0000000034fa26206336202020202020
2025-01-22 06:57:55 [I] ATVP : Decrypting...
2025-01-22 06:57:55 [I] ATVP :  + KEY: a508d3b12dca0154931fea3c71279156 (From Local LOCAL Key Vault)
2025-01-22 06:57:55 [I] ATVP : Getting tracks for Dark Matter S01E09 - Entanglement [umc.cmc.4luj45vtqpmjsvb6sc2675oeg]
2025-01-22 06:57:56 [D] urllib3.connectionpool : https://tv.apple.com:443 "GET /api/uts/v2/view/product/umc.cmc.305djozvk7qk94wgnyh1jrdyt/personalized?utsk=6e3013c6d6fae3c2%3A%3A%3A%3A%3A%3Ae08f7cfb96228836&caller=web&sf=143441&v=46&pfm=appletv&mfr=Apple&locale=en-US&l=en&brandId=tvs.sbd.4000&count=100&skip=0&svcId=tvs.vds.4105 HTTP/1.1" 200 2165
2025-01-22 06:57:56 [D] ATVP : {'svcId': 'tvs.vds.4105', 'isExternal': True, 'adamId': '1735893742'}
2025-01-22 06:57:56 [D] ATVP : https://play-edge.itunes.apple.com/WebObjects/MZPlayLocal.woa/hls/subscription/playlist.m3u8?cc=US&svcId=tvs.vds.4105&a=1735893742&isExternal=true&brandId=tvs.sbd.4000&id=888884902&l=en-US&aec=UHD
2025-01-22 06:57:56 [D] urllib3.connectionpool : Starting new HTTPS connection (1): play-edge.itunes.apple.com:443
2025-01-22 06:57:57 [D] urllib3.connectionpool : https://play-edge.itunes.apple.com:443 "GET /WebObjects/MZPlayLocal.woa/hls/subscription/playlist.m3u8?cc=US&svcId=tvs.vds.4105&a=1735893742&isExternal=true&brandId=tvs.sbd.4000&id=888884902&l=en-US&aec=UHD HTTP/1.1" 200 30719
2025-01-22 06:57:57 [D] charset_normalizer : Encoding detection: utf_8 is most likely the one.
2025-01-22 06:57:57 [I] ATVP : > Selected Tracks:
2025-01-22 06:57:57 [I] Tracks : 1 Video Track:
2025-01-22 06:57:57 [I] Tracks : ├─ VID | [H.265, DV] | 3840x1920 @ 25101 kb/s, 23.976 FPS
2025-01-22 06:57:57 [I] Tracks : 1 Audio Track:
2025-01-22 06:57:57 [I] Tracks : ├─ AUD | [E-AC3] | [atmos, atmos] | 16/JOC | 768 kb/s | en | [Original]
2025-01-22 06:57:57 [I] Tracks : 1 Text Track:
2025-01-22 06:57:57 [I] Tracks : ├─ SUB | [VTT] | en | [Original]
2025-01-22 06:57:58 [D] urllib3.connectionpool : https://play-edge.itunes.apple.com:443 "GET /WebObjects/MZPlayLocal.woa/hls/subscription/stream/playlist.m3u8?cc=US&g=798&cdn=vod-ak-aoc.tv.apple.com&mainAssetAdamId=1735893742&a=1736771796+1735893742+1740616210+1740616944+1740617091+1740616420+1740616788+1740617571+1740617842&p=852688288+888884902+847476156+847478212+847478429+847476794+847476434+847479310+847478924&st=3829508651+4024748644+3801102574+3801112431+3801115064+3801104814+3801103596+3801119504+3801118301 HTTP/1.1" 200 10288
2025-01-22 06:57:58 [D] charset_normalizer : Encoding detection: ascii is most likely the one.
2025-01-22 06:57:58 [I] ATVP :  + PSSH: vgEAAAEAAQC0ATwAVwBSAE0ASABFAEEARABFAFIAIAB4AG0AbABuAHMAPQAiAGgAdAB0AHAAOgAvAC8AcwBjAGgAZQBtAGEAcwAuAG0AaQBjAHIAbwBzAG8AZgB0AC4AYwBvAG0ALwBEAFIATQAvADIAMAAwADcALwAwADMALwBQAGwAYQB5AFIAZQBhAGQAeQBIAGUAYQBkAGUAcgAiACAAdgBlAHIAcwBpAG8AbgA9ACIANAAuADMALgAwAC4AMAAiAD4APABEAEEAVABBAD4APABQAFIATwBUAEUAQwBUAEkATgBGAE8APgA8AEsASQBEAFMAPgA8AEsASQBEACAAQQBMAEcASQBEAD0AIgBBAEUAUwBDAEIAQwAiACAAVgBBAEwAVQBFAD0AIgBBAEEAQQBBAEEAUABzADAAcABrADUAagBOAFMAQQBnAEkAQwBBAGcASQBBAD0APQAiAD4APAAvAEsASQBEAD4APAAvAEsASQBEAFMAPgA8AC8AUABSAE8AVABFAEMAVABJAE4ARgBPAD4APAAvAEQAQQBUAEEAPgA8AC8AVwBSAE0ASABFAEEARABFAFIAPgA=
2025-01-22 06:57:58 [I] ATVP :  + KID: 0000000034fb4ea66335202020202020
2025-01-22 06:57:58 [I] ATVP : Decrypting...
2025-01-22 06:57:58 [I] ATVP : CDM Session ID - 209b30527813d48ed05a20a450e1a83d
2025-01-22 06:57:58 [D] urllib3.connectionpool : https://play.itunes.apple.com:443 "POST /WebObjects/MZPlay.woa/wa/fpsRequest?utsk=6e3013c6d6fae3c2%3A%3A%3A%3A%3A%3Ae08f7cfb96228836&caller=web&sf=143441&v=46&pfm=appletv&mfr=Apple&locale=en-US&l=en&brandId=tvs.sbd.4000&count=100&skip=0&svcId=tvs.vds.4105 HTTP/1.1" 200 1170
2025-01-22 06:57:58 [I] ATVP :  + Obtained content keys from the CDM
2025-01-22 06:57:58 [I] ATVP :  + 0000000034fb4ea66335202020202020:136d7106feeb7e2a727f144d7edc06a3
2025-01-22 06:57:58 [I] ATVP : Caching to Local (LOCAL) vault
2025-01-22 06:57:59 [I] ATVP :  + Cached 1/1 keys
2025-01-22 06:57:59 [I] ATVP :  + KEY: 136d7106feeb7e2a727f144d7edc06a3 (From CDM)
2025-01-22 06:57:59 [D] urllib3.connectionpool : https://play-edge.itunes.apple.com:443 "GET /WebObjects/MZPlayLocal.woa/hls/subscription/stream/playlist.m3u8?cc=US&g=2768&cdn=vod-ak-aoc.tv.apple.com&mainAssetAdamId=1735893742&a=1736771796+1735893742+1740616210+1740616944+1740617091+1740616420+1740616788+1740617571+1740617842&p=852688288+888884902+847476156+847478212+847478429+847476794+847476434+847479310+847478924&st=3829508671+4024745105+3801102496+3801112567+3801115075+3801104667+3801102938+3801120059+3801117743 HTTP/1.1" 200 3485
2025-01-22 06:57:59 [D] charset_normalizer : Encoding detection: ascii is most likely the one.
2025-01-22 06:57:59 [I] ATVP :  + PSSH: vgEAAAEAAQC0ATwAVwBSAE0ASABFAEEARABFAFIAIAB4AG0AbABuAHMAPQAiAGgAdAB0AHAAOgAvAC8AcwBjAGgAZQBtAGEAcwAuAG0AaQBjAHIAbwBzAG8AZgB0AC4AYwBvAG0ALwBEAFIATQAvADIAMAAwADcALwAwADMALwBQAGwAYQB5AFIAZQBhAGQAeQBIAGUAYQBkAGUAcgAiACAAdgBlAHIAcwBpAG8AbgA9ACIANAAuADMALgAwAC4AMAAiAD4APABEAEEAVABBAD4APABQAFIATwBUAEUAQwBUAEkATgBGAE8APgA8AEsASQBEAFMAPgA8AEsASQBEACAAQQBMAEcASQBEAD0AIgBBAEUAUwBDAEIAQwAiACAAVgBBAEwAVQBFAD0AIgBBAEEAQQBBAEEAUABzADAAcABrADUAagBOAGkAQQBnAEkAQwBBAGcASQBBAD0APQAiAD4APAAvAEsASQBEAD4APAAvAEsASQBEAFMAPgA8AC8AUABSAE8AVABFAEMAVABJAE4ARgBPAD4APAAvAEQAQQBUAEEAPgA8AC8AVwBSAE0ASABFAEEARABFAFIAPgA=
2025-01-22 06:57:59 [I] ATVP :  + KID: 0000000034fb4ea66336202020202020
2025-01-22 06:57:59 [I] ATVP : Decrypting...
2025-01-22 06:57:59 [I] ATVP :  + KEY: dffb3af5291eee4dc9bdab4fef852383 (From Local LOCAL Key Vault)
2025-01-22 06:57:59 [I] ATVP : Processed all titles!
