2025-01-22 06:59:11 [I] vt : vinetrimmer - Widevine DRM downloader and decrypter
2025-01-22 06:59:11 [I] vt : [Root Config]     : B:\decryption\PlayReady-Amazon-Tool-main\vinetrimmer\vinetrimmer.yml
2025-01-22 06:59:11 [I] vt : [Service Configs] : B:\decryption\PlayReady-Amazon-Tool-main\vinetrimmer\Services
2025-01-22 06:59:11 [I] vt : [Cookies]         : B:\decryption\PlayReady-Amazon-Tool-main\vinetrimmer\Cookies
2025-01-22 06:59:11 [I] vt : [CDM Devices]     : B:\decryption\PlayReady-Amazon-Tool-main\vinetrimmer\devices
2025-01-22 06:59:11 [I] vt : [Cache]           : B:\decryption\PlayReady-Amazon-Tool-main\vinetrimmer\Cache
2025-01-22 06:59:11 [I] vt : [Logs]            : B:\decryption\PlayReady-Amazon-Tool-main\vinetrimmer\Logs
2025-01-22 06:59:11 [I] vt : [Temp Files]      : B:\decryption\PlayReady-Amazon-Tool-main\Temp
2025-01-22 06:59:11 [I] vt : [Downloads]       : B:\decryption\PlayReady-Amazon-Tool-main\Downloads
2025-01-22 06:59:11 [I] dl :  + 1 Local Vault
2025-01-22 06:59:11 [I] dl :  + 0 Remote Vaults
2025-01-22 06:59:11 [I] dl :  + Loaded Device: Hisense SmartTV HU50A6100UW (L3000)
2025-01-22 06:59:11 [I] ATVP :  - Setting Video codec to H265 to get UHD
2025-01-22 06:59:11 [D] urllib3.connectionpool : Starting new HTTPS connection (1): tv.apple.com:443
2025-01-22 06:59:15 [D] urllib3.connectionpool : https://tv.apple.com:443 "GET / HTTP/1.1" 200 None
2025-01-22 06:59:15 [I] ATVP : Retrieving Titles
2025-01-22 06:59:16 [D] urllib3.connectionpool : https://tv.apple.com:443 "GET /api/uts/v3/shows/umc.cmc.1mydlea6wicrm013138speg6m?utsk=6e3013c6d6fae3c2%3A%3A%3A%3A%3A%3Ae08f7cfb96228836&caller=web&sf=143441&v=46&pfm=appletv&mfr=Apple&locale=en-US&l=en&brandId=tvs.sbd.4000&count=100&skip=0&svcId=tvs.vds.4105 HTTP/1.1" 404 113
2025-01-22 06:59:16 [D] urllib3.connectionpool : Starting new HTTPS connection (2): tv.apple.com:443
2025-01-22 06:59:18 [D] urllib3.connectionpool : https://tv.apple.com:443 "GET /api/uts/v3/movies/umc.cmc.1mydlea6wicrm013138speg6m?utsk=6e3013c6d6fae3c2%3A%3A%3A%3A%3A%3Ae08f7cfb96228836&caller=web&sf=143441&v=46&pfm=appletv&mfr=Apple&locale=en-US&l=en&brandId=tvs.sbd.4000&count=100&skip=0&svcId=tvs.vds.4105 HTTP/1.1" 200 4670
2025-01-22 06:59:18 [D] ATVP : {'backgroundVideo': {'assets': {'assetAdamId': '1528084939', 'fpsCertificateUrl': 'https://s.mzstatic.com/skdtool_2021_certbundle.bin', 'fpsKeyServerQueryParameters': {'adamId': '1528084939', 'isExternal': True, 'svcId': 'tvs.vds.4105'}, 'fpsKeyServerUrl': 'https://play-edge.itunes.apple.com/WebObjects/MZPlayLocal.woa/wa/fpsRequest', 'fpsNonceServerUrl': 'https://play.itunes.apple.com/WebObjects/MZPlay.woa/wa/checkInNonceRequest', 'hlsUrl': 'https://play-edge.itunes.apple.com/WebObjects/MZPlayLocal.woa/hls/subscription/playlist.m3u8?cc=US&svcId=tvs.vds.4105&a=1528084939&isExternal=true&brandId=tvs.sbd.4000&id=518085911&l=en-US&aec=UHD', 'programId': '518085911'}, 'duration': 128, 'id': 'umc.cmr.atvp.ex.11ulqem51qxeiujife0j4b6is', 'images': {'contentImage': {'height': 2160, 'isP3': False, 'joeColor': 'b:rgb(34,18,12) p:rgb(238,170,92) s:rgb(228,150,81) t:rgb(197,139,76) q:rgb(189,123,67)', 'supportsLayeredImage': False, 'url': 'https://is1-ssl.mzstatic.com/image/thumb/doIuc_1zl8hle0U5JVD2Lw/{w}x{h}.{f}', 'width': 3840}}, 'mediaMetrics': {'MediaIdentifier': 'a=1528084939:p=518085911:s=tvs.vds.4105:cid=umc.cmc.go7grd7tlplbh7hj3yu1wq9i:rid=umc.cmr.atvp.ex.11ulqem51qxeiujife0j4b6is:e=trailer', 'iTunesServiceMonitoringKey': True}, 'title': 'On The Rocks Trailer'}, 'commonSenseMedia': {'contentInfo': [{'label': 'Positive Messages', 'rating': 3}, {'label': 'Positive Role Models', 'rating': 3}, {'label': 'Violence', 'rating': 0}, {'label': 'Sex', 'rating': 3}, {'label': 'Language', 'rating': 3}, {'label': 'Consumerism', 'rating': 2}, {'label': 'Drinking, Drugs & Smoking', 'rating': 2}], 'oneLiner': "Coppola's relationship dramedy has sex, strong language.", 'recommendedAge': 15}, 'countriesOfOrigin': [{'countryCode': 'US', 'displayName': 'United States'}], 'description': 'Faced with sudden doubts about her marriage, a young New York mother (Rashida Jones) teams up with her larger-than-life playboy father (Bill Murray) to tail her husband (Marlon Wayans) in a bittersweet comedy written and directed by Sofia Coppola.', 'duration': 5760, 'genres': [{'id': 'umc.gnr.mov.comedy', 'name': 'Comedy', 'type': 'Genre', 'url': 'https://tv.apple.com/us/genre/comedy/umc.gnr.mov.comedy'}], 'id': 'umc.cmc.1mydlea6wicrm013138speg6m', 'images': {'contentImage': {'height': 3240, 'isP3': False, 'joeColor': 'b:rgb(24,13,15) p:rgb(216,189,164) s:rgb(203,188,166) t:rgb(178,154,134) q:rgb(167,153,136)', 'supportsLayeredImage': False, 'url': 'https://is1-ssl.mzstatic.com/image/thumb/eTAJ--Ta31cZ7L7ptmMo6A/{w}x{h}ta.{f}', 'width': 4320}, 'contentImageTall': {'height': 3636, 'joeColor': 'b:rgb(13,6,13) p:rgb(202,189,173) s:rgb(201,185,152) t:rgb(164,152,141) q:rgb(163,149,124)', 'supportsLayeredImage': False, 'url': 'https://is1-ssl.mzstatic.com/image/thumb/Go_0bbc2xLdHfSuu2UKWuA/{w}x{h}tc.{f}', 'width': 1680}, 'contentLogo': {'height': 502, 'isP3': False, 'joeColor': 'b:rgb(235,235,235) p:rgb(14,14,14) s:rgb(14,14,14) t:rgb(58,58,58) q:rgb(58,58,58)', 'supportsLayeredImage': False, 'url': 'https://is1-ssl.mzstatic.com/image/thumb/2zXIU7cHsuBz429cT1zp2g/{w}x{h}.{f}', 'width': 7545}, 'posterArt': {'height': 2160, 'isP3': False, 'joeColor': 'b:rgb(33,12,9) p:rgb(236,170,92) s:rgb(226,160,88) t:rgb(195,138,75) q:rgb(187,130,72)', 'supportsLayeredImage': True, 'url': 'https://is1-ssl.mzstatic.com/image/thumb/Epzt9WNlE21aE-FNCoVj2w/{w}x{h}.{f}', 'width': 3840}}, 'isAppleOriginal': True, 'originalSpokenLanguages': [{'displayName': 'English', 'locale': 'en'}], 'rating': {'displayName': 'R', 'name': 'R', 'reason': 'for some language/sexual references', 'system': 'mpaa', 'systemType': 'movies', 'value': 400}, 'releaseDate': 1601596800000, 'rolesSummary': {'cast': ['Bill Murray', 'Rashida Jones', 'Marlon Wayans'], 'directors': ['Sofia Coppola']}, 'seoDescription': 'Watch On The Rocks, an Apple Original comedy movie starring Bill Murray, Rashida Jones, and Marlon Wayans. Directed by Sofia Coppola. Stream on Apple TV+.', 'seoTitle': 'Watch On The Rocks - Movie - Apple TV+', 'title': 'On The Rocks', 'type': 'Movie', 'url': 'https://tv.apple.com/us/movie/on-the-rocks/umc.cmc.1mydlea6wicrm013138speg6m'}
2025-01-22 06:59:18 [I] Titles : Title: On The Rocks
2025-01-22 06:59:18 [I] ATVP : Getting tracks for On The Rocks [umc.cmc.1mydlea6wicrm013138speg6m]
2025-01-22 06:59:19 [D] urllib3.connectionpool : https://tv.apple.com:443 "GET /api/uts/v2/view/product/umc.cmc.1mydlea6wicrm013138speg6m/personalized?utsk=6e3013c6d6fae3c2%3A%3A%3A%3A%3A%3Ae08f7cfb96228836&caller=web&sf=143441&v=46&pfm=appletv&mfr=Apple&locale=en-US&l=en&brandId=tvs.sbd.4000&count=100&skip=0&svcId=tvs.vds.4105 HTTP/1.1" 429 0
2025-01-22 06:59:19 [D] urllib3.util.retry : Incremented Retry for (url='/api/uts/v2/view/product/umc.cmc.1mydlea6wicrm013138speg6m/personalized?utsk=6e3013c6d6fae3c2%3A%3A%3A%3A%3A%3Ae08f7cfb96228836&caller=web&sf=143441&v=46&pfm=appletv&mfr=Apple&locale=en-US&l=en&brandId=tvs.sbd.4000&count=100&skip=0&svcId=tvs.vds.4105'): Retry(total=4, connect=None, read=None, redirect=None, status=None)
2025-01-22 06:59:19 [D] urllib3.connectionpool : Retry: /api/uts/v2/view/product/umc.cmc.1mydlea6wicrm013138speg6m/personalized?utsk=6e3013c6d6fae3c2%3A%3A%3A%3A%3A%3Ae08f7cfb96228836&caller=web&sf=143441&v=46&pfm=appletv&mfr=Apple&locale=en-US&l=en&brandId=tvs.sbd.4000&count=100&skip=0&svcId=tvs.vds.4105
2025-01-22 06:59:19 [D] urllib3.connectionpool : https://tv.apple.com:443 "GET /api/uts/v2/view/product/umc.cmc.1mydlea6wicrm013138speg6m/personalized?utsk=6e3013c6d6fae3c2%3A%3A%3A%3A%3A%3Ae08f7cfb96228836&caller=web&sf=143441&v=46&pfm=appletv&mfr=Apple&locale=en-US&l=en&brandId=tvs.sbd.4000&count=100&skip=0&svcId=tvs.vds.4105 HTTP/1.1" 200 2251
2025-01-22 06:59:19 [D] ATVP : {'svcId': 'tvs.vds.4105', 'isExternal': True, 'adamId': '1524381573'}
2025-01-22 06:59:19 [D] ATVP : https://play-edge.itunes.apple.com/WebObjects/MZPlayLocal.woa/hls/subscription/playlist.m3u8?cc=US&svcId=tvs.vds.4105&a=1524381573&isExternal=true&brandId=tvs.sbd.4000&id=982975025&l=en-US&aec=UHD
2025-01-22 06:59:19 [D] urllib3.connectionpool : Starting new HTTPS connection (1): play-edge.itunes.apple.com:443
2025-01-22 06:59:20 [D] urllib3.connectionpool : https://play-edge.itunes.apple.com:443 "GET /WebObjects/MZPlayLocal.woa/hls/subscription/playlist.m3u8?cc=US&svcId=tvs.vds.4105&a=1524381573&isExternal=true&brandId=tvs.sbd.4000&id=982975025&l=en-US&aec=UHD HTTP/1.1" 200 30119
2025-01-22 06:59:20 [D] charset_normalizer : Encoding detection: utf_8 is most likely the one.
2025-01-22 06:59:21 [I] ATVP : > Selected Tracks:
2025-01-22 06:59:21 [I] Tracks : 1 Video Track:
2025-01-22 06:59:21 [I] Tracks : ├─ VID | [H.265, DV] | 3840x2076 @ 24773 kb/s, 23.976 FPS
2025-01-22 06:59:21 [I] Tracks : 1 Audio Track:
2025-01-22 06:59:21 [I] Tracks : ├─ AUD | [E-AC3] | [atmos, atmos] | 16/JOC | 768 kb/s | en | [Original]
2025-01-22 06:59:21 [I] Tracks : 1 Text Track:
2025-01-22 06:59:21 [I] Tracks : ├─ SUB | [VTT] | en | Forced [Original]
2025-01-22 06:59:21 [D] urllib3.connectionpool : Starting new HTTPS connection (1): play-edge.itunes.apple.com:443
2025-01-22 06:59:22 [D] urllib3.connectionpool : https://play-edge.itunes.apple.com:443 "GET /WebObjects/MZPlayLocal.woa/hls/subscription/stream/playlist.m3u8?cc=US&g=798&cdn=vod-ak-aoc.tv.apple.com&mainAssetAdamId=1524381573&a=1524381573+1532560323+1532560350+1532560406+1532560451+1535748477&p=982975025+514823248+514955754+513968269+514630098+513957823&st=4538188909+2094422524+2095619181+2087283825+2093222098+2087199955 HTTP/1.1" 200 15292
2025-01-22 06:59:22 [D] charset_normalizer : Encoding detection: ascii is most likely the one.
2025-01-22 06:59:22 [I] ATVP :  + PSSH: vgEAAAEAAQC0ATwAVwBSAE0ASABFAEEARABFAFIAIAB4AG0AbABuAHMAPQAiAGgAdAB0AHAAOgAvAC8AcwBjAGgAZQBtAGEAcwAuAG0AaQBjAHIAbwBzAG8AZgB0AC4AYwBvAG0ALwBEAFIATQAvADIAMAAwADcALwAwADMALwBQAGwAYQB5AFIAZQBhAGQAeQBIAGUAYQBkAGUAcgAiACAAdgBlAHIAcwBpAG8AbgA9ACIANAAuADMALgAwAC4AMAAiAD4APABEAEEAVABBAD4APABQAFIATwBUAEUAQwBUAEkATgBGAE8APgA8AEsASQBEAFMAPgA8AEsASQBEACAAQQBMAEcASQBEAD0AIgBBAEUAUwBDAEIAQwAiACAAVgBBAEwAVQBFAD0AIgBBAEEAQQBBAEEASgBjADYATQBRAEoAagBOAFMAQQBnAEkAQwBBAGcASQBBAD0APQAiAD4APAAvAEsASQBEAD4APAAvAEsASQBEAFMAPgA8AC8AUABSAE8AVABFAEMAVABJAE4ARgBPAD4APAAvAEQAQQBUAEEAPgA8AC8AVwBSAE0ASABFAEEARABFAFIAPgA=
2025-01-22 06:59:22 [I] ATVP :  + KID: 000000003a9702316335202020202020
2025-01-22 06:59:22 [I] ATVP : Decrypting...
2025-01-22 06:59:22 [I] ATVP : CDM Session ID - 434483c7f44bdcfc369caf347b5d854d
2025-01-22 06:59:22 [D] urllib3.connectionpool : Starting new HTTPS connection (1): play.itunes.apple.com:443
2025-01-22 06:59:24 [D] urllib3.connectionpool : https://play.itunes.apple.com:443 "POST /WebObjects/MZPlay.woa/wa/fpsRequest?utsk=6e3013c6d6fae3c2%3A%3A%3A%3A%3A%3Ae08f7cfb96228836&caller=web&sf=143441&v=46&pfm=appletv&mfr=Apple&locale=en-US&l=en&brandId=tvs.sbd.4000&count=100&skip=0&svcId=tvs.vds.4105 HTTP/1.1" 200 1165
2025-01-22 06:59:24 [I] ATVP :  + Obtained content keys from the CDM
2025-01-22 06:59:24 [I] ATVP :  + 000000003a9702316335202020202020:7a08a8cf54d243a87730759a69015cf1
2025-01-22 06:59:24 [I] ATVP : Caching to Local (LOCAL) vault
2025-01-22 06:59:24 [I] ATVP :  + Cached 1/1 keys
2025-01-22 06:59:24 [I] ATVP :  + KEY: 7a08a8cf54d243a87730759a69015cf1 (From CDM)
2025-01-22 06:59:25 [D] urllib3.connectionpool : https://play-edge.itunes.apple.com:443 "GET /WebObjects/MZPlayLocal.woa/hls/subscription/stream/playlist.m3u8?cc=US&g=2768&cdn=vod-ak-aoc.tv.apple.com&mainAssetAdamId=1524381573&a=1524381573+1532560323+1532560350+1532560406+1532560451+1535748477&p=982975025+514823248+514955754+513968269+514630098+513957823&st=4538175167+2094422532+2095619445+2087283927+2093222115+2087200159 HTTP/1.1" 200 4463
2025-01-22 06:59:25 [D] charset_normalizer : Encoding detection: ascii is most likely the one.
2025-01-22 06:59:25 [I] ATVP :  + PSSH: vgEAAAEAAQC0ATwAVwBSAE0ASABFAEEARABFAFIAIAB4AG0AbABuAHMAPQAiAGgAdAB0AHAAOgAvAC8AcwBjAGgAZQBtAGEAcwAuAG0AaQBjAHIAbwBzAG8AZgB0AC4AYwBvAG0ALwBEAFIATQAvADIAMAAwADcALwAwADMALwBQAGwAYQB5AFIAZQBhAGQAeQBIAGUAYQBkAGUAcgAiACAAdgBlAHIAcwBpAG8AbgA9ACIANAAuADMALgAwAC4AMAAiAD4APABEAEEAVABBAD4APABQAFIATwBUAEUAQwBUAEkATgBGAE8APgA8AEsASQBEAFMAPgA8AEsASQBEACAAQQBMAEcASQBEAD0AIgBBAEUAUwBDAEIAQwAiACAAVgBBAEwAVQBFAD0AIgBBAEEAQQBBAEEASgBjADYATQBRAEoAagBOAGkAQQBnAEkAQwBBAGcASQBBAD0APQAiAD4APAAvAEsASQBEAD4APAAvAEsASQBEAFMAPgA8AC8AUABSAE8AVABFAEMAVABJAE4ARgBPAD4APAAvAEQAQQBUAEEAPgA8AC8AVwBSAE0ASABFAEEARABFAFIAPgA=
2025-01-22 06:59:25 [I] ATVP :  + KID: 000000003a9702316336202020202020
2025-01-22 06:59:25 [I] ATVP : Decrypting...
2025-01-22 06:59:25 [I] ATVP : CDM Session ID - 970c5f7961124950854ed88fe3038f0f
2025-01-22 06:59:26 [D] urllib3.connectionpool : https://play.itunes.apple.com:443 "POST /WebObjects/MZPlay.woa/wa/fpsRequest?utsk=6e3013c6d6fae3c2%3A%3A%3A%3A%3A%3Ae08f7cfb96228836&caller=web&sf=143441&v=46&pfm=appletv&mfr=Apple&locale=en-US&l=en&brandId=tvs.sbd.4000&count=100&skip=0&svcId=tvs.vds.4105 HTTP/1.1" 200 1134
2025-01-22 06:59:26 [I] ATVP :  + Obtained content keys from the CDM
2025-01-22 06:59:26 [I] ATVP :  + 000000003a9702316336202020202020:d19efa729e0f2049925ac07fd5694d81
2025-01-22 06:59:26 [I] ATVP : Caching to Local (LOCAL) vault
2025-01-22 06:59:26 [I] ATVP :  + Cached 1/1 keys
2025-01-22 06:59:26 [I] ATVP :  + KEY: d19efa729e0f2049925ac07fd5694d81 (From CDM)
2025-01-22 06:59:26 [I] ATVP : Processed all titles!
