2025-01-22 07:07:31 [I] vt : vinetrimmer - Widevine DRM downloader and decrypter
2025-01-22 07:07:31 [I] vt : [Root Config]     : B:\decryption\PlayReady-Amazon-Tool-main\vinetrimmer\vinetrimmer.yml
2025-01-22 07:07:31 [I] vt : [Service Configs] : B:\decryption\PlayReady-Amazon-Tool-main\vinetrimmer\Services
2025-01-22 07:07:31 [I] vt : [Cookies]         : B:\decryption\PlayReady-Amazon-Tool-main\vinetrimmer\Cookies
2025-01-22 07:07:31 [I] vt : [CDM Devices]     : B:\decryption\PlayReady-Amazon-Tool-main\vinetrimmer\devices
2025-01-22 07:07:31 [I] vt : [Cache]           : B:\decryption\PlayReady-Amazon-Tool-main\vinetrimmer\Cache
2025-01-22 07:07:31 [I] vt : [Logs]            : B:\decryption\PlayReady-Amazon-Tool-main\vinetrimmer\Logs
2025-01-22 07:07:31 [I] vt : [Temp Files]      : B:\decryption\PlayReady-Amazon-Tool-main\Temp
2025-01-22 07:07:31 [I] vt : [Downloads]       : B:\decryption\PlayReady-Amazon-Tool-main\Downloads
2025-01-22 07:07:31 [I] dl :  + 1 Local Vault
2025-01-22 07:07:31 [I] dl :  + 0 Remote Vaults
2025-01-22 07:07:31 [I] dl :  + Loaded Device: Hisense SmartTV HU50A6100UW (L3000)
2025-01-22 07:07:31 [I] ATVP :  - Setting Video codec to H265 to get UHD
2025-01-22 07:07:31 [D] urllib3.connectionpool : Starting new HTTPS connection (1): tv.apple.com:443
2025-01-22 07:07:35 [D] urllib3.connectionpool : https://tv.apple.com:443 "GET / HTTP/1.1" 200 None
2025-01-22 07:07:36 [I] ATVP : Retrieving Titles
2025-01-22 07:07:37 [D] urllib3.connectionpool : https://tv.apple.com:443 "GET /api/uts/v3/shows/umc.cmc.apzybj6eqf6pzccd97kev7bs?utsk=6e3013c6d6fae3c2%3A%3A%3A%3A%3A%3Ae08f7cfb96228836&caller=web&sf=143441&v=46&pfm=appletv&mfr=Apple&locale=en-US&l=en&brandId=tvs.sbd.4000&count=100&skip=0&svcId=tvs.vds.4105 HTTP/1.1" 200 6748
2025-01-22 07:07:37 [D] ATVP : {'backgroundVideo': {'assets': {'assetAdamId': '1768783349', 'fpsCertificateUrl': 'https://s.mzstatic.com/skdtool_2021_certbundle.bin', 'fpsKeyServerQueryParameters': {'adamId': '1768783349', 'isExternal': True, 'svcId': 'tvs.vds.4105'}, 'fpsKeyServerUrl': 'https://play-edge.itunes.apple.com/WebObjects/MZPlayLocal.woa/wa/fpsRequest', 'fpsNonceServerUrl': 'https://play.itunes.apple.com/WebObjects/MZPlay.woa/wa/checkInNonceRequest', 'hlsUrl': 'https://play-edge.itunes.apple.com/WebObjects/MZPlayLocal.woa/hls/subscription/playlist.m3u8?cc=US&svcId=tvs.vds.4105&a=1768783349&isExternal=true&brandId=tvs.sbd.4000&id=915453702&l=en-US&aec=UHD', 'programId': '915453702'}, 'duration': 149, 'id': 'umc.cmr.atvp.ex.38djt1w58rlwfdrtfyaxpiq9o', 'images': {'contentImage': {'height': 2160, 'isP3': False, 'joeColor': 'b:rgb(19,32,45) p:rgb(222,206,185) s:rgb(214,184,140) t:rgb(181,171,157) q:rgb(175,154,121)', 'supportsLayeredImage': False, 'url': 'https://is1-ssl.mzstatic.com/image/thumb/d-tmDrZQ9zwfRb20PtafIQ/{w}x{h}.{f}', 'width': 3840}}, 'mediaMetrics': {'MediaIdentifier': 'a=1768783349:p=915453702:s=tvs.vds.4105:cid=umc.cmc.6qx88mzddu9etpsd3afyl4c7u:rid=umc.cmr.atvp.ex.38djt1w58rlwfdrtfyaxpiq9o:e=trailer', 'iTunesServiceMonitoringKey': True}, 'title': 'Boundaries: Season 2'}, 'commonSenseMedia': {'contentInfo': [{'label': 'Positive Messages', 'rating': 4}, {'label': 'Positive Role Models', 'rating': 3}, {'label': 'Violence', 'rating': 2}, {'label': 'Sex', 'rating': 2}, {'label': 'Language', 'rating': 4}, {'label': 'Consumerism', 'rating': 0}, {'label': 'Drinking, Drugs & Smoking', 'rating': 3}], 'oneLiner': 'Tender comedy series about a therapist is easy to love.', 'recommendedAge': 15}, 'countriesOfOrigin': [{'countryCode': 'US', 'displayName': 'United States'}], 'description': 'Jimmy is struggling to grieve the loss of his wife while being a dad, friend, and therapist. He decides to try a new approach with everyone in his path: unfiltered, brutal honesty. Will it make things better—or unleash uproarious chaos?', 'genres': [{'id': 'umc.gnr.tv.comedy', 'name': 'Comedy', 'type': 'Genre', 'url': 'https://tv.apple.com/us/genre/comedy/umc.gnr.tv.comedy'}], 'id': 'umc.cmc.apzybj6eqf6pzccd97kev7bs', 'images': {'contentImage': {'height': 3240, 'isP3': False, 'joeColor': 'b:rgb(22,38,4) p:rgb(176,213,222) s:rgb(165,198,211) t:rgb(146,178,178) q:rgb(136,166,170)', 'supportsLayeredImage': False, 'url': 'https://is1-ssl.mzstatic.com/image/thumb/qEO2ivDk7pTF8wJQlJ-QDw/{w}x{h}ta.{f}', 'width': 4320}, 'contentImageTall': {'height': 3636, 'joeColor': 'b:rgb(44,65,11) p:rgb(225,239,222) s:rgb(195,230,227) t:rgb(189,204,180) q:rgb(165,197,184)', 'supportsLayeredImage': False, 'url': 'https://is1-ssl.mzstatic.com/image/thumb/TEzdangbbeRRj9mKlkjY0Q/{w}x{h}tc.{f}', 'width': 1680}, 'contentLogo': {'height': 389, 'isP3': False, 'joeColor': 'b:rgb(255,255,255) p:rgb(12,12,12) s:rgb(25,25,25) t:rgb(61,61,61) q:rgb(71,71,71)', 'supportsLayeredImage': False, 'url': 'https://is1-ssl.mzstatic.com/image/thumb/VIkQHGuU76dR0bRgSsXXNQ/{w}x{h}.{f}', 'width': 2969}, 'posterArt': {'height': 2160, 'isP3': False, 'joeColor': 'b:rgb(216,226,207) p:rgb(25,37,32) s:rgb(34,41,36) t:rgb(63,75,67) q:rgb(70,78,70)', 'supportsLayeredImage': False, 'url': 'https://is1-ssl.mzstatic.com/image/thumb/C34jADlGtR5wObjPAMbW4w/{w}x{h}.{f}', 'width': 3840}}, 'isAppleOriginal': True, 'originalSpokenLanguages': [{'displayName': 'English', 'locale': 'en'}], 'rating': {'displayName': 'TV-MA', 'name': 'TV_MA', 'system': 'us_tv', 'systemType': 'tv', 'value': 600}, 'releaseDate': 1674777600000, 'rolesSummary': {'cast': ['Jason Segel', 'Jessica Williams', 'Harrison Ford']}, 'title': 'Shrinking', 'type': 'Show', 'url': 'https://tv.apple.com/us/show/shrinking/umc.cmc.apzybj6eqf6pzccd97kev7bs'}
2025-01-22 07:07:37 [D] urllib3.connectionpool : https://tv.apple.com:443 "GET /api/uts/v2/view/show/umc.cmc.apzybj6eqf6pzccd97kev7bs/episodes?utsk=6e3013c6d6fae3c2%3A%3A%3A%3A%3A%3Ae08f7cfb96228836&caller=web&sf=143441&v=46&pfm=appletv&mfr=Apple&locale=en-US&l=en&brandId=tvs.sbd.4000&count=100&skip=0&svcId=tvs.vds.4105 HTTP/1.1" 429 0
2025-01-22 07:07:37 [D] urllib3.util.retry : Incremented Retry for (url='/api/uts/v2/view/show/umc.cmc.apzybj6eqf6pzccd97kev7bs/episodes?utsk=6e3013c6d6fae3c2%3A%3A%3A%3A%3A%3Ae08f7cfb96228836&caller=web&sf=143441&v=46&pfm=appletv&mfr=Apple&locale=en-US&l=en&brandId=tvs.sbd.4000&count=100&skip=0&svcId=tvs.vds.4105'): Retry(total=4, connect=None, read=None, redirect=None, status=None)
2025-01-22 07:07:37 [D] urllib3.connectionpool : Retry: /api/uts/v2/view/show/umc.cmc.apzybj6eqf6pzccd97kev7bs/episodes?utsk=6e3013c6d6fae3c2%3A%3A%3A%3A%3A%3Ae08f7cfb96228836&caller=web&sf=143441&v=46&pfm=appletv&mfr=Apple&locale=en-US&l=en&brandId=tvs.sbd.4000&count=100&skip=0&svcId=tvs.vds.4105
2025-01-22 07:07:38 [D] urllib3.connectionpool : https://tv.apple.com:443 "GET /api/uts/v2/view/show/umc.cmc.apzybj6eqf6pzccd97kev7bs/episodes?utsk=6e3013c6d6fae3c2%3A%3A%3A%3A%3A%3Ae08f7cfb96228836&caller=web&sf=143441&v=46&pfm=appletv&mfr=Apple&locale=en-US&l=en&brandId=tvs.sbd.4000&count=100&skip=0&svcId=tvs.vds.4105 HTTP/1.1" 429 0
2025-01-22 07:07:38 [D] urllib3.util.retry : Incremented Retry for (url='/api/uts/v2/view/show/umc.cmc.apzybj6eqf6pzccd97kev7bs/episodes?utsk=6e3013c6d6fae3c2%3A%3A%3A%3A%3A%3Ae08f7cfb96228836&caller=web&sf=143441&v=46&pfm=appletv&mfr=Apple&locale=en-US&l=en&brandId=tvs.sbd.4000&count=100&skip=0&svcId=tvs.vds.4105'): Retry(total=3, connect=None, read=None, redirect=None, status=None)
2025-01-22 07:07:40 [D] urllib3.connectionpool : Retry: /api/uts/v2/view/show/umc.cmc.apzybj6eqf6pzccd97kev7bs/episodes?utsk=6e3013c6d6fae3c2%3A%3A%3A%3A%3A%3Ae08f7cfb96228836&caller=web&sf=143441&v=46&pfm=appletv&mfr=Apple&locale=en-US&l=en&brandId=tvs.sbd.4000&count=100&skip=0&svcId=tvs.vds.4105
2025-01-22 07:07:40 [D] urllib3.connectionpool : https://tv.apple.com:443 "GET /api/uts/v2/view/show/umc.cmc.apzybj6eqf6pzccd97kev7bs/episodes?utsk=6e3013c6d6fae3c2%3A%3A%3A%3A%3A%3Ae08f7cfb96228836&caller=web&sf=143441&v=46&pfm=appletv&mfr=Apple&locale=en-US&l=en&brandId=tvs.sbd.4000&count=100&skip=0&svcId=tvs.vds.4105 HTTP/1.1" 429 0
2025-01-22 07:07:40 [D] urllib3.util.retry : Incremented Retry for (url='/api/uts/v2/view/show/umc.cmc.apzybj6eqf6pzccd97kev7bs/episodes?utsk=6e3013c6d6fae3c2%3A%3A%3A%3A%3A%3Ae08f7cfb96228836&caller=web&sf=143441&v=46&pfm=appletv&mfr=Apple&locale=en-US&l=en&brandId=tvs.sbd.4000&count=100&skip=0&svcId=tvs.vds.4105'): Retry(total=2, connect=None, read=None, redirect=None, status=None)
2025-01-22 07:07:44 [D] urllib3.connectionpool : Retry: /api/uts/v2/view/show/umc.cmc.apzybj6eqf6pzccd97kev7bs/episodes?utsk=6e3013c6d6fae3c2%3A%3A%3A%3A%3A%3Ae08f7cfb96228836&caller=web&sf=143441&v=46&pfm=appletv&mfr=Apple&locale=en-US&l=en&brandId=tvs.sbd.4000&count=100&skip=0&svcId=tvs.vds.4105
2025-01-22 07:07:45 [D] urllib3.connectionpool : https://tv.apple.com:443 "GET /api/uts/v2/view/show/umc.cmc.apzybj6eqf6pzccd97kev7bs/episodes?utsk=6e3013c6d6fae3c2%3A%3A%3A%3A%3A%3Ae08f7cfb96228836&caller=web&sf=143441&v=46&pfm=appletv&mfr=Apple&locale=en-US&l=en&brandId=tvs.sbd.4000&count=100&skip=0&svcId=tvs.vds.4105 HTTP/1.1" 429 0
2025-01-22 07:07:45 [D] urllib3.util.retry : Incremented Retry for (url='/api/uts/v2/view/show/umc.cmc.apzybj6eqf6pzccd97kev7bs/episodes?utsk=6e3013c6d6fae3c2%3A%3A%3A%3A%3A%3Ae08f7cfb96228836&caller=web&sf=143441&v=46&pfm=appletv&mfr=Apple&locale=en-US&l=en&brandId=tvs.sbd.4000&count=100&skip=0&svcId=tvs.vds.4105'): Retry(total=1, connect=None, read=None, redirect=None, status=None)
2025-01-22 07:07:53 [D] urllib3.connectionpool : Retry: /api/uts/v2/view/show/umc.cmc.apzybj6eqf6pzccd97kev7bs/episodes?utsk=6e3013c6d6fae3c2%3A%3A%3A%3A%3A%3Ae08f7cfb96228836&caller=web&sf=143441&v=46&pfm=appletv&mfr=Apple&locale=en-US&l=en&brandId=tvs.sbd.4000&count=100&skip=0&svcId=tvs.vds.4105
2025-01-22 07:07:53 [D] urllib3.connectionpool : https://tv.apple.com:443 "GET /api/uts/v2/view/show/umc.cmc.apzybj6eqf6pzccd97kev7bs/episodes?utsk=6e3013c6d6fae3c2%3A%3A%3A%3A%3A%3Ae08f7cfb96228836&caller=web&sf=143441&v=46&pfm=appletv&mfr=Apple&locale=en-US&l=en&brandId=tvs.sbd.4000&count=100&skip=0&svcId=tvs.vds.4105 HTTP/1.1" 429 0
2025-01-22 07:07:53 [D] urllib3.util.retry : Incremented Retry for (url='/api/uts/v2/view/show/umc.cmc.apzybj6eqf6pzccd97kev7bs/episodes?utsk=6e3013c6d6fae3c2%3A%3A%3A%3A%3A%3Ae08f7cfb96228836&caller=web&sf=143441&v=46&pfm=appletv&mfr=Apple&locale=en-US&l=en&brandId=tvs.sbd.4000&count=100&skip=0&svcId=tvs.vds.4105'): Retry(total=0, connect=None, read=None, redirect=None, status=None)
2025-01-22 07:08:09 [D] urllib3.connectionpool : Retry: /api/uts/v2/view/show/umc.cmc.apzybj6eqf6pzccd97kev7bs/episodes?utsk=6e3013c6d6fae3c2%3A%3A%3A%3A%3A%3Ae08f7cfb96228836&caller=web&sf=143441&v=46&pfm=appletv&mfr=Apple&locale=en-US&l=en&brandId=tvs.sbd.4000&count=100&skip=0&svcId=tvs.vds.4105
2025-01-22 07:08:10 [D] urllib3.connectionpool : https://tv.apple.com:443 "GET /api/uts/v2/view/show/umc.cmc.apzybj6eqf6pzccd97kev7bs/episodes?utsk=6e3013c6d6fae3c2%3A%3A%3A%3A%3A%3Ae08f7cfb96228836&caller=web&sf=143441&v=46&pfm=appletv&mfr=Apple&locale=en-US&l=en&brandId=tvs.sbd.4000&count=100&skip=0&svcId=tvs.vds.4105 HTTP/1.1" 200 5430
2025-01-22 07:08:10 [I] Titles : Title: Shrinking
2025-01-22 07:08:10 [I] Titles : Total Episodes: 22
2025-01-22 07:08:10 [I] Titles : By Season: 1 (10), 2 (12)
2025-01-22 07:08:10 [I] ATVP : Getting tracks for Shrinking S01E01 - Coin Flip [umc.cmc.apzybj6eqf6pzccd97kev7bs]
2025-01-22 07:08:11 [D] urllib3.connectionpool : https://tv.apple.com:443 "GET /api/uts/v2/view/product/umc.cmc.2nmknji13kpwmbmt4ydxh95in/personalized?utsk=6e3013c6d6fae3c2%3A%3A%3A%3A%3A%3Ae08f7cfb96228836&caller=web&sf=143441&v=46&pfm=appletv&mfr=Apple&locale=en-US&l=en&brandId=tvs.sbd.4000&count=100&skip=0&svcId=tvs.vds.4105 HTTP/1.1" 200 2280
2025-01-22 07:08:11 [D] ATVP : {'svcId': 'tvs.vds.4105', 'isExternal': True, 'adamId': '1663649169'}
2025-01-22 07:08:11 [D] ATVP : https://play-edge.itunes.apple.com/WebObjects/MZPlayLocal.woa/hls/subscription/playlist.m3u8?cc=US&svcId=tvs.vds.4105&a=1663649169&isExternal=true&brandId=tvs.sbd.4000&id=637435045&l=en-US&aec=UHD
2025-01-22 07:08:11 [D] urllib3.connectionpool : Starting new HTTPS connection (1): play-edge.itunes.apple.com:443
2025-01-22 07:08:12 [D] urllib3.connectionpool : https://play-edge.itunes.apple.com:443 "GET /WebObjects/MZPlayLocal.woa/hls/subscription/playlist.m3u8?cc=US&svcId=tvs.vds.4105&a=1663649169&isExternal=true&brandId=tvs.sbd.4000&id=637435045&l=en-US&aec=UHD HTTP/1.1" 200 29440
2025-01-22 07:08:12 [D] charset_normalizer : Encoding detection: utf_8 is most likely the one.
2025-01-22 07:08:13 [I] ATVP : > Selected Tracks:
2025-01-22 07:08:13 [I] Tracks : 1 Video Track:
2025-01-22 07:08:13 [I] Tracks : ├─ VID | [H.265, DV] | 3840x1920 @ 25496 kb/s, 23.976 FPS
2025-01-22 07:08:13 [I] Tracks : 1 Audio Track:
2025-01-22 07:08:13 [I] Tracks : ├─ AUD | [E-AC3] | [atmos, atmos] | 16/JOC | 768 kb/s | en | [Original]
2025-01-22 07:08:13 [I] Tracks : 1 Text Track:
2025-01-22 07:08:13 [I] Tracks : ├─ SUB | [VTT] | en | [Original]
2025-01-22 07:08:13 [D] urllib3.connectionpool : Starting new HTTPS connection (1): play-edge.itunes.apple.com:443
2025-01-22 07:08:14 [D] urllib3.connectionpool : https://play-edge.itunes.apple.com:443 "GET /WebObjects/MZPlayLocal.woa/hls/subscription/stream/playlist.m3u8?cc=US&g=798&cdn=vod-ak-aoc.tv.apple.com&mainAssetAdamId=1663649169&a=1663649169+1664302897+1664303225+1664303365+1664302968+1664647613+1664303425&p=637435045+536487824+533877077+533877422+533876214+534314094+533877975&st=2641559697+2190939253+2179470600+2179470997+2179463381+2181395994+2179474027 HTTP/1.1" 200 4343
2025-01-22 07:08:14 [D] charset_normalizer : Encoding detection: ascii is most likely the one.
2025-01-22 07:08:14 [I] ATVP :  + PSSH: vgEAAAEAAQC0ATwAVwBSAE0ASABFAEEARABFAFIAIAB4AG0AbABuAHMAPQAiAGgAdAB0AHAAOgAvAC8AcwBjAGgAZQBtAGEAcwAuAG0AaQBjAHIAbwBzAG8AZgB0AC4AYwBvAG0ALwBEAFIATQAvADIAMAAwADcALwAwADMALwBQAGwAYQB5AFIAZQBhAGQAeQBIAGUAYQBkAGUAcgAiACAAdgBlAHIAcwBpAG8AbgA9ACIANAAuADMALgAwAC4AMAAiAD4APABEAEEAVABBAD4APABQAFIATwBUAEUAQwBUAEkATgBGAE8APgA8AEsASQBEAFMAPgA8AEsASQBEACAAQQBMAEcASQBEAD0AIgBBAEUAUwBDAEIAQwAiACAAVgBBAEwAVQBFAD0AIgBBAEEAQQBBAEEAUAA0AGwAcABYAHgAagBOAFMAQQBnAEkAQwBBAGcASQBBAD0APQAiAD4APAAvAEsASQBEAD4APAAvAEsASQBEAFMAPgA8AC8AUABSAE8AVABFAEMAVABJAE4ARgBPAD4APAAvAEQAQQBUAEEAPgA8AC8AVwBSAE0ASABFAEEARABFAFIAPgA=
2025-01-22 07:08:14 [I] ATVP :  + KID: 0000000025fe7ca56335202020202020
2025-01-22 07:08:14 [I] ATVP : Decrypting...
2025-01-22 07:08:14 [I] ATVP :  + KEY: 64cf2ca6c6d210ccdf63af13220cf6a0 (From Local LOCAL Key Vault)
2025-01-22 07:08:15 [D] urllib3.connectionpool : https://play-edge.itunes.apple.com:443 "GET /WebObjects/MZPlayLocal.woa/hls/subscription/stream/playlist.m3u8?cc=US&g=2768&cdn=vod-ak-aoc.tv.apple.com&mainAssetAdamId=1663649169&a=1663649169+1664302897+1664303225+1664303365+1664302968+1664647613+1664303425&p=637435045+536487824+533877077+533877422+533876214+534314094+533877975&st=2641559185+2190939509+2179470715+2179471393+2179463688+2181396124+2179474197 HTTP/1.1" 200 2092
2025-01-22 07:08:15 [D] charset_normalizer : Encoding detection: ascii is most likely the one.
2025-01-22 07:08:15 [I] ATVP :  + PSSH: vgEAAAEAAQC0ATwAVwBSAE0ASABFAEEARABFAFIAIAB4AG0AbABuAHMAPQAiAGgAdAB0AHAAOgAvAC8AcwBjAGgAZQBtAGEAcwAuAG0AaQBjAHIAbwBzAG8AZgB0AC4AYwBvAG0ALwBEAFIATQAvADIAMAAwADcALwAwADMALwBQAGwAYQB5AFIAZQBhAGQAeQBIAGUAYQBkAGUAcgAiACAAdgBlAHIAcwBpAG8AbgA9ACIANAAuADMALgAwAC4AMAAiAD4APABEAEEAVABBAD4APABQAFIATwBUAEUAQwBUAEkATgBGAE8APgA8AEsASQBEAFMAPgA8AEsASQBEACAAQQBMAEcASQBEAD0AIgBBAEUAUwBDAEIAQwAiACAAVgBBAEwAVQBFAD0AIgBBAEEAQQBBAEEAUAA0AGwAcABYAHgAagBOAGkAQQBnAEkAQwBBAGcASQBBAD0APQAiAD4APAAvAEsASQBEAD4APAAvAEsASQBEAFMAPgA8AC8AUABSAE8AVABFAEMAVABJAE4ARgBPAD4APAAvAEQAQQBUAEEAPgA8AC8AVwBSAE0ASABFAEEARABFAFIAPgA=
2025-01-22 07:08:15 [I] ATVP :  + KID: 0000000025fe7ca56336202020202020
2025-01-22 07:08:15 [I] ATVP : Decrypting...
2025-01-22 07:08:15 [I] ATVP :  + KEY: 39f15b369f0ad1bfb5000b5ff17a8632 (From Local LOCAL Key Vault)
2025-01-22 07:08:15 [I] ATVP : Getting tracks for Shrinking S01E02 - Fortress of Solitude [umc.cmc.apzybj6eqf6pzccd97kev7bs]
2025-01-22 07:08:15 [D] urllib3.connectionpool : https://tv.apple.com:443 "GET /api/uts/v2/view/product/umc.cmc.50x9c10t6psfh2d223rima8jw/personalized?utsk=6e3013c6d6fae3c2%3A%3A%3A%3A%3A%3Ae08f7cfb96228836&caller=web&sf=143441&v=46&pfm=appletv&mfr=Apple&locale=en-US&l=en&brandId=tvs.sbd.4000&count=100&skip=0&svcId=tvs.vds.4105 HTTP/1.1" 429 0
2025-01-22 07:08:15 [D] urllib3.util.retry : Incremented Retry for (url='/api/uts/v2/view/product/umc.cmc.50x9c10t6psfh2d223rima8jw/personalized?utsk=6e3013c6d6fae3c2%3A%3A%3A%3A%3A%3Ae08f7cfb96228836&caller=web&sf=143441&v=46&pfm=appletv&mfr=Apple&locale=en-US&l=en&brandId=tvs.sbd.4000&count=100&skip=0&svcId=tvs.vds.4105'): Retry(total=4, connect=None, read=None, redirect=None, status=None)
2025-01-22 07:08:15 [D] urllib3.connectionpool : Retry: /api/uts/v2/view/product/umc.cmc.50x9c10t6psfh2d223rima8jw/personalized?utsk=6e3013c6d6fae3c2%3A%3A%3A%3A%3A%3Ae08f7cfb96228836&caller=web&sf=143441&v=46&pfm=appletv&mfr=Apple&locale=en-US&l=en&brandId=tvs.sbd.4000&count=100&skip=0&svcId=tvs.vds.4105
2025-01-22 07:08:16 [D] urllib3.connectionpool : https://tv.apple.com:443 "GET /api/uts/v2/view/product/umc.cmc.50x9c10t6psfh2d223rima8jw/personalized?utsk=6e3013c6d6fae3c2%3A%3A%3A%3A%3A%3Ae08f7cfb96228836&caller=web&sf=143441&v=46&pfm=appletv&mfr=Apple&locale=en-US&l=en&brandId=tvs.sbd.4000&count=100&skip=0&svcId=tvs.vds.4105 HTTP/1.1" 429 0
2025-01-22 07:08:16 [D] urllib3.util.retry : Incremented Retry for (url='/api/uts/v2/view/product/umc.cmc.50x9c10t6psfh2d223rima8jw/personalized?utsk=6e3013c6d6fae3c2%3A%3A%3A%3A%3A%3Ae08f7cfb96228836&caller=web&sf=143441&v=46&pfm=appletv&mfr=Apple&locale=en-US&l=en&brandId=tvs.sbd.4000&count=100&skip=0&svcId=tvs.vds.4105'): Retry(total=3, connect=None, read=None, redirect=None, status=None)
2025-01-22 07:08:18 [D] urllib3.connectionpool : Retry: /api/uts/v2/view/product/umc.cmc.50x9c10t6psfh2d223rima8jw/personalized?utsk=6e3013c6d6fae3c2%3A%3A%3A%3A%3A%3Ae08f7cfb96228836&caller=web&sf=143441&v=46&pfm=appletv&mfr=Apple&locale=en-US&l=en&brandId=tvs.sbd.4000&count=100&skip=0&svcId=tvs.vds.4105
2025-01-22 07:08:18 [D] urllib3.connectionpool : https://tv.apple.com:443 "GET /api/uts/v2/view/product/umc.cmc.50x9c10t6psfh2d223rima8jw/personalized?utsk=6e3013c6d6fae3c2%3A%3A%3A%3A%3A%3Ae08f7cfb96228836&caller=web&sf=143441&v=46&pfm=appletv&mfr=Apple&locale=en-US&l=en&brandId=tvs.sbd.4000&count=100&skip=0&svcId=tvs.vds.4105 HTTP/1.1" 429 0
2025-01-22 07:08:18 [D] urllib3.util.retry : Incremented Retry for (url='/api/uts/v2/view/product/umc.cmc.50x9c10t6psfh2d223rima8jw/personalized?utsk=6e3013c6d6fae3c2%3A%3A%3A%3A%3A%3Ae08f7cfb96228836&caller=web&sf=143441&v=46&pfm=appletv&mfr=Apple&locale=en-US&l=en&brandId=tvs.sbd.4000&count=100&skip=0&svcId=tvs.vds.4105'): Retry(total=2, connect=None, read=None, redirect=None, status=None)
2025-01-22 07:08:22 [D] urllib3.connectionpool : Retry: /api/uts/v2/view/product/umc.cmc.50x9c10t6psfh2d223rima8jw/personalized?utsk=6e3013c6d6fae3c2%3A%3A%3A%3A%3A%3Ae08f7cfb96228836&caller=web&sf=143441&v=46&pfm=appletv&mfr=Apple&locale=en-US&l=en&brandId=tvs.sbd.4000&count=100&skip=0&svcId=tvs.vds.4105
2025-01-22 07:08:23 [D] urllib3.connectionpool : https://tv.apple.com:443 "GET /api/uts/v2/view/product/umc.cmc.50x9c10t6psfh2d223rima8jw/personalized?utsk=6e3013c6d6fae3c2%3A%3A%3A%3A%3A%3Ae08f7cfb96228836&caller=web&sf=143441&v=46&pfm=appletv&mfr=Apple&locale=en-US&l=en&brandId=tvs.sbd.4000&count=100&skip=0&svcId=tvs.vds.4105 HTTP/1.1" 429 0
2025-01-22 07:08:23 [D] urllib3.util.retry : Incremented Retry for (url='/api/uts/v2/view/product/umc.cmc.50x9c10t6psfh2d223rima8jw/personalized?utsk=6e3013c6d6fae3c2%3A%3A%3A%3A%3A%3Ae08f7cfb96228836&caller=web&sf=143441&v=46&pfm=appletv&mfr=Apple&locale=en-US&l=en&brandId=tvs.sbd.4000&count=100&skip=0&svcId=tvs.vds.4105'): Retry(total=1, connect=None, read=None, redirect=None, status=None)
2025-01-22 07:08:31 [D] urllib3.connectionpool : Retry: /api/uts/v2/view/product/umc.cmc.50x9c10t6psfh2d223rima8jw/personalized?utsk=6e3013c6d6fae3c2%3A%3A%3A%3A%3A%3Ae08f7cfb96228836&caller=web&sf=143441&v=46&pfm=appletv&mfr=Apple&locale=en-US&l=en&brandId=tvs.sbd.4000&count=100&skip=0&svcId=tvs.vds.4105
2025-01-22 07:08:31 [D] urllib3.connectionpool : https://tv.apple.com:443 "GET /api/uts/v2/view/product/umc.cmc.50x9c10t6psfh2d223rima8jw/personalized?utsk=6e3013c6d6fae3c2%3A%3A%3A%3A%3A%3Ae08f7cfb96228836&caller=web&sf=143441&v=46&pfm=appletv&mfr=Apple&locale=en-US&l=en&brandId=tvs.sbd.4000&count=100&skip=0&svcId=tvs.vds.4105 HTTP/1.1" 429 0
2025-01-22 07:08:31 [D] urllib3.util.retry : Incremented Retry for (url='/api/uts/v2/view/product/umc.cmc.50x9c10t6psfh2d223rima8jw/personalized?utsk=6e3013c6d6fae3c2%3A%3A%3A%3A%3A%3Ae08f7cfb96228836&caller=web&sf=143441&v=46&pfm=appletv&mfr=Apple&locale=en-US&l=en&brandId=tvs.sbd.4000&count=100&skip=0&svcId=tvs.vds.4105'): Retry(total=0, connect=None, read=None, redirect=None, status=None)
2025-01-22 07:08:47 [D] urllib3.connectionpool : Retry: /api/uts/v2/view/product/umc.cmc.50x9c10t6psfh2d223rima8jw/personalized?utsk=6e3013c6d6fae3c2%3A%3A%3A%3A%3A%3Ae08f7cfb96228836&caller=web&sf=143441&v=46&pfm=appletv&mfr=Apple&locale=en-US&l=en&brandId=tvs.sbd.4000&count=100&skip=0&svcId=tvs.vds.4105
2025-01-22 07:08:48 [D] urllib3.connectionpool : https://tv.apple.com:443 "GET /api/uts/v2/view/product/umc.cmc.50x9c10t6psfh2d223rima8jw/personalized?utsk=6e3013c6d6fae3c2%3A%3A%3A%3A%3A%3Ae08f7cfb96228836&caller=web&sf=143441&v=46&pfm=appletv&mfr=Apple&locale=en-US&l=en&brandId=tvs.sbd.4000&count=100&skip=0&svcId=tvs.vds.4105 HTTP/1.1" 429 0
