2025-01-21 23:12:19 [I] vt : vinetrimmer - Widevine DRM downloader and decrypter
2025-01-21 23:12:19 [I] vt : [Root Config]     : B:\decryption\PlayReady-Amazon-Tool-main\vinetrimmer\vinetrimmer.yml
2025-01-21 23:12:19 [I] vt : [Service Configs] : B:\decryption\PlayReady-Amazon-Tool-main\vinetrimmer\Services
2025-01-21 23:12:19 [I] vt : [Cookies]         : B:\decryption\PlayReady-Amazon-Tool-main\vinetrimmer\Cookies
2025-01-21 23:12:19 [I] vt : [CDM Devices]     : B:\decryption\PlayReady-Amazon-Tool-main\vinetrimmer\devices
2025-01-21 23:12:19 [I] vt : [Cache]           : B:\decryption\PlayReady-Amazon-Tool-main\vinetrimmer\Cache
2025-01-21 23:12:19 [I] vt : [Logs]            : B:\decryption\PlayReady-Amazon-Tool-main\vinetrimmer\Logs
2025-01-21 23:12:19 [I] vt : [Temp Files]      : B:\decryption\PlayReady-Amazon-Tool-main\Temp
2025-01-21 23:12:19 [I] vt : [Downloads]       : B:\decryption\PlayReady-Amazon-Tool-main\Downloads
2025-01-21 23:12:19 [I] dl :  + 1 Local Vault
2025-01-21 23:12:19 [I] dl :  + 0 Remote Vaults
2025-01-21 23:12:19 [I] dl :  + Loaded Device: Hisense SmartTV HU50A6100UW (L3000)
2025-01-21 23:12:19 [D] urllib3.connectionpool : Starting new HTTPS connection (1): tv.apple.com:443
2025-01-21 23:12:23 [D] urllib3.connectionpool : https://tv.apple.com:443 "GET / HTTP/1.1" 200 None
2025-01-21 23:12:24 [I] ATVP : Retrieving Titles
2025-01-21 23:12:24 [D] urllib3.connectionpool : https://tv.apple.com:443 "GET /api/uts/v3/shows/umc.cmc.3r3om9j6edlrnznl5pfassikv?utsk=6e3013c6d6fae3c2%3A%3A%3A%3A%3A%3Ae08f7cfb96228836&caller=web&sf=143441&v=46&pfm=appletv&mfr=Apple&locale=en-US&l=en&brandId=tvs.sbd.4000&count=100&skip=0&svcId=tvs.vds.4105 HTTP/1.1" 200 3331
2025-01-21 23:12:24 [D] ATVP : {'description': 'Led by the comically incompetent Michael Scott, employees plod along at paper supply company Dunder Mifflin, where foibles, feuds and office romances unfold through the lens of a documentary crew; featuring extended episodes with new bonus scenes.', 'genres': [{'id': 'umc.gnr.tv.comedy', 'name': 'Comedy', 'type': 'Genre', 'url': 'https://tv.apple.com/us/genre/comedy/umc.gnr.tv.comedy'}], 'id': 'umc.cmc.3r3om9j6edlrnznl5pfassikv', 'images': {'contentImage': {'height': 3240, 'isP3': False, 'joeColor': 'b:rgb(8,86,142) p:rgb(157,211,247) s:rgb(96,203,248) t:rgb(127,186,226) q:rgb(78,179,227)', 'supportsLayeredImage': False, 'url': 'https://is1-ssl.mzstatic.com/image/thumb/s8waTo_TCsl5iVQHHggYmA/{w}x{h}ta.{f}', 'width': 4320}, 'contentImageTall': {'height': 3636, 'joeColor': 'b:rgb(26,52,115) p:rgb(157,191,249) s:rgb(114,169,249) t:rgb(131,163,222) q:rgb(97,145,222)', 'supportsLayeredImage': False, 'url': 'https://is1-ssl.mzstatic.com/image/thumb/0zSFcC1efVQ4whXtAm5dGA/{w}x{h}tc.{f}', 'width': 1680}, 'contentLogo': {'height': 1191, 'isP3': False, 'joeColor': 'b:rgb(240,135,14) p:rgb(20,20,20) s:rgb(20,20,20) t:rgb(64,43,19) q:rgb(64,43,19)', 'supportsLayeredImage': False, 'url': 'https://is1-ssl.mzstatic.com/image/thumb/CmSF5i0FFBiccyvG6yolog/{w}x{h}.{f}', 'width': 4157}, 'posterArt': {'height': 2160, 'isP3': False, 'joeColor': 'b:rgb(231,234,235) p:rgb(49,35,30) s:rgb(61,43,31) t:rgb(85,75,71) q:rgb(95,81,72)', 'supportsLayeredImage': False, 'url': 'https://is1-ssl.mzstatic.com/image/thumb/WF3jb8w8ZkFABPYVY6FO2g/{w}x{h}.{f}', 'width': 3840}}, 'network': 'PEACOCK', 'rating': {'displayName': 'TV-14', 'name': 'TV_14', 'system': 'us_tv', 'systemType': 'tv', 'value': 500}, 'releaseDate': 1608163200000, 'rolesSummary': {'cast': ['Steve Carell', 'Rainn Wilson', 'John Krasinski']}, 'title': 'The Office: Superfan Episodes', 'type': 'Show', 'url': 'https://tv.apple.com/us/show/the-office-superfan-episodes/umc.cmc.3r3om9j6edlrnznl5pfassikv'}
2025-01-21 23:12:25 [D] urllib3.connectionpool : https://tv.apple.com:443 "GET /api/uts/v2/view/show/umc.cmc.3r3om9j6edlrnznl5pfassikv/episodes?utsk=6e3013c6d6fae3c2%3A%3A%3A%3A%3A%3Ae08f7cfb96228836&caller=web&sf=143441&v=46&pfm=appletv&mfr=Apple&locale=en-US&l=en&brandId=tvs.sbd.4000&count=100&skip=0&svcId=tvs.vds.4105 HTTP/1.1" 200 20437
2025-01-21 23:12:25 [I] Titles : Title: The Office: Superfan Episodes
2025-01-21 23:12:25 [I] Titles : Total Episodes: 100
2025-01-21 23:12:25 [I] Titles : By Season: 1 (6), 2 (22), 3 (23), 4 (19), 5 (27), 6 (3)
2025-01-21 23:12:25 [I] ATVP : Getting tracks for The Office: Superfan Episodes S01E01 - Pilot [umc.cmc.3r3om9j6edlrnznl5pfassikv]
2025-01-21 23:12:26 [D] urllib3.connectionpool : https://tv.apple.com:443 "GET /api/uts/v2/view/product/umc.cmc.6bqkb1if9bx712brfo9361nrl/personalized?utsk=6e3013c6d6fae3c2%3A%3A%3A%3A%3A%3Ae08f7cfb96228836&caller=web&sf=143441&v=46&pfm=appletv&mfr=Apple&locale=en-US&l=en&brandId=tvs.sbd.4000&count=100&skip=0&svcId=tvs.vds.4105 HTTP/1.1" 200 1264
2025-01-21 23:12:26 [D] ATVP : {'id': 'tvs.sbd.1000371:ef5c19aa-ea04-393b-884e-a3e87e6e8c64', 'title': 'Pilot (Extended Cut)', 'images': {'coverArt': {'width': 1280, 'height': 720, 'url': 'https://is1-ssl.mzstatic.com/image/thumb/DDxicUDpzpJtrDgvPmGn-Q/{w}x{h}.{f}', 'joeColor': 'b:rgb(20,20,34) p:rgb(237,232,235) s:rgb(220,215,199) t:rgb(193,190,195) q:rgb(180,176,166)'}, 'coverArt16X9': {'width': 1280, 'height': 720, 'url': 'https://is1-ssl.mzstatic.com/image/thumb/DDxicUDpzpJtrDgvPmGn-Q/{w}x{h}.{f}', 'joeColor': 'b:rgb(20,20,34) p:rgb(237,232,235) s:rgb(220,215,199) t:rgb(193,190,195) q:rgb(180,176,166)'}}, 'type': 'Vod', 'channelId': 'tvs.sbd.1000371', 'isEntitled': False, 'isEntitledToPlayOnDevice': False, 'isEntitledToPlay': False, 'isConsented': False, 'contentId': 'umc.cmr.pck.ep.5xqm9cmjc35r3hk0i49fo9i6y', 'canonicalId': 'umc.cmc.6bqkb1if9bx712brfo9361nrl', 'contentType': 'Episode', 'externalId': 'ef5c19aa-ea04-393b-884e-a3e87e6e8c64', 'isItunes': False, 'punchoutUrls': {'open': 'https://www.peacocktv.com/deeplink?deeplinkData=%7B%22pvid%22%3A%22ef5c19aa-ea04-393b-884e-a3e87e6e8c64%22%2C%22type%22%3A%22EPISODE%22%2C%22action%22%3A%22PDP%22%7D', 'play': 'https://www.peacocktv.com/deeplink?deeplinkData=%7B%22pvid%22%3A%22ef5c19aa-ea04-393b-884e-a3e87e6e8c64%22%2C%22type%22%3A%22EPISODE%22%2C%22action%22%3A%22PLAY%22%7D'}, 'duration': 2294, 'ratingValue': 500, 'ratingSystemType': 'tv', 'rating': {'name': 'TV_14', 'value': 500, 'system': 'us_tv', 'systemType': 'tv', 'displayName': 'TV-14'}, 'primaryLocale': {'locale': 'en_US', 'displayName': 'English (United States)'}, 'closedCaptionedLocales': [{'locale': 'en_US', 'displayName': 'English (United States)'}], 'adLocales': [{'locale': '*', 'displayName': '*'}], 'audioTrackFormats': ['AAC'], 'videoQuality': 'HD', 'entitlementReason': 'Unknown', 'isGeoRestricted': False, 'isMarkAsWatchedEnabled': True}
2025-01-21 23:12:26 [C] ATVP :  - User is not entitled to play this title
